24/5/2018 14:37:46 Se conecto con ip:127.0.0.1 SE: -1501514468
24/5/2018 14:37:59 CAMBIO CLAVE: e@e.com
24/5/2018 14:38:14 CAMBIO CLAVE: eze.rc177@gmail.com
24/5/2018 14:39:07 Se conecto con ip:127.0.0.1 SE: -1501514468
24/5/2018 14:39:46 Resucito a Badoxa
24/5/2018 14:40:04 /mod bado exp 500000000
24/5/2018 14:40:04 /mod bado exp 500000000
24/5/2018 14:40:05 /mod bado exp 500000000
24/5/2018 14:40:05 /mod bado exp 500000000
24/5/2018 14:40:06 /mod bado exp 500000000
24/5/2018 14:40:06 /mod bado exp 500000000
24/5/2018 14:40:06 /mod bado exp 500000000
24/5/2018 14:40:07 /mod bado exp 500000000
24/5/2018 14:40:07 /mod bado exp 500000000
24/5/2018 14:40:08 /mod bado exp 500000000
24/5/2018 14:40:08 /mod bado exp 500000000
24/5/2018 14:40:08 /mod bado exp 500000000
24/5/2018 14:40:38 /mod bado exp 500000000
24/5/2018 14:40:38 /mod bado exp 500000000
24/5/2018 14:40:38 /mod bado exp 500000000
24/5/2018 14:40:39 /mod bado exp 500000000
24/5/2018 14:40:39 /mod bado exp 500000000
24/5/2018 14:40:39 /mod bado exp 500000000
24/5/2018 14:40:40 /mod bado exp 500000000
24/5/2018 14:40:40 /mod bado exp 500000000
24/5/2018 14:40:40 /mod bado exp 500000000
24/5/2018 14:40:41 /mod bado exp 500000000
24/5/2018 14:40:41 /mod bado exp 500000000
24/5/2018 14:40:41 /mod bado exp 500000000
24/5/2018 14:40:42 /mod bado exp 500000000
24/5/2018 14:40:42 /mod bado exp 500000000
24/5/2018 14:40:42 /mod bado exp 500000000
24/5/2018 14:40:43 /mod bado exp 500000000
24/5/2018 14:40:43 /mod bado exp 500000000
24/5/2018 14:40:43 /mod bado exp 500000000
24/5/2018 14:40:43 /mod bado exp 500000000
24/5/2018 14:40:44 /mod bado exp 500000000
24/5/2018 14:40:44 /mod bado exp 500000000
24/5/2018 14:40:44 /mod bado exp 500000000
24/5/2018 14:40:45 /mod bado exp 500000000
24/5/2018 14:40:46 /mod bado exp 500000000
24/5/2018 14:40:46 /mod bado exp 500000000
24/5/2018 14:40:46 /mod bado exp 500000000
24/5/2018 14:40:47 /mod bado exp 500000000
24/5/2018 14:40:47 /mod bado exp 500000000
24/5/2018 14:40:47 /mod bado exp 500000000
24/5/2018 14:40:48 /mod bado exp 500000000
24/5/2018 14:40:48 /mod bado exp 500000000
24/5/2018 14:40:48 /mod bado exp 500000000
24/5/2018 14:40:49 /mod bado exp 500000000
24/5/2018 14:40:49 /mod bado exp 500000000
24/5/2018 14:40:49 /mod bado exp 500000000
24/5/2018 14:40:50 /mod bado exp 500000000
24/5/2018 14:40:50 /mod bado exp 500000000
24/5/2018 14:40:50 /mod bado exp 500000000
24/5/2018 14:40:51 /mod bado exp 500000000
24/5/2018 14:40:51 /mod bado exp 500000000
24/5/2018 14:40:52 /mod bado exp 500000000
24/5/2018 14:40:52 /mod bado exp 500000000
24/5/2018 14:41:02 /TELEPLOC a x:34 Y:38 Map:34
24/5/2018 14:41:02 Agarro:1 Objeto:Amuleto Ankh
24/5/2018 14:41:06 Se conecto con ip:127.0.0.1 SE: -1501514468
24/5/2018 14:41:44 Se conecto con ip:127.0.0.1 SE: -1501514468
24/5/2018 14:41:45 /TELEPLOC a x:41 Y:42 Map:34
24/5/2018 14:41:45 /TELEPLOC a x:47 Y:46 Map:34
24/5/2018 14:41:45 /TELEPLOC a x:51 Y:51 Map:34
24/5/2018 14:41:45 /TELEPLOC a x:52 Y:56 Map:34
24/5/2018 14:41:46 /TELEPLOC a x:48 Y:54 Map:34
