15/5/2018 15:19:55 Reaparece MonsterDraG: Bursol
15/5/2018 15:19:55 Reaparece MonsterDraG: Mirgan
15/5/2018 15:19:55 Reaparece MonsterDraG: Colossus
15/5/2018 16:27:16 Reaparece MonsterDraG: Faren
15/5/2018 16:27:16 Reaparece MonsterDraG: Colossus
15/5/2018 16:27:16 Reaparece MonsterDraG: Lostel
16/5/2018 08:38:44 Reaparece MonsterDraG: Mirgan
16/5/2018 08:38:44 Reaparece MonsterDraG: Tirgan
16/5/2018 08:38:44 Reaparece MonsterDraG: Lostel
16/5/2018 12:06:51 Reaparece MonsterDraG: Mirgan
16/5/2018 12:06:51 Reaparece MonsterDraG: Tirgan
16/5/2018 12:06:51 Reaparece MonsterDraG: Colossus
16/5/2018 12:06:51 Reaparece MonsterDraG: Lostel
16/5/2018 16:31:11 Reaparece MonsterDraG: Bursol
17/5/2018 18:39:01 Reaparece MonsterDraG: Faren
18/5/2018 12:18:58 Reaparece MonsterDraG: Tirgan
24/5/2018 14:39:55 Reaparece MonsterDraG: Bursol
24/5/2018 14:39:55 Reaparece MonsterDraG: Colossus
24/5/2018 20:42:19 Reaparece MonsterDraG: Faren
24/5/2018 20:42:19 Reaparece MonsterDraG: Mirgan
25/5/2018 05:45:57 Reaparece MonsterDraG: Lostel
26/5/2018 10:48:54 Reaparece MonsterDraG: Tirgan
26/5/2018 11:29:20 Reaparece MonsterDraG: Faren
26/5/2018 11:29:20 Reaparece MonsterDraG: Tirgan
26/5/2018 12:44:35 Reaparece MonsterDraG: Lostel
26/5/2018 12:59:08 Reaparece MonsterDraG: Mirgan
26/5/2018 12:59:08 Reaparece MonsterDraG: Colossus
26/5/2018 16:00:18 Reaparece MonsterDraG: Faren
26/5/2018 16:50:45 Reaparece MonsterDraG: Tirgan
26/5/2018 17:00:49 Reaparece MonsterDraG: Colossus
26/5/2018 17:19:12 Reaparece MonsterDraG: Bursol
26/5/2018 17:46:43 Reaparece MonsterDraG: Faren
26/5/2018 17:46:43 Reaparece MonsterDraG: Lostel
27/5/2018 15:13:56 Reaparece MonsterDraG: Mirgan
27/5/2018 15:13:56 Reaparece MonsterDraG: Tirgan
27/5/2018 15:13:56 Reaparece MonsterDraG: Lostel
27/5/2018 15:41:28 Reaparece MonsterDraG: Faren
27/5/2018 16:08:24 Reaparece MonsterDraG: Mirgan
27/5/2018 17:20:39 Reaparece MonsterDraG: Faren
27/5/2018 18:34:55 Reaparece MonsterDraG: Colossus
27/5/2018 20:30:43 Usuario tira oro: Terre IP: 127.0.0.1 Nom:  MAPA: 197
27/5/2018 20:39:36 Reaparece MonsterDraG: Faren
27/5/2018 20:39:36 Reaparece MonsterDraG: Tirgan
28/5/2018 08:06:37 Reaparece MonsterDraG: Bursol
28/5/2018 18:16:09 Reaparece MonsterDraG: Mirgan
28/5/2018 18:16:09 Reaparece MonsterDraG: Colossus
28/5/2018 18:41:05 Reaparece MonsterDraG: Colossus
28/5/2018 19:16:59 Reaparece MonsterDraG: Bursol
29/5/2018 20:58:41 Reaparece MonsterDraG: Tirgan
29/5/2018 20:58:41 Reaparece MonsterDraG: Colossus
29/5/2018 21:46:05 Usuario tira oro: Terre IP: 127.0.0.1 Nom:  MAPA: 34
29/5/2018 22:41:10 Reaparece MonsterDraG: Bursol
29/5/2018 22:41:10 Reaparece MonsterDraG: Colossus
30/5/2018 08:47:10 Reaparece MonsterDraG: Faren
30/5/2018 11:39:30 Usuario tira oro: cAOSC IP: 127.0.0.1 Nom:  MAPA: 71
30/5/2018 11:54:16 Reaparece MonsterDraG: Bursol
30/5/2018 11:54:16 Reaparece MonsterDraG: Faren
30/5/2018 11:54:16 Reaparece MonsterDraG: Mirgan
30/5/2018 11:54:16 Reaparece MonsterDraG: Tirgan
30/5/2018 14:38:13 Usuario tira oro: Asta IP: 127.0.0.1 Nom:  MAPA: 71
30/5/2018 14:38:13 Usuario tira oro: Asta IP: 127.0.0.1 Nom:  MAPA: 71
30/5/2018 14:38:13 Usuario tira oro: Asta IP: 127.0.0.1 Nom:  MAPA: 71
30/5/2018 14:38:13 Usuario tira oro: Asta IP: 127.0.0.1 Nom:  MAPA: 71
30/5/2018 14:38:13 Usuario tira oro: Asta IP: 127.0.0.1 Nom:  MAPA: 71
30/5/2018 14:38:13 Usuario tira oro: Asta IP: 127.0.0.1 Nom:  MAPA: 71
30/5/2018 14:38:13 Usuario tira oro: Asta IP: 127.0.0.1 Nom:  MAPA: 71
30/5/2018 14:38:13 Usuario tira oro: Asta IP: 127.0.0.1 Nom:  MAPA: 71
30/5/2018 14:38:13 Usuario tira oro: Asta IP: 127.0.0.1 Nom:  MAPA: 71
30/5/2018 14:38:13 Usuario tira oro: Asta IP: 127.0.0.1 Nom:  MAPA: 71
30/5/2018 14:39:17 Usuario tira oro: cAOSC IP: 127.0.0.1 Nom:  MAPA: 34
30/5/2018 14:39:17 Usuario tira oro: cAOSC IP: 127.0.0.1 Nom:  MAPA: 34
30/5/2018 14:39:17 Usuario tira oro: cAOSC IP: 127.0.0.1 Nom:  MAPA: 34
30/5/2018 14:39:17 Usuario tira oro: cAOSC IP: 127.0.0.1 Nom:  MAPA: 34
30/5/2018 14:39:17 Usuario tira oro: cAOSC IP: 127.0.0.1 Nom:  MAPA: 34
30/5/2018 14:39:17 Usuario tira oro: cAOSC IP: 127.0.0.1 Nom:  MAPA: 34
30/5/2018 14:39:17 Usuario tira oro: cAOSC IP: 127.0.0.1 Nom:  MAPA: 34
30/5/2018 14:49:58 Reaparece MonsterDraG: Bursol
30/5/2018 14:49:58 Reaparece MonsterDraG: Faren
30/5/2018 15:41:29 Usuario tira oro: cAOSC IP: 127.0.0.1 Nom:  MAPA: 34
30/5/2018 15:41:29 Usuario tira oro: cAOSC IP: 127.0.0.1 Nom:  MAPA: 34
30/5/2018 15:41:29 Usuario tira oro: cAOSC IP: 127.0.0.1 Nom:  MAPA: 34
30/5/2018 15:41:29 Usuario tira oro: cAOSC IP: 127.0.0.1 Nom:  MAPA: 34
30/5/2018 15:41:29 Usuario tira oro: cAOSC IP: 127.0.0.1 Nom:  MAPA: 34
30/5/2018 15:41:29 Usuario tira oro: cAOSC IP: 127.0.0.1 Nom:  MAPA: 34
30/5/2018 15:42:27 Reaparece MonsterDraG: Colossus
30/5/2018 16:06:54 Usuario tira oro: cAOSC IP: 127.0.0.1 Nom:  MAPA: 34
30/5/2018 16:06:54 Usuario tira oro: cAOSC IP: 127.0.0.1 Nom:  MAPA: 34
30/5/2018 16:06:54 Usuario tira oro: cAOSC IP: 127.0.0.1 Nom:  MAPA: 34
30/5/2018 16:06:54 Usuario tira oro: cAOSC IP: 127.0.0.1 Nom:  MAPA: 34
30/5/2018 16:06:54 Usuario tira oro: cAOSC IP: 127.0.0.1 Nom:  MAPA: 34
30/5/2018 16:06:54 Usuario tira oro: cAOSC IP: 127.0.0.1 Nom:  MAPA: 34
30/5/2018 16:16:59 Reaparece MonsterDraG: Colossus
30/5/2018 17:54:26 Reaparece MonsterDraG: Bursol
30/5/2018 17:54:26 Reaparece MonsterDraG: Lostel
31/5/2018 00:08:28 Reaparece MonsterDraG: Bursol
31/5/2018 00:08:28 Reaparece MonsterDraG: Tirgan
31/5/2018 00:08:28 Reaparece MonsterDraG: Colossus
31/5/2018 08:00:08 Reaparece MonsterDraG: Mirgan
3/6/2018 04:56:51 Reaparece MonsterDraG: Faren
3/6/2018 17:01:38 Reaparece MonsterDraG: Colossus
3/6/2018 19:02:47 Reaparece MonsterDraG: Tirgan
4/6/2018 23:05:47 Reaparece MonsterDraG: Faren
4/6/2018 23:05:47 Reaparece MonsterDraG: Tirgan
5/6/2018 08:11:38 Reaparece MonsterDraG: Mirgan
5/6/2018 08:11:38 Reaparece MonsterDraG: Tirgan
5/6/2018 08:35:37 Reaparece MonsterDraG: Tirgan
5/6/2018 11:36:42 Reaparece MonsterDraG: Bursol
5/6/2018 13:14:11 Reaparece MonsterDraG: Lostel
5/6/2018 14:29:54 Reaparece MonsterDraG: Faren
21/6/2018 08:27:55 Reaparece MonsterDraG: Faren
21/6/2018 08:27:55 Reaparece MonsterDraG: Mirgan
23/6/2018 07:44:27 Reaparece MonsterDraG: Lostel
23/6/2018 16:47:59 Reaparece MonsterDraG: Bursol
24/6/2018 22:45:34 Reaparece MonsterDraG: Mirgan
24/6/2018 22:57:32 Reaparece MonsterDraG: Colossus
25/6/2018 16:21:07 Reaparece MonsterDraG: Lostel
25/6/2018 19:22:19 Reaparece MonsterDraG: Bursol
25/6/2018 19:22:19 Reaparece MonsterDraG: Mirgan
25/6/2018 22:23:36 Reaparece MonsterDraG: Faren
30/6/2018 20:33:28 Reaparece MonsterDraG: Lostel
30/6/2018 23:34:46 Reaparece MonsterDraG: Mirgan
1/7/2018 02:35:51 Reaparece MonsterDraG: Faren
4/7/2018 13:02:23 Reaparece MonsterDraG: Bursol
4/7/2018 13:15:56 Reaparece MonsterDraG: Faren
4/7/2018 13:15:56 Reaparece MonsterDraG: Mirgan
4/7/2018 16:17:09 Reaparece MonsterDraG: Bursol
4/7/2018 16:17:09 Reaparece MonsterDraG: Lostel
7/7/2018 08:33:54 Reaparece MonsterDraG: Bursol
7/7/2018 08:33:54 Reaparece MonsterDraG: Faren
7/7/2018 11:35:08 Reaparece MonsterDraG: Tirgan
7/7/2018 11:35:08 Reaparece MonsterDraG: Lostel
7/7/2018 14:36:21 Reaparece MonsterDraG: Mirgan
7/7/2018 19:42:45 Reaparece MonsterDraG: Mirgan
8/7/2018 18:49:53 Reaparece MonsterDraG: Tirgan
8/7/2018 21:50:59 Reaparece MonsterDraG: Colossus
9/7/2018 00:52:09 Reaparece MonsterDraG: Bursol
9/7/2018 00:52:09 Reaparece MonsterDraG: Faren
9/7/2018 00:52:09 Reaparece MonsterDraG: Mirgan
9/7/2018 03:53:15 Reaparece MonsterDraG: Lostel
11/7/2018 12:01:03 Reaparece MonsterDraG: Lostel
11/7/2018 13:18:06 Reaparece MonsterDraG: Mirgan
11/7/2018 18:52:21 Reaparece MonsterDraG: Colossus
12/7/2018 08:52:54 Reaparece MonsterDraG: Faren
12/7/2018 08:52:54 Reaparece MonsterDraG: Lostel
16/7/2018 08:42:46 Reaparece MonsterDraG: Bursol
16/7/2018 08:56:17 Reaparece MonsterDraG: Faren
16/7/2018 13:29:42 Reaparece MonsterDraG: Bursol
16/7/2018 17:07:14 Reaparece MonsterDraG: Bursol
16/7/2018 17:07:14 Reaparece MonsterDraG: Lostel
16/7/2018 21:38:01 Reaparece MonsterDraG: Bursol
16/7/2018 21:38:01 Reaparece MonsterDraG: Faren
16/7/2018 21:49:51 Reaparece MonsterDraG: Tirgan
16/7/2018 22:06:15 Reaparece MonsterDraG: Lostel
17/7/2018 09:10:54 Reaparece MonsterDraG: Bursol
17/7/2018 09:10:54 Reaparece MonsterDraG: Lostel
17/7/2018 22:15:31 Reaparece MonsterDraG: Mirgan
17/7/2018 22:15:32 Reaparece MonsterDraG: Colossus
17/7/2018 22:57:37 Usuario tira oro: InviX IP: 127.0.0.1 Nom:  MAPA: 34
17/7/2018 22:57:37 Usuario tira oro: InviX IP: 127.0.0.1 Nom:  MAPA: 34
17/7/2018 22:57:37 Usuario tira oro: InviX IP: 127.0.0.1 Nom:  MAPA: 34
17/7/2018 22:57:37 Usuario tira oro: InviX IP: 127.0.0.1 Nom:  MAPA: 34
17/7/2018 22:57:37 Usuario tira oro: InviX IP: 127.0.0.1 Nom:  MAPA: 34
17/7/2018 22:57:37 Usuario tira oro: InviX IP: 127.0.0.1 Nom:  MAPA: 34
17/7/2018 22:57:37 Usuario tira oro: InviX IP: 127.0.0.1 Nom:  MAPA: 34
17/7/2018 22:57:37 Usuario tira oro: InviX IP: 127.0.0.1 Nom:  MAPA: 34
17/7/2018 22:57:37 Usuario tira oro: InviX IP: 127.0.0.1 Nom:  MAPA: 34
17/7/2018 23:03:31 Reaparece MonsterDraG: Faren
17/7/2018 23:03:31 Reaparece MonsterDraG: Colossus
17/7/2018 23:36:25 Usuario tira oro: cAOSC IP: 127.0.0.1 Nom:  MAPA: 34
17/7/2018 23:38:53 Reaparece MonsterDraG: Colossus
17/7/2018 23:38:53 Reaparece MonsterDraG: Lostel
17/7/2018 23:40:27 Usuario tira oro: cAOSC IP: 127.0.0.1 Nom:  MAPA: 34
17/7/2018 23:47:22 Usuario tira oro: cAOSC IP: 127.0.0.1 Nom:  MAPA: 34
17/7/2018 23:47:22 Usuario tira oro: cAOSC IP: 127.0.0.1 Nom:  MAPA: 34
17/7/2018 23:47:22 Usuario tira oro: cAOSC IP: 127.0.0.1 Nom:  MAPA: 34
17/7/2018 23:47:22 Usuario tira oro: cAOSC IP: 127.0.0.1 Nom:  MAPA: 34
17/7/2018 23:47:22 Usuario tira oro: cAOSC IP: 127.0.0.1 Nom:  MAPA: 34
17/7/2018 23:47:22 Usuario tira oro: cAOSC IP: 127.0.0.1 Nom:  MAPA: 34
17/7/2018 23:47:22 Usuario tira oro: cAOSC IP: 127.0.0.1 Nom:  MAPA: 34
17/7/2018 23:47:22 Usuario tira oro: cAOSC IP: 127.0.0.1 Nom:  MAPA: 34
17/7/2018 23:47:22 Usuario tira oro: cAOSC IP: 127.0.0.1 Nom:  MAPA: 34
17/7/2018 23:47:22 Usuario tira oro: cAOSC IP: 127.0.0.1 Nom:  MAPA: 34
17/7/2018 23:47:46 Usuario tira oro: InviX IP: 127.0.0.1 Nom:  MAPA: 34
17/7/2018 23:52:55 Usuario tira oro: InviX IP: 127.0.0.1 Nom:  MAPA: 34
17/7/2018 23:52:55 Usuario tira oro: InviX IP: 127.0.0.1 Nom:  MAPA: 34
17/7/2018 23:52:55 Usuario tira oro: InviX IP: 127.0.0.1 Nom:  MAPA: 34
17/7/2018 23:52:55 Usuario tira oro: InviX IP: 127.0.0.1 Nom:  MAPA: 34
17/7/2018 23:52:55 Usuario tira oro: InviX IP: 127.0.0.1 Nom:  MAPA: 34
17/7/2018 23:52:55 Usuario tira oro: InviX IP: 127.0.0.1 Nom:  MAPA: 34
17/7/2018 23:52:55 Usuario tira oro: InviX IP: 127.0.0.1 Nom:  MAPA: 34
17/7/2018 23:52:55 Usuario tira oro: InviX IP: 127.0.0.1 Nom:  MAPA: 34
18/7/2018 13:51:16 Reaparece MonsterDraG: Bursol
18/7/2018 14:38:13 Usuario tira oro: InviX IP: 127.0.0.1 Nom:  MAPA: 34
18/7/2018 14:38:13 Usuario tira oro: InviX IP: 127.0.0.1 Nom:  MAPA: 34
18/7/2018 14:38:13 Usuario tira oro: InviX IP: 127.0.0.1 Nom:  MAPA: 34
18/7/2018 14:38:13 Usuario tira oro: InviX IP: 127.0.0.1 Nom:  MAPA: 34
18/7/2018 14:38:13 Usuario tira oro: InviX IP: 127.0.0.1 Nom:  MAPA: 34
18/7/2018 14:38:13 Usuario tira oro: InviX IP: 127.0.0.1 Nom:  MAPA: 34
18/7/2018 14:38:13 Usuario tira oro: InviX IP: 127.0.0.1 Nom:  MAPA: 34
18/7/2018 14:38:13 Usuario tira oro: InviX IP: 127.0.0.1 Nom:  MAPA: 34
18/7/2018 14:38:13 Usuario tira oro: InviX IP: 127.0.0.1 Nom:  MAPA: 34
18/7/2018 15:18:43 Reaparece MonsterDraG: Bursol
18/7/2018 17:09:07 Reaparece MonsterDraG: Faren
18/7/2018 17:09:07 Reaparece MonsterDraG: Mirgan
18/7/2018 17:09:07 Reaparece MonsterDraG: Tirgan
18/7/2018 17:35:32 Reaparece MonsterDraG: Faren
18/7/2018 18:45:15 Reaparece MonsterDraG: Faren
18/7/2018 18:45:15 Reaparece MonsterDraG: Mirgan
18/7/2018 19:34:29 Reaparece MonsterDraG: Lostel
18/7/2018 22:14:35 Reaparece MonsterDraG: Tirgan
18/7/2018 23:42:27 Reaparece MonsterDraG: Faren
18/7/2018 23:42:27 Reaparece MonsterDraG: Mirgan
19/7/2018 23:14:57 Reaparece MonsterDraG: Bursol
19/7/2018 23:14:57 Reaparece MonsterDraG: Tirgan
19/7/2018 23:14:57 Reaparece MonsterDraG: Lostel
19/7/2018 23:41:46 Reaparece MonsterDraG: Bursol
19/7/2018 23:41:46 Reaparece MonsterDraG: Faren
19/7/2018 23:41:46 Reaparece MonsterDraG: Mirgan
20/7/2018 00:02:16 Reaparece MonsterDraG: Bursol
20/7/2018 17:47:40 Reaparece MonsterDraG: Faren
20/7/2018 20:48:01 Reaparece MonsterDraG: Bursol
20/7/2018 23:48:22 Reaparece MonsterDraG: Colossus
21/7/2018 08:49:25 Reaparece MonsterDraG: Lostel
21/7/2018 15:54:43 Reaparece MonsterDraG: Lostel
22/7/2018 20:54:32 Reaparece MonsterDraG: Mirgan
22/7/2018 20:54:32 Reaparece MonsterDraG: Tirgan
22/7/2018 23:55:52 Reaparece MonsterDraG: Faren
22/7/2018 23:55:52 Reaparece MonsterDraG: Lostel
23/7/2018 08:59:33 Reaparece MonsterDraG: Bursol
23/7/2018 12:00:50 Reaparece MonsterDraG: Colossus
2/8/2018 12:27:46 Reaparece MonsterDraG: Faren
2/8/2018 12:27:46 Reaparece MonsterDraG: Lostel
3/8/2018 17:44:46 Reaparece MonsterDraG: Tirgan
3/8/2018 17:44:46 Reaparece MonsterDraG: Lostel
3/8/2018 21:05:16 Reaparece MonsterDraG: Colossus
3/8/2018 21:20:45 Reaparece MonsterDraG: Colossus
3/8/2018 21:31:54 Reaparece MonsterDraG: Bursol
3/8/2018 21:31:54 Reaparece MonsterDraG: Faren
3/8/2018 21:31:54 Reaparece MonsterDraG: Colossus
4/8/2018 00:51:45 Reaparece MonsterDraG: Bursol
4/8/2018 00:51:45 Reaparece MonsterDraG: Faren
4/8/2018 16:06:48 Reaparece MonsterDraG: Tirgan
4/8/2018 22:10:41 Reaparece MonsterDraG: Lostel
7/8/2018 08:21:21 Reaparece MonsterDraG: Mirgan
7/8/2018 08:30:18 Reaparece MonsterDraG: Tirgan
7/8/2018 08:30:18 Reaparece MonsterDraG: Lostel
7/8/2018 13:11:49 Reaparece MonsterDraG: Faren
7/8/2018 13:48:50 Reaparece MonsterDraG: Tirgan
7/8/2018 14:29:01 Reaparece MonsterDraG: Mirgan
7/8/2018 14:29:01 Reaparece MonsterDraG: Tirgan
7/8/2018 14:29:01 Reaparece MonsterDraG: Colossus
7/8/2018 15:18:16 Reaparece MonsterDraG: Bursol
7/8/2018 15:18:16 Reaparece MonsterDraG: Colossus
7/8/2018 19:40:41 Reaparece MonsterDraG: Bursol
7/8/2018 19:40:41 Reaparece MonsterDraG: Faren
7/8/2018 19:40:41 Reaparece MonsterDraG: Tirgan
7/8/2018 22:53:41 Reaparece MonsterDraG: Tirgan
7/8/2018 22:53:41 Reaparece MonsterDraG: Lostel
7/8/2018 23:02:49 Reaparece MonsterDraG: Colossus
8/8/2018 05:04:18 Reaparece MonsterDraG: Faren
8/8/2018 08:05:25 Reaparece MonsterDraG: Tirgan
8/8/2018 11:06:33 Reaparece MonsterDraG: Bursol
8/8/2018 18:35:11 Reaparece MonsterDraG: Colossus
9/8/2018 16:42:39 Reaparece MonsterDraG: Tirgan
9/8/2018 16:42:39 Reaparece MonsterDraG: Colossus
9/8/2018 16:42:39 Reaparece MonsterDraG: Lostel
9/8/2018 17:15:35 Reaparece MonsterDraG: Tirgan
9/8/2018 18:37:07 Reaparece MonsterDraG: Colossus
9/8/2018 19:27:16 Reaparece MonsterDraG: Bursol
9/8/2018 19:27:16 Reaparece MonsterDraG: Mirgan
9/8/2018 19:27:16 Reaparece MonsterDraG: Tirgan
9/8/2018 19:27:16 Reaparece MonsterDraG: Lostel
10/8/2018 13:53:59 Reaparece MonsterDraG: Colossus
10/8/2018 19:22:48 Reaparece MonsterDraG: Lostel
10/8/2018 20:27:50 Reaparece MonsterDraG: Mirgan
10/8/2018 20:27:50 Reaparece MonsterDraG: Colossus
10/8/2018 21:23:32 Reaparece MonsterDraG: Tirgan
10/8/2018 22:29:44 Reaparece MonsterDraG: Faren
10/8/2018 22:29:45 Reaparece MonsterDraG: Mirgan
10/8/2018 23:05:20 Reaparece MonsterDraG: Mirgan
10/8/2018 23:47:08 Reaparece MonsterDraG: Faren
10/8/2018 23:47:08 Reaparece MonsterDraG: Mirgan
11/8/2018 00:11:58 Reaparece MonsterDraG: Bursol
11/8/2018 00:11:58 Reaparece MonsterDraG: Mirgan
11/8/2018 00:11:58 Reaparece MonsterDraG: Tirgan
11/8/2018 01:08:58 Reaparece MonsterDraG: Tirgan
11/8/2018 01:08:58 Reaparece MonsterDraG: Lostel
11/8/2018 04:10:10 Reaparece MonsterDraG: Bursol
11/8/2018 07:11:18 Reaparece MonsterDraG: Mirgan
11/8/2018 13:13:34 Reaparece MonsterDraG: Colossus
11/8/2018 19:15:58 Reaparece MonsterDraG: Faren
13/8/2018 16:40:19 Reaparece MonsterDraG: Faren
13/8/2018 16:40:19 Reaparece MonsterDraG: Tirgan
13/8/2018 19:41:39 Reaparece MonsterDraG: Bursol
13/8/2018 19:41:39 Reaparece MonsterDraG: Mirgan
13/8/2018 19:41:39 Reaparece MonsterDraG: Colossus
14/8/2018 04:45:03 Reaparece MonsterDraG: Lostel
15/8/2018 23:49:33 Reaparece MonsterDraG: Lostel
16/8/2018 20:23:13 Reaparece MonsterDraG: Faren
16/8/2018 20:23:13 Reaparece MonsterDraG: Colossus
16/8/2018 21:50:03 Reaparece MonsterDraG: Tirgan
16/8/2018 23:58:08 Reaparece MonsterDraG: Faren
18/8/2018 11:48:31 Reaparece MonsterDraG: Faren
18/8/2018 14:49:53 Reaparece MonsterDraG: Lostel
18/8/2018 17:51:07 Reaparece MonsterDraG: Mirgan
18/8/2018 22:54:39 Reaparece MonsterDraG: Bursol
18/8/2018 22:54:39 Reaparece MonsterDraG: Faren
18/8/2018 22:54:39 Reaparece MonsterDraG: Tirgan
18/8/2018 23:42:29 Reaparece MonsterDraG: Faren
18/8/2018 23:42:29 Reaparece MonsterDraG: Colossus
18/8/2018 23:42:29 Reaparece MonsterDraG: Lostel
18/8/2018 23:51:54 Reaparece MonsterDraG: Faren
18/8/2018 23:51:54 Reaparece MonsterDraG: Colossus
19/8/2018 03:03:15 Reaparece MonsterDraG: Tirgan
19/8/2018 03:03:15 Reaparece MonsterDraG: Colossus
19/8/2018 09:07:00 Reaparece MonsterDraG: Faren
19/8/2018 09:07:00 Reaparece MonsterDraG: Lostel
20/8/2018 22:56:21 Reaparece MonsterDraG: Tirgan
22/8/2018 20:13:40 Reaparece MonsterDraG: Mirgan
23/8/2018 02:17:16 Reaparece MonsterDraG: Colossus
23/8/2018 08:19:52 Reaparece MonsterDraG: Lostel
23/8/2018 14:22:15 Reaparece MonsterDraG: Faren
23/8/2018 17:23:26 Reaparece MonsterDraG: Tirgan
23/8/2018 22:26:09 Reaparece MonsterDraG: Lostel
24/8/2018 01:27:22 Reaparece MonsterDraG: Colossus
24/8/2018 04:28:36 Reaparece MonsterDraG: Tirgan
24/8/2018 07:29:47 Reaparece MonsterDraG: Faren
25/8/2018 16:43:40 Reaparece MonsterDraG: Bursol
26/8/2018 04:48:29 Reaparece MonsterDraG: Mirgan
30/8/2018 08:17:09 Reaparece MonsterDraG: Bursol
30/8/2018 08:30:24 Reaparece MonsterDraG: Colossus
30/8/2018 08:41:23 Reaparece MonsterDraG: Colossus
30/8/2018 11:42:28 Reaparece MonsterDraG: Faren
30/8/2018 11:42:28 Reaparece MonsterDraG: Lostel
30/8/2018 14:43:27 Reaparece MonsterDraG: Bursol
30/8/2018 14:43:27 Reaparece MonsterDraG: Mirgan
30/8/2018 20:21:49 Reaparece MonsterDraG: Colossus
30/8/2018 21:06:10 Reaparece MonsterDraG: Colossus
30/8/2018 21:51:34 Reaparece MonsterDraG: Bursol
31/8/2018 08:08:35 Reaparece MonsterDraG: Mirgan
31/8/2018 09:37:54 Reaparece MonsterDraG: Mirgan
18/9/2018 20:25:36 Reaparece MonsterDraG: Colossus
19/9/2018 20:27:48 Reaparece MonsterDraG: Bursol
19/9/2018 20:27:48 Reaparece MonsterDraG: Colossus
20/9/2018 21:03:09 Reaparece MonsterDraG: Mirgan
20/9/2018 21:03:09 Reaparece MonsterDraG: Colossus
21/9/2018 18:41:18 Reaparece MonsterDraG: Lostel
21/9/2018 20:54:47 Reaparece MonsterDraG: Bursol
21/9/2018 23:55:52 Reaparece MonsterDraG: Faren
21/9/2018 23:55:52 Reaparece MonsterDraG: Lostel
22/9/2018 05:57:55 Reaparece MonsterDraG: Mirgan
22/9/2018 08:58:57 Reaparece MonsterDraG: Colossus
22/9/2018 18:35:09 Reaparece MonsterDraG: Colossus
24/9/2018 19:14:20 Reaparece MonsterDraG: Colossus
24/9/2018 20:43:41 Reaparece MonsterDraG: Colossus
25/9/2018 22:23:52 Reaparece MonsterDraG: Bursol
25/9/2018 22:23:52 Reaparece MonsterDraG: Faren
26/9/2018 01:24:57 Reaparece MonsterDraG: Lostel
26/9/2018 10:27:57 Reaparece MonsterDraG: Mirgan
26/9/2018 20:27:38 Reaparece MonsterDraG: Mirgan
26/9/2018 20:27:38 Reaparece MonsterDraG: Lostel
27/9/2018 02:30:04 Reaparece MonsterDraG: Bursol
27/9/2018 05:31:12 Reaparece MonsterDraG: Colossus
27/9/2018 08:32:21 Reaparece MonsterDraG: Faren
8/10/2018 22:08:45 Reaparece MonsterDraG: Bursol
9/10/2018 00:19:56 Reaparece MonsterDraG: Faren
9/10/2018 00:19:56 Reaparece MonsterDraG: Colossus
9/10/2018 03:21:06 Reaparece MonsterDraG: Bursol
9/10/2018 03:21:06 Reaparece MonsterDraG: Mirgan
9/10/2018 22:05:55 Reaparece MonsterDraG: Colossus
10/10/2018 01:07:10 Reaparece MonsterDraG: Mirgan
10/10/2018 04:08:20 Reaparece MonsterDraG: Bursol
10/10/2018 07:09:28 Reaparece MonsterDraG: Lostel
10/10/2018 19:14:41 Reaparece MonsterDraG: Faren
18/10/2018 10:05:00 p. m. Reaparece MonsterDraG: Colossus
19/10/2018 7:06:48 a. m. Reaparece MonsterDraG: Faren
19/10/2018 10:07:26 a. m. Reaparece MonsterDraG: Mirgan
19/10/2018 10:09:50 p. m. Reaparece MonsterDraG: Bursol
20/10/2018 1:12:21 p. m. Reaparece MonsterDraG: Lostel
22/10/2018 10:31:12 p. m. Reaparece MonsterDraG: Lostel
23/10/2018 1:49:14 a. m. Reaparece MonsterDraG: Mirgan
23/10/2018 4:49:50 a. m. Reaparece MonsterDraG: Faren
23/10/2018 4:49:50 a. m. Reaparece MonsterDraG: Colossus
23/10/2018 1:51:54 p. m. Reaparece MonsterDraG: Bursol
23/10/2018 6:14:17 p. m. Reaparece MonsterDraG: Faren
23/10/2018 9:14:57 p. m. Reaparece MonsterDraG: Mirgan
23/10/2018 10:12:18 p. m. Reaparece MonsterDraG: Bursol
23/10/2018 10:12:18 p. m. Reaparece MonsterDraG: Mirgan
23/10/2018 10:12:18 p. m. Reaparece MonsterDraG: Colossus
23/10/2018 10:27:31 p. m. Reaparece MonsterDraG: Bursol
24/10/2018 1:28:01 a. m. Reaparece MonsterDraG: Mirgan
24/10/2018 4:28:31 a. m. Reaparece MonsterDraG: Faren
25/10/2018 6:35:17 p. m. Reaparece MonsterDraG: Lostel
25/10/2018 6:52:23 p. m. Reaparece MonsterDraG: Faren
25/10/2018 6:52:23 p. m. Reaparece MonsterDraG: Colossus
26/10/2018 11:50:43 a. m. Reaparece MonsterDraG: Colossus
26/10/2018 5:32:06 p. m. Reaparece MonsterDraG: Bursol
26/10/2018 5:32:06 p. m. Reaparece MonsterDraG: Faren
27/10/2018 9:16:12 p. m. Reaparece MonsterDraG: Bursol
27/10/2018 9:16:12 p. m. Reaparece MonsterDraG: Lostel
28/10/2018 4:37:12 a. m. Reaparece MonsterDraG: Mirgan
28/10/2018 10:38:14 a. m. Reaparece MonsterDraG: Faren
28/10/2018 3:59:40 p. m. Reaparece MonsterDraG: Bursol
28/10/2018 3:59:40 p. m. Reaparece MonsterDraG: Faren
28/10/2018 3:59:40 p. m. Reaparece MonsterDraG: Colossus
28/10/2018 3:59:40 p. m. Reaparece MonsterDraG: Lostel
28/10/2018 4:53:04 p. m. Reaparece MonsterDraG: Mirgan
28/10/2018 5:21:23 p. m. Reaparece MonsterDraG: Bursol
28/10/2018 5:21:23 p. m. Reaparece MonsterDraG: Faren
28/10/2018 5:21:23 p. m. Reaparece MonsterDraG: Colossus
28/10/2018 5:34:29 p. m. Reaparece MonsterDraG: Colossus
28/10/2018 5:47:19 p. m. Reaparece MonsterDraG: Lostel
28/10/2018 6:50:57 p. m. Reaparece MonsterDraG: Colossus
28/10/2018 7:44:22 p. m. Reaparece MonsterDraG: Faren
28/10/2018 10:44:54 p. m. Reaparece MonsterDraG: Bursol
28/10/2018 10:44:54 p. m. Reaparece MonsterDraG: Mirgan
29/10/2018 7:46:24 a. m. Reaparece MonsterDraG: Colossus
29/10/2018 4:47:54 p. m. Reaparece MonsterDraG: Lostel
29/10/2018 10:06:29 p. m. Reaparece MonsterDraG: Bursol
29/10/2018 10:32:06 p. m. Reaparece MonsterDraG: Colossus
30/10/2018 7:33:36 a. m. Reaparece MonsterDraG: Bursol
30/10/2018 7:33:36 a. m. Reaparece MonsterDraG: Faren
30/10/2018 1:34:36 p. m. Reaparece MonsterDraG: Lostel
30/10/2018 8:57:19 p. m. Reaparece MonsterDraG: Bursol
31/10/2018 9:15:48 p. m. Reaparece MonsterDraG: Faren
31/10/2018 11:31:15 p. m. Reaparece MonsterDraG: Bursol
31/10/2018 11:31:15 p. m. Reaparece MonsterDraG: Mirgan
1/11/2018 7:34:07 p. m. Reaparece MonsterDraG: Faren
1/11/2018 8:13:56 p. m. Reaparece MonsterDraG: Lostel
1/11/2018 8:20:26 p. m. Reaparece MonsterDraG: Mirgan
3/11/2018 10:28:46 p. m. Reaparece MonsterDraG: Faren
3/11/2018 10:36:29 p. m. Reaparece MonsterDraG: Colossus
4/11/2018 10:31:46 a. m. Reaparece MonsterDraG: Bursol
4/11/2018 8:44:14 p. m. Reaparece MonsterDraG: Bursol
4/11/2018 8:44:14 p. m. Reaparece MonsterDraG: Mirgan
5/11/2018 8:03:32 p. m. Reaparece MonsterDraG: Mirgan
6/11/2018 5:33:55 p. m. Reaparece MonsterDraG: Mirgan
6/11/2018 7:18:59 p. m. Reaparece MonsterDraG: Bursol
6/11/2018 7:18:59 p. m. Reaparece MonsterDraG: Mirgan
6/11/2018 8:42:48 p. m. Reaparece MonsterDraG: Mirgan
7/11/2018 5:32:07 p. m. Reaparece MonsterDraG: Faren
7/11/2018 5:32:07 p. m. Reaparece MonsterDraG: Lostel
7/11/2018 7:16:23 p. m. Usuario tira oro: Archerx IP: 127.0.0.1 Nom:  MAPA: 35
8/11/2018 4:19:07 p. m. Reaparece MonsterDraG: Bursol
8/11/2018 5:36:24 p. m. Reaparece MonsterDraG: Faren
8/11/2018 5:36:24 p. m. Reaparece MonsterDraG: Colossus
8/11/2018 6:56:34 p. m. Reaparece MonsterDraG: Faren
8/11/2018 7:09:34 p. m. Reaparece MonsterDraG: Lostel
8/11/2018 7:36:20 p. m. Reaparece MonsterDraG: Faren
8/11/2018 7:36:20 p. m. Reaparece MonsterDraG: Mirgan
8/11/2018 8:09:40 p. m. Reaparece MonsterDraG: Bursol
8/11/2018 8:09:40 p. m. Reaparece MonsterDraG: Mirgan
8/11/2018 8:09:40 p. m. Reaparece MonsterDraG: Lostel
8/11/2018 8:26:20 p. m. Reaparece MonsterDraG: Lostel
8/11/2018 9:07:54 p. m. Reaparece MonsterDraG: Mirgan
9/11/2018 7:23:13 p. m. Reaparece MonsterDraG: Colossus
10/11/2018 2:03:32 p. m. Reaparece MonsterDraG: Colossus
10/11/2018 2:03:32 p. m. Reaparece MonsterDraG: Lostel
10/11/2018 2:13:46 p. m. Reaparece MonsterDraG: Lostel
10/11/2018 2:51:39 p. m. Reaparece MonsterDraG: Faren
10/11/2018 9:22:29 p. m. Reaparece MonsterDraG: Mirgan
11/11/2018 12:23:05 a. m. Reaparece MonsterDraG: Faren
11/11/2018 10:52:49 a. m. Reaparece MonsterDraG: Faren
11/11/2018 11:40:25 a. m. Reaparece MonsterDraG: Bursol
11/11/2018 10:58:47 p. m. Reaparece MonsterDraG: Bursol
11/11/2018 10:58:47 p. m. Reaparece MonsterDraG: Faren
11/11/2018 11:52:10 p. m. Reaparece MonsterDraG: Bursol
12/11/2018 9:08:13 p. m. Reaparece MonsterDraG: Lostel
13/11/2018 6:33:00 p. m. Reaparece MonsterDraG: Faren
13/11/2018 7:27:55 p. m. Reaparece MonsterDraG: Lostel
13/11/2018 8:33:13 p. m. Reaparece MonsterDraG: Colossus
13/11/2018 11:33:49 p. m. Reaparece MonsterDraG: Faren
14/11/2018 2:34:23 a. m. Reaparece MonsterDraG: Bursol
14/11/2018 11:36:19 a. m. Reaparece MonsterDraG: Mirgan
15/11/2018 7:59:56 p. m. Reaparece MonsterDraG: Bursol
15/11/2018 8:00:43 p. m. Jugador:Pixel mata COLOSSUSIp: 127.0.0.1
15/11/2018 8:01:03 p. m. Jugador:Pixel mata COLOSSUSIp: 127.0.0.1
15/11/2018 9:49:48 p. m. Reaparece MonsterDraG: Mirgan
15/11/2018 9:49:48 p. m. Reaparece MonsterDraG: Colossus
15/11/2018 10:09:22 p. m. Usuario tira oro: Testeo IP: 127.0.0.1 Nom:  MAPA: 164
15/11/2018 10:23:21 p. m. Reaparece MonsterDraG: Faren
15/11/2018 10:23:21 p. m. Reaparece MonsterDraG: Colossus
15/11/2018 10:23:21 p. m. Reaparece MonsterDraG: Lostel
15/11/2018 11:18:22 p. m. Reaparece MonsterDraG: Bursol
15/11/2018 11:18:22 p. m. Reaparece MonsterDraG: Faren
15/11/2018 11:18:22 p. m. Reaparece MonsterDraG: Colossus
16/11/2018 5:19:28 a. m. Reaparece MonsterDraG: Mirgan
16/11/2018 6:30:12 p. m. Reaparece MonsterDraG: Colossus
17/11/2018 11:37:22 a. m. Reaparece MonsterDraG: Bursol
17/11/2018 11:37:22 a. m. Reaparece MonsterDraG: Mirgan
17/11/2018 12:22:18 p. m. Reaparece MonsterDraG: Mirgan
17/11/2018 3:43:35 p. m. Reaparece MonsterDraG: Lostel
17/11/2018 6:44:08 p. m. Reaparece MonsterDraG: Colossus
18/11/2018 11:16:48 a. m. Reaparece MonsterDraG: Bursol
18/11/2018 11:16:48 a. m. Reaparece MonsterDraG: Colossus
18/11/2018 11:16:48 a. m. Reaparece MonsterDraG: Lostel
18/11/2018 3:58:34 p. m. Reaparece MonsterDraG: Bursol
18/11/2018 4:19:06 p. m. Reaparece MonsterDraG: Colossus
18/11/2018 4:19:06 p. m. Reaparece MonsterDraG: Lostel
19/11/2018 11:18:18 p. m. Reaparece MonsterDraG: Lostel
20/11/2018 2:18:56 a. m. Reaparece MonsterDraG: Bursol
20/11/2018 2:18:56 a. m. Reaparece MonsterDraG: Colossus
20/11/2018 11:20:42 a. m. Reaparece MonsterDraG: Mirgan
21/11/2018 6:56:59 p. m. Reaparece MonsterDraG: Bursol
21/11/2018 6:56:59 p. m. Reaparece MonsterDraG: Colossus
21/11/2018 9:57:34 p. m. Reaparece MonsterDraG: Mirgan
22/11/2018 3:58:42 a. m. Reaparece MonsterDraG: Faren
22/11/2018 6:59:16 a. m. Reaparece MonsterDraG: Lostel
23/11/2018 8:21:42 p. m. Reaparece MonsterDraG: Lostel
23/11/2018 10:40:55 p. m. Reaparece MonsterDraG: Bursol
23/11/2018 10:40:55 p. m. Reaparece MonsterDraG: Mirgan
24/11/2018 4:39:47 p. m. Reaparece MonsterDraG: Faren
30/11/2018 2:45:24 p. m. Usuario tira oro: Pixel IP: 127.0.0.1 Nom:  MAPA: 34
30/11/2018 2:45:24 p. m. Usuario tira oro: Pixel IP: 127.0.0.1 Nom:  MAPA: 34
30/11/2018 2:45:24 p. m. Usuario tira oro: Pixel IP: 127.0.0.1 Nom:  MAPA: 34
30/11/2018 2:45:24 p. m. Usuario tira oro: Pixel IP: 127.0.0.1 Nom:  MAPA: 34
30/11/2018 2:45:24 p. m. Usuario tira oro: Pixel IP: 127.0.0.1 Nom:  MAPA: 34
30/11/2018 2:45:24 p. m. Usuario tira oro: Pixel IP: 127.0.0.1 Nom:  MAPA: 34
30/11/2018 2:45:24 p. m. Usuario tira oro: Pixel IP: 127.0.0.1 Nom:  MAPA: 34
30/11/2018 2:45:24 p. m. Usuario tira oro: Pixel IP: 127.0.0.1 Nom:  MAPA: 34
30/11/2018 2:45:24 p. m. Usuario tira oro: Pixel IP: 127.0.0.1 Nom:  MAPA: 34
30/11/2018 2:45:24 p. m. Usuario tira oro: Pixel IP: 127.0.0.1 Nom:  MAPA: 34
30/11/2018 2:53:46 p. m. Usuario tira oro: Pixel IP: 127.0.0.1 Nom:  MAPA: 34
30/11/2018 2:53:46 p. m. Usuario tira oro: Pixel IP: 127.0.0.1 Nom:  MAPA: 34
30/11/2018 2:53:46 p. m. Usuario tira oro: Pixel IP: 127.0.0.1 Nom:  MAPA: 34
30/11/2018 2:53:46 p. m. Usuario tira oro: Pixel IP: 127.0.0.1 Nom:  MAPA: 34
30/11/2018 2:53:46 p. m. Usuario tira oro: Pixel IP: 127.0.0.1 Nom:  MAPA: 34
30/11/2018 2:53:46 p. m. Usuario tira oro: Pixel IP: 127.0.0.1 Nom:  MAPA: 34
30/11/2018 2:53:46 p. m. Usuario tira oro: Pixel IP: 127.0.0.1 Nom:  MAPA: 34
30/11/2018 2:53:46 p. m. Usuario tira oro: Pixel IP: 127.0.0.1 Nom:  MAPA: 34
30/11/2018 2:53:46 p. m. Usuario tira oro: Pixel IP: 127.0.0.1 Nom:  MAPA: 34
30/11/2018 2:53:46 p. m. Usuario tira oro: Pixel IP: 127.0.0.1 Nom:  MAPA: 34
30/11/2018 5:42:41 p. m. Reaparece MonsterDraG: Bursol
30/11/2018 5:42:41 p. m. Reaparece MonsterDraG: Faren
1/12/2018 8:45:28 a. m. Reaparece MonsterDraG: Mirgan
1/12/2018 2:46:38 p. m. Reaparece MonsterDraG: Lostel
30/5/2019 8:23:42 p. m. Reaparece MonsterDraG: Mirgan
30/5/2019 8:23:42 p. m. Reaparece MonsterDraG: Colossus
30/5/2019 8:44:28 p. m. Reaparece MonsterDraG: Bursol
30/5/2019 8:44:28 p. m. Reaparece MonsterDraG: Faren
1/4/2020 20:03:39 Reaparece MonsterDraG: Lostel
1/4/2020 21:43:44 Reaparece MonsterDraG: Faren
1/4/2020 21:43:44 Reaparece MonsterDraG: Lostel
1/4/2020 22:35:51 Reaparece MonsterDraG: Colossus
4/4/2020 18:57:13 Reaparece MonsterDraG: Faren
4/4/2020 18:57:13 Reaparece MonsterDraG: Mirgan
4/4/2020 19:35:53 Reaparece MonsterDraG: Bursol
4/4/2020 21:16:12 Reaparece MonsterDraG: Bursol
4/4/2020 21:16:12 Reaparece MonsterDraG: Lostel
5/4/2020 13:01:30 Reaparece MonsterDraG: Faren
22/5/2020 19:00:07 Reaparece MonsterDraG: Lostel
22/5/2020 22:00:15 Reaparece MonsterDraG: Bursol
22/5/2020 22:00:15 Reaparece MonsterDraG: Mirgan
23/5/2020 01:00:22 Reaparece MonsterDraG: Colossus
26/5/2020 09:25:41 Reaparece MonsterDraG: Bursol
26/5/2020 11:57:02 Reaparece MonsterDraG: Bursol
26/5/2020 11:57:03 Reaparece MonsterDraG: Faren
26/5/2020 12:09:48 Reaparece MonsterDraG: Colossus
26/5/2020 12:11:39 Usuario tira oro: Roti IP: 127.0.0.1 Nom:  MAPA: 164
26/5/2020 12:37:02 Reaparece MonsterDraG: Bursol
26/5/2020 12:37:02 Reaparece MonsterDraG: Mirgan
26/5/2020 12:37:02 Reaparece MonsterDraG: Lostel
28/5/2020 10:41:39 Reaparece MonsterDraG: Bursol
28/5/2020 10:41:39 Reaparece MonsterDraG: Mirgan
28/5/2020 13:41:48 Reaparece MonsterDraG: Colossus
30/5/2020 13:17:24 Reaparece MonsterDraG: Mirgan
30/5/2020 19:43:54 Reaparece MonsterDraG: Lostel
30/5/2020 22:48:42 Reaparece MonsterDraG: Bursol
30/5/2020 22:48:42 Reaparece MonsterDraG: Mirgan
31/5/2020 01:02:49 Reaparece MonsterDraG: Colossus
31/5/2020 11:29:53 Reaparece MonsterDraG: Mirgan
5/6/2020 19:11:33 Reaparece MonsterDraG: Faren
5/6/2020 19:54:27 Reaparece MonsterDraG: Mirgan
5/6/2020 19:54:27 Reaparece MonsterDraG: Lostel
5/6/2020 20:42:21 Reaparece MonsterDraG: Faren
5/6/2020 20:42:21 Reaparece MonsterDraG: Lostel
5/6/2020 21:23:33 Reaparece MonsterDraG: Colossus
14/6/2020 02:27:09 Reaparece MonsterDraG: Bursol
14/6/2020 02:27:09 Reaparece MonsterDraG: Faren
14/6/2020 12:46:03 Reaparece MonsterDraG: Faren
14/6/2020 16:52:26 Reaparece MonsterDraG: Mirgan
14/6/2020 17:11:45 Reaparece MonsterDraG: Colossus
14/6/2020 20:56:04 Reaparece MonsterDraG: Mirgan
14/6/2020 22:00:52 Reaparece MonsterDraG: Faren
14/6/2020 22:00:52 Reaparece MonsterDraG: Mirgan
14/6/2020 22:00:53 Reaparece MonsterDraG: Lostel
15/6/2020 12:59:46 Reaparece MonsterDraG: Colossus
15/6/2020 16:00:40 Reaparece MonsterDraG: Bursol
15/6/2020 16:00:40 Reaparece MonsterDraG: Faren
16/6/2020 02:18:02 Reaparece MonsterDraG: Bursol
16/6/2020 02:18:02 Reaparece MonsterDraG: Colossus
16/6/2020 11:18:40 Reaparece MonsterDraG: Faren
16/6/2020 17:19:06 Reaparece MonsterDraG: Lostel
16/6/2020 18:02:55 Reaparece MonsterDraG: Lostel
16/6/2020 18:57:37 Usuario tira oro: Rotox IP: 127.0.0.1 Nom:  MAPA: 60
16/06/2020 21:32:03 Reaparece MonsterDraG: Lostel
17/6/2020 07:32:44 Reaparece MonsterDraG: Faren
17/6/2020 07:32:44 Reaparece MonsterDraG: Mirgan
17/6/2020 07:40:00 Reaparece MonsterDraG: Faren
17/6/2020 07:40:00 Reaparece MonsterDraG: Colossus
17/6/2020 15:12:29 Reaparece MonsterDraG: Colossus
17/6/2020 19:39:14 Usuario tira oro: Cleroxo IP: 127.0.0.1 Nom:  MAPA: 34
17/6/2020 19:39:14 Usuario tira oro: Cleroxo IP: 127.0.0.1 Nom:  MAPA: 34
17/6/2020 20:24:48 Reaparece MonsterDraG: Faren
17/6/2020 20:24:48 Reaparece MonsterDraG: Colossus
17/6/2020 20:24:48 Reaparece MonsterDraG: Lostel
17/6/2020 22:07:45 Reaparece MonsterDraG: Faren
18/6/2020 17:39:36 Reaparece MonsterDraG: Faren
18/6/2020 17:39:36 Reaparece MonsterDraG: Colossus
18/6/2020 17:39:36 Reaparece MonsterDraG: Lostel
18/6/2020 19:09:32 Reaparece MonsterDraG: Bursol
18/6/2020 19:09:32 Reaparece MonsterDraG: Lostel
20/06/2020 15:57:08 Reaparece MonsterDraG: Mirgan
20/06/2020 18:49:36 Usuario tira oro: MakOrk IP: 127.0.0.1 Nom:  MAPA: 35
20/06/2020 18:53:44 Reaparece MonsterDraG: Colossus
20/06/2020 18:59:22 Usuario tira oro: MakOrk IP: 127.0.0.1 Nom:  MAPA: 35
20/06/2020 19:17:01 Usuario tira oro: MakOrk IP: 127.0.0.1 Nom:  MAPA: 35
20/06/2020 19:18:36 Reaparece MonsterDraG: Lostel
20/6/2020 22:02:32 Reaparece MonsterDraG: Bursol
20/6/2020 22:02:32 Reaparece MonsterDraG: Lostel
20/6/2020 23:39:28 Reaparece MonsterDraG: Mirgan
20/6/2020 23:39:28 Reaparece MonsterDraG: Colossus
23/06/2020 6:59:25 Reaparece MonsterDraG: Colossus
23/6/2020 22:07:02 Reaparece MonsterDraG: Bursol
25/6/2020 12:58:07 Reaparece MonsterDraG: Colossus
25/6/2020 15:40:10 Reaparece MonsterDraG: Faren
25/6/2020 15:40:10 Reaparece MonsterDraG: Mirgan
25/6/2020 15:40:11 Reaparece MonsterDraG: Colossus
25/6/2020 22:54:28 Reaparece MonsterDraG: Colossus
27/6/2020 00:00:28 Reaparece MonsterDraG: Lostel
27/6/2020 22:21:36 Reaparece MonsterDraG: Bursol
27/6/2020 22:21:36 Reaparece MonsterDraG: Mirgan
28/6/2020 18:32:08 Reaparece MonsterDraG: Faren
28/6/2020 18:32:08 Reaparece MonsterDraG: Mirgan
28/6/2020 18:32:08 Reaparece MonsterDraG: Colossus
28/6/2020 22:27:04 Reaparece MonsterDraG: Lostel
30/06/2020 22:40:53 Usuario tira oro: MakOrk IP: 127.0.0.1 Nom:  MAPA: 45
30/06/2020 22:44:09 Usuario tira oro: MakOrk IP: 127.0.0.1 Nom:  MAPA: 34
30/06/2020 22:48:17 Reaparece MonsterDraG: Bursol
30/06/2020 22:48:17 Reaparece MonsterDraG: Faren
30/06/2020 22:48:17 Reaparece MonsterDraG: Colossus
2/7/2020 07:41:18 Reaparece MonsterDraG: Bursol
2/7/2020 19:16:32 Reaparece MonsterDraG: Mirgan
2/7/2020 19:16:32 Reaparece MonsterDraG: Lostel
31/8/2020 00:10:01 Reaparece MonsterDraG: Faren
31/8/2020 00:22:10 Reaparece MonsterDraG: Faren
31/8/2020 03:22:18 Reaparece MonsterDraG: Mirgan
31/8/2020 03:22:18 Reaparece MonsterDraG: Lostel
31/8/2020 06:22:27 Reaparece MonsterDraG: Colossus
31/8/2020 09:22:35 Reaparece MonsterDraG: Bursol
4/9/2020 01:48:34 Reaparece MonsterDraG: Lostel
4/9/2020 07:48:50 Reaparece MonsterDraG: Colossus
4/9/2020 19:49:25 Reaparece MonsterDraG: Faren
5/9/2020 04:49:52 Reaparece MonsterDraG: Bursol
5/9/2020 17:04:02 Reaparece MonsterDraG: Lostel
5/9/2020 20:04:12 Reaparece MonsterDraG: Faren
5/9/2020 20:04:12 Reaparece MonsterDraG: Mirgan
5/9/2020 21:12:14 Reaparece MonsterDraG: Mirgan
5/9/2020 21:12:14 Reaparece MonsterDraG: Lostel
6/9/2020 06:12:46 Reaparece MonsterDraG: Bursol
6/9/2020 12:23:49 Reaparece MonsterDraG: Bursol
6/9/2020 12:23:49 Reaparece MonsterDraG: Colossus
6/9/2020 18:24:14 Reaparece MonsterDraG: Mirgan
6/9/2020 18:24:14 Reaparece MonsterDraG: Lostel
6/9/2020 19:45:50 Reaparece MonsterDraG: Faren
6/9/2020 19:45:50 Reaparece MonsterDraG: Mirgan
6/9/2020 22:46:01 Reaparece MonsterDraG: Lostel
7/9/2020 01:46:11 Reaparece MonsterDraG: Bursol
7/9/2020 19:09:57 Reaparece MonsterDraG: Faren
7/9/2020 21:46:32 Reaparece MonsterDraG: Lostel
7/9/2020 22:28:19 Reaparece MonsterDraG: Faren
7/9/2020 22:28:19 Reaparece MonsterDraG: Colossus
7/9/2020 22:54:46 Reaparece MonsterDraG: Bursol
7/9/2020 22:54:46 Reaparece MonsterDraG: Mirgan
8/9/2020 04:55:12 Reaparece MonsterDraG: Lostel
8/9/2020 07:55:24 Reaparece MonsterDraG: Faren
8/9/2020 09:20:55 Reaparece MonsterDraG: Faren
8/9/2020 09:20:55 Reaparece MonsterDraG: Colossus
8/9/2020 09:20:55 Reaparece MonsterDraG: Lostel
8/9/2020 10:06:59 Reaparece MonsterDraG: Faren
8/9/2020 10:31:34 Reaparece MonsterDraG: Bursol
8/9/2020 10:31:34 Reaparece MonsterDraG: Lostel
8/9/2020 11:13:43 Reaparece MonsterDraG: Faren
8/9/2020 16:17:36 Reaparece MonsterDraG: Colossus
8/9/2020 16:35:56 Reaparece MonsterDraG: Lostel
9/9/2020 02:34:13 Reaparece MonsterDraG: Faren
9/9/2020 02:34:13 Reaparece MonsterDraG: Mirgan
9/9/2020 02:34:13 Reaparece MonsterDraG: Lostel
9/9/2020 05:34:24 Reaparece MonsterDraG: Colossus
11/09/2020 14:16:43 Reaparece MonsterDraG: Bursol
11/09/2020 22:33:19 Reaparece MonsterDraG: Mirgan
11/09/2020 23:13:59 Reaparece MonsterDraG: Bursol
11/09/2020 23:13:59 Reaparece MonsterDraG: Faren
13/09/2020 0:47:31 Reaparece MonsterDraG: Bursol
13/09/2020 0:47:31 Reaparece MonsterDraG: Faren
13/09/2020 0:47:31 Reaparece MonsterDraG: Mirgan
15/09/2020 19:57:55 Reaparece MonsterDraG: Faren
16/09/2020 19:32:08 Reaparece MonsterDraG: Bursol
16/09/2020 19:32:09 Reaparece MonsterDraG: Faren
17/09/2020 19:32:55 Reaparece MonsterDraG: Bursol
17/09/2020 19:32:55 Reaparece MonsterDraG: Faren
17/09/2020 22:33:32 Reaparece MonsterDraG: Lostel
18/09/2020 1:34:04 Reaparece MonsterDraG: Colossus
18/09/2020 4:34:37 Reaparece MonsterDraG: Mirgan
27/09/2020 23:17:58 Reaparece MonsterDraG: Bursol
27/09/2020 23:17:58 Reaparece MonsterDraG: Lostel
28/09/2020 12:39:25 Reaparece MonsterDraG: Faren
28/09/2020 18:39:52 Reaparece MonsterDraG: Lostel
29/09/2020 19:06:36 Reaparece MonsterDraG: Lostel
30/09/2020 16:42:35 Reaparece MonsterDraG: Lostel
30/09/2020 19:43:05 Reaparece MonsterDraG: Bursol
30/09/2020 19:43:05 Reaparece MonsterDraG: Mirgan
03/10/2020 11:16:53 Reaparece MonsterDraG: Faren
03/10/2020 14:17:11 Reaparece MonsterDraG: Mirgan
03/10/2020 17:17:26 Reaparece MonsterDraG: Colossus
03/10/2020 18:37:45 Reaparece MonsterDraG: Faren
03/10/2020 18:37:45 Reaparece MonsterDraG: Colossus
04/10/2020 23:30:28 Reaparece MonsterDraG: Faren
04/10/2020 23:30:28 Reaparece MonsterDraG: Lostel
05/10/2020 0:12:43 Reaparece MonsterDraG: Faren
05/10/2020 0:12:44 Reaparece MonsterDraG: Lostel
05/10/2020 1:20:36 Reaparece MonsterDraG: Colossus
05/10/2020 1:20:37 Reaparece MonsterDraG: Lostel
05/10/2020 13:39:08 Reaparece MonsterDraG: Colossus
05/10/2020 14:23:52 Reaparece MonsterDraG: Colossus
07/10/2020 23:56:11 Reaparece MonsterDraG: Faren
09/10/2020 20:38:20 Usuario tira oro: Snow IP: 127.0.0.1 Nom:  MAPA: 37
09/10/2020 20:38:20 Usuario tira oro: Snow IP: 127.0.0.1 Nom:  MAPA: 37
09/10/2020 20:38:20 Usuario tira oro: Snow IP: 127.0.0.1 Nom:  MAPA: 37
09/10/2020 20:38:20 Usuario tira oro: Snow IP: 127.0.0.1 Nom:  MAPA: 37
09/10/2020 20:38:20 Usuario tira oro: Snow IP: 127.0.0.1 Nom:  MAPA: 37
09/10/2020 20:38:20 Usuario tira oro: Snow IP: 127.0.0.1 Nom:  MAPA: 37
09/10/2020 20:38:20 Usuario tira oro: Snow IP: 127.0.0.1 Nom:  MAPA: 37
09/10/2020 20:38:20 Usuario tira oro: Snow IP: 127.0.0.1 Nom:  MAPA: 37
09/10/2020 20:38:20 Usuario tira oro: Snow IP: 127.0.0.1 Nom:  MAPA: 37
09/10/2020 20:38:20 Usuario tira oro: Snow IP: 127.0.0.1 Nom:  MAPA: 37
09/10/2020 20:39:45 Reaparece MonsterDraG: Mirgan
09/10/2020 21:16:35 Reaparece MonsterDraG: Bursol
10/10/2020 18:40:25 Reaparece MonsterDraG: Mirgan
10/10/2020 18:40:25 Reaparece MonsterDraG: Lostel
10/10/2020 18:57:41 Reaparece MonsterDraG: Faren
10/10/2020 18:57:41 Reaparece MonsterDraG: Mirgan
12/10/2020 12:45:32 Reaparece MonsterDraG: Bursol
12/10/2020 12:45:32 Reaparece MonsterDraG: Faren
16/10/2020 12:59:30 Reaparece MonsterDraG: Lostel
16/10/2020 13:07:42 Reaparece MonsterDraG: Bursol
16/10/2020 13:07:42 Reaparece MonsterDraG: Faren
16/10/2020 22:55:57 Reaparece MonsterDraG: Colossus
19/10/2020 11:38:44 Reaparece MonsterDraG: Lostel
19/10/2020 13:44:22 Reaparece MonsterDraG: Faren
19/10/2020 13:44:22 Reaparece MonsterDraG: Lostel
19/10/2020 18:43:44 Reaparece MonsterDraG: Faren
19/10/2020 18:43:44 Reaparece MonsterDraG: Lostel
19/10/2020 19:22:02 Reaparece MonsterDraG: Colossus
19/10/2020 19:22:02 Reaparece MonsterDraG: Lostel
19/10/2020 22:26:33 Reaparece MonsterDraG: Mirgan
20/10/2020 01:39:23 Reaparece MonsterDraG: Mirgan
20/10/2020 13:53:11 Reaparece MonsterDraG: Colossus
20/10/2020 19:56:29 Reaparece MonsterDraG: Bursol
20/10/2020 19:56:29 Reaparece MonsterDraG: Mirgan
21/10/2020 14:03:43 Reaparece MonsterDraG: Bursol
21/10/2020 14:03:43 Reaparece MonsterDraG: Lostel
21/10/2020 14:36:59 Reaparece MonsterDraG: Faren
21/10/2020 14:36:59 Reaparece MonsterDraG: Mirgan
21/10/2020 14:36:59 Reaparece MonsterDraG: Colossus
21/10/2020 17:37:19 Reaparece MonsterDraG: Lostel
21/10/2020 20:43:16 Reaparece MonsterDraG: Faren
9/4/2021 02:26:32 Reaparece MonsterDraG: Mirgan
9/4/2021 02:26:32 Reaparece MonsterDraG: Colossus
9/4/2021 12:09:32 Reaparece MonsterDraG: Bursol
10/4/2021 15:12:50 Reaparece MonsterDraG: Colossus
10/4/2021 16:53:50 Reaparece MonsterDraG: Mirgan
12/4/2021 09:59:50 Reaparece MonsterDraG: Colossus
12/4/2021 09:59:50 Reaparece MonsterDraG: Lostel
12/4/2021 10:06:05 Reaparece MonsterDraG: Lostel
12/4/2021 14:32:08 Reaparece MonsterDraG: Colossus
12/4/2021 14:56:38 Reaparece MonsterDraG: Lostel
13/4/2021 11:17:47 Reaparece MonsterDraG: Faren
13/4/2021 15:29:25 Reaparece MonsterDraG: Colossus
13/4/2021 15:29:25 Reaparece MonsterDraG: Lostel
13/4/2021 16:52:52 Reaparece MonsterDraG: Faren
13/4/2021 22:31:41 Reaparece MonsterDraG: Faren
13/4/2021 23:57:09 Reaparece MonsterDraG: Mirgan
15/4/2021 01:24:33 Lanza: Snow HD: 77391571 en 250
15/4/2021 01:24:34 Lanza: Snow HD: 77391571 en 375
15/4/2021 01:24:35 Lanza: Snow HD: 77391571 en 375
15/4/2021 04:29:40 Reaparece MonsterDraG: Faren
15/4/2021 04:29:40 Reaparece MonsterDraG: Colossus
15/4/2021 07:29:51 Reaparece MonsterDraG: Bursol
15/4/2021 07:29:51 Reaparece MonsterDraG: Lostel
15/4/2021 18:47:18 Reaparece MonsterDraG: Colossus
15/4/2021 23:51:45 Reaparece MonsterDraG: Mirgan
20/4/2021 14:11:38 Reaparece MonsterDraG: Lostel
22/4/2021 00:11:46 Reaparece MonsterDraG: Bursol
22/4/2021 00:11:46 Reaparece MonsterDraG: Faren
22/4/2021 03:11:55 Reaparece MonsterDraG: Lostel
22/4/2021 06:12:04 Reaparece MonsterDraG: Mirgan
22/4/2021 09:12:13 Reaparece MonsterDraG: Colossus
23/4/2021 10:11:56 Reaparece MonsterDraG: Lostel
23/4/2021 10:56:29 Reaparece MonsterDraG: Colossus
27/4/2021 08:03:45 Reaparece MonsterDraG: Colossus
27/4/2021 08:13:55 Reaparece MonsterDraG: Bursol
27/4/2021 08:13:55 Reaparece MonsterDraG: Colossus
26/5/2021 12:40:48 Reaparece MonsterDraG: Bursol
