15/5/2018 15:14:55 server iniciado 2.1.10
15/5/2018 15:43:40 server iniciado 2.1.10
15/5/2018 16:21:16 server iniciado 2.1.10
16/5/2018 08:33:44 server iniciado 2.1.10
16/5/2018 11:13:42 server iniciado 2.1.10
16/5/2018 12:00:51 server iniciado 2.1.10
16/5/2018 16:21:11 server iniciado 2.1.10
17/5/2018 18:34:01 server iniciado 2.1.10
18/5/2018 12:13:58 server iniciado 2.1.10
23/5/2018 16:37:12 server iniciado 2.1.10
23/5/2018 17:12:08 server iniciado 2.1.10
23/5/2018 17:23:08 server iniciado 2.1.10
23/5/2018 18:30:02 server iniciado 2.1.10
23/5/2018 18:32:55 server iniciado 2.1.10
24/5/2018 14:34:55 server iniciado 2.1.10
26/5/2018 10:31:54 server iniciado 2.1.10
26/5/2018 11:24:20 server iniciado 2.1.10
26/5/2018 12:39:35 server iniciado 2.1.10
26/5/2018 12:54:08 server iniciado 2.1.10
26/5/2018 16:45:45 server iniciado 2.1.10
26/5/2018 16:55:49 server iniciado 2.1.10
26/5/2018 17:14:12 server iniciado 2.1.10
26/5/2018 17:41:43 server iniciado 2.1.10
26/5/2018 23:04:20 server iniciado 2.1.10
26/5/2018 23:06:56 server iniciado 2.1.10
26/5/2018 23:10:24 server iniciado 2.1.10
26/5/2018 23:13:41 server iniciado 2.1.10
27/5/2018 15:08:56 server iniciado 2.1.10
27/5/2018 15:36:28 server iniciado 2.1.10
27/5/2018 15:45:39 server iniciado 2.1.10
27/5/2018 16:03:24 server iniciado 2.1.10
27/5/2018 17:15:39 server iniciado 2.1.10
27/5/2018 17:58:07 server iniciado 2.1.10
27/5/2018 18:04:42 server iniciado 2.1.10
27/5/2018 18:29:55 server iniciado 2.1.10
27/5/2018 19:13:16 server iniciado 2.1.10
27/5/2018 20:24:49 server iniciado 2.1.10
27/5/2018 20:34:36 server iniciado 2.1.10
27/5/2018 20:48:09 server iniciado 2.1.10
28/5/2018 08:01:37 server iniciado 2.1.10
28/5/2018 11:01:35 server iniciado 2.1.10
28/5/2018 13:37:05 server iniciado 2.1.10
28/5/2018 13:39:45 server iniciado 2.1.10
28/5/2018 18:07:09 server iniciado 2.1.10
28/5/2018 18:24:43 server iniciado 2.1.10
28/5/2018 18:30:02 server iniciado 2.1.10
28/5/2018 18:36:05 server iniciado 2.1.10
28/5/2018 19:05:51 server iniciado 2.1.10
28/5/2018 19:11:59 server iniciado 2.1.10
28/5/2018 19:21:38 server iniciado 2.1.10
29/5/2018 20:47:21 server iniciado 2.1.10
29/5/2018 20:53:41 server iniciado 2.1.10
29/5/2018 21:42:04 server iniciado 2.1.10
29/5/2018 22:36:10 server iniciado 2.1.10
30/5/2018 08:42:10 server iniciado 2.1.10
30/5/2018 11:37:07 server iniciado 2.1.10
30/5/2018 11:49:16 server iniciado 2.1.10
30/5/2018 14:44:58 server iniciado 2.1.10
30/5/2018 15:35:27 server iniciado 2.1.10
30/5/2018 16:04:49 server iniciado 2.1.10
30/5/2018 16:10:17 server cerrado.
30/5/2018 16:11:59 server iniciado 2.1.10
30/5/2018 17:39:56 server iniciado 2.1.10
30/5/2018 17:43:00 server cerrado.
30/5/2018 17:44:18 server iniciado 2.1.10
30/5/2018 17:47:51 server cerrado.
30/5/2018 17:49:26 server iniciado 2.1.10
30/5/2018 19:03:08 server cerrado.
30/5/2018 19:18:33 server iniciado 2.1.10
30/5/2018 19:23:21 server iniciado 2.1.10
30/5/2018 19:34:01 server iniciado 2.1.10
30/5/2018 23:19:19 server iniciado 2.1.10
30/5/2018 23:22:42 server iniciado 2.1.10
30/5/2018 23:25:34 server iniciado 2.1.10
30/5/2018 23:28:35 server iniciado 2.1.10
31/5/2018 00:01:28 server iniciado 2.1.10
31/5/2018 07:55:08 server iniciado 2.1.10
31/5/2018 08:31:12 server iniciado 2.1.10
31/5/2018 08:43:09 server iniciado 2.1.10
31/5/2018 11:01:31 server iniciado 2.1.10
3/6/2018 01:45:20 server iniciado 2.1.10
3/6/2018 01:48:09 server iniciado 2.1.10
3/6/2018 01:50:41 server iniciado 2.1.10
3/6/2018 18:57:47 server iniciado 2.1.10
4/6/2018 19:59:34 server iniciado 2.1.10
5/6/2018 08:06:38 server iniciado 2.1.10
5/6/2018 08:30:37 server iniciado 2.1.10
5/6/2018 13:09:11 server iniciado 2.1.10
5/6/2018 14:24:54 server iniciado 2.1.10
21/6/2018 08:16:08 server iniciado 2.1.10
21/6/2018 08:20:00 server iniciado 2.1.10
21/6/2018 08:22:55 server iniciado 2.1.10
23/6/2018 07:39:27 server iniciado 2.1.10
24/6/2018 00:16:39 server iniciado 2.1.10
24/6/2018 22:38:34 server iniciado 2.1.10
24/6/2018 22:51:32 server iniciado 2.1.10
25/6/2018 13:41:33 server iniciado 2.1.10
25/6/2018 16:16:07 server iniciado 2.1.10
30/6/2018 20:28:28 server iniciado 2.1.10
4/7/2018 12:39:22 server iniciado 2.1.10
4/7/2018 12:57:23 server iniciado 2.1.10
4/7/2018 13:10:55 server iniciado 2.1.10
7/7/2018 08:28:54 server iniciado 2.1.10
7/7/2018 16:36:35 server iniciado 2.1.10
8/7/2018 12:42:36 server iniciado 2.1.10
10/7/2018 12:40:00 server iniciado 2.1.10
11/7/2018 11:56:03 server iniciado 2.1.10
11/7/2018 12:09:51 server iniciado 2.1.10
11/7/2018 12:12:38 server iniciado 2.1.10
11/7/2018 13:13:06 server iniciado 2.1.10
11/7/2018 18:47:21 server iniciado 2.1.10
12/7/2018 08:29:52 server iniciado 2.1.10
12/7/2018 08:47:54 server iniciado 2.1.10
16/7/2018 08:37:45 server iniciado 2.1.10
16/7/2018 08:51:17 server iniciado 2.1.10
16/7/2018 09:18:35 server iniciado 2.1.10
16/7/2018 13:24:42 server iniciado 2.1.10
16/7/2018 15:38:15 server iniciado 2.1.10
16/7/2018 16:48:14 server iniciado 2.1.10
16/7/2018 17:31:48 server iniciado 2.1.10
16/7/2018 17:33:44 server iniciado 2.1.10
16/7/2018 19:48:27 server iniciado 2.1.10
16/7/2018 21:09:28 server iniciado 2.1.10
16/7/2018 21:28:34 server iniciado 2.1.10
16/7/2018 21:33:01 server iniciado 2.1.10
16/7/2018 21:41:04 server iniciado 2.1.10
16/7/2018 21:44:51 server iniciado 2.1.10
16/7/2018 21:56:07 server iniciado 2.1.10
16/7/2018 22:00:15 server iniciado 2.1.10
16/7/2018 23:23:23 server cerrado.
17/7/2018 08:59:54 server iniciado 2.1.10
17/7/2018 21:27:14 server iniciado 2.1.10
17/7/2018 21:30:11 server iniciado 2.1.10
17/7/2018 22:10:31 server iniciado 2.1.10
17/7/2018 22:40:39 server iniciado 2.1.10
17/7/2018 22:56:31 server iniciado 2.1.10
17/7/2018 23:12:57 server iniciado 2.1.10
17/7/2018 23:33:53 server iniciado 2.1.10
18/7/2018 13:46:16 server iniciado 2.1.10
18/7/2018 15:12:08 server cerrado.
18/7/2018 15:13:43 server iniciado 2.1.10
18/7/2018 15:54:34 server iniciado 2.1.10
18/7/2018 15:58:02 server iniciado 2.1.10
18/7/2018 17:04:07 server iniciado 2.1.10
18/7/2018 17:30:32 server iniciado 2.1.10
18/7/2018 17:52:30 server iniciado 2.1.10
18/7/2018 18:40:15 server iniciado 2.1.10
18/7/2018 19:27:29 server iniciado 2.1.10
18/7/2018 21:31:14 server iniciado 2.1.10
18/7/2018 22:09:35 server iniciado 2.1.10
18/7/2018 23:37:27 server iniciado 2.1.10
19/7/2018 00:38:10 server iniciado 2.1.10
19/7/2018 23:09:57 server iniciado 2.1.10
19/7/2018 23:20:28 server iniciado 2.1.10
19/7/2018 23:31:46 server iniciado 2.1.10
19/7/2018 23:57:16 server iniciado 2.1.10
20/7/2018 00:44:34 server iniciado 2.1.10
20/7/2018 11:40:13 server iniciado 2.1.10
21/7/2018 15:49:43 server iniciado 2.1.10
22/7/2018 20:49:32 server iniciado 2.1.10
2/8/2018 12:08:39 server iniciado 2.1.10
2/8/2018 12:14:44 server iniciado 2.1.10
2/8/2018 12:22:46 server iniciado 2.1.10
3/8/2018 15:28:56 server iniciado 2.1.10
3/8/2018 16:05:13 server cerrado.
3/8/2018 17:39:46 server iniciado 2.1.10
3/8/2018 17:58:42 server cerrado.
3/8/2018 21:00:16 server iniciado 2.1.10
3/8/2018 21:11:16 server cerrado.
3/8/2018 21:12:45 server iniciado 2.1.10
3/8/2018 21:26:54 server iniciado 2.1.10
3/8/2018 23:49:03 server iniciado 2.1.10
4/8/2018 00:46:45 server iniciado 2.1.10
4/8/2018 16:01:48 server iniciado 2.1.10
7/8/2018 08:07:16 server iniciado 2.1.10
7/8/2018 08:11:01 server iniciado 2.1.10
7/8/2018 08:16:21 server iniciado 2.1.10
7/8/2018 08:25:18 server iniciado 2.1.10
7/8/2018 13:06:49 server iniciado 2.1.10
7/8/2018 13:43:50 server iniciado 2.1.10
7/8/2018 13:52:59 server iniciado 2.1.10
7/8/2018 13:58:27 server iniciado 2.1.10
7/8/2018 14:24:00 server iniciado 2.1.10
7/8/2018 15:13:16 server iniciado 2.1.10
7/8/2018 19:10:08 server iniciado 2.1.10
7/8/2018 19:17:01 server iniciado 2.1.10
7/8/2018 19:27:28 server iniciado 2.1.10
7/8/2018 19:35:41 server iniciado 2.1.10
7/8/2018 22:37:50 server iniciado 2.1.10
7/8/2018 22:42:29 server iniciado 2.1.10
7/8/2018 22:48:41 server iniciado 2.1.10
7/8/2018 22:57:49 server iniciado 2.1.10
8/8/2018 18:27:42 server iniciado 2.1.10
8/8/2018 18:30:11 server iniciado 2.1.10
9/8/2018 16:37:39 server iniciado 2.1.10
9/8/2018 16:52:49 server cerrado.
9/8/2018 16:55:29 server iniciado 2.1.10
9/8/2018 17:09:24 server cerrado.
9/8/2018 17:10:34 server iniciado 2.1.10
9/8/2018 18:26:58 server iniciado 2.1.10
9/8/2018 18:32:07 server iniciado 2.1.10
9/8/2018 19:22:16 server iniciado 2.1.10
10/8/2018 13:48:58 server iniciado 2.1.10
10/8/2018 14:32:01 server iniciado 2.1.10
10/8/2018 19:17:48 server iniciado 2.1.10
10/8/2018 20:22:50 server iniciado 2.1.10
10/8/2018 21:15:25 server iniciado 2.1.10
10/8/2018 21:18:32 server iniciado 2.1.10
10/8/2018 22:24:44 server iniciado 2.1.10
10/8/2018 23:00:20 server iniciado 2.1.10
10/8/2018 23:24:19 server iniciado 2.1.10
10/8/2018 23:35:08 server iniciado 2.1.10
10/8/2018 23:42:08 server iniciado 2.1.10
11/8/2018 00:06:58 server iniciado 2.1.10
11/8/2018 01:03:58 server iniciado 2.1.10
13/8/2018 16:35:19 server iniciado 2.1.10
15/8/2018 23:30:37 server iniciado 2.1.10
15/8/2018 23:44:33 server iniciado 2.1.10
15/8/2018 23:57:18 server iniciado 2.1.10
16/8/2018 14:15:45 server iniciado 2.1.10
16/8/2018 21:45:03 server iniciado 2.1.10
16/8/2018 23:36:08 server iniciado 2.1.10
16/8/2018 23:53:08 server iniciado 2.1.10
17/8/2018 00:14:30 server iniciado 2.1.10
18/8/2018 11:38:52 server iniciado 2.1.10
18/8/2018 11:43:31 server iniciado 2.1.10
18/8/2018 22:49:39 server iniciado 2.1.10
18/8/2018 23:37:29 server iniciado 2.1.10
18/8/2018 23:46:54 server iniciado 2.1.10
18/8/2018 23:56:21 server iniciado 2.1.10
20/8/2018 22:46:27 server iniciado 2.1.10
20/8/2018 22:51:21 server iniciado 2.1.10
22/8/2018 16:35:18 server iniciado 2.1.10
22/8/2018 19:34:11 server iniciado 2.1.10
22/8/2018 20:08:40 server iniciado 2.1.10
23/8/2018 22:21:09 server iniciado 2.1.10
30/8/2018 08:12:09 server iniciado 2.1.10
30/8/2018 08:25:24 server iniciado 2.1.10
30/8/2018 08:36:23 server iniciado 2.1.10
30/8/2018 20:16:49 server iniciado 2.1.10
30/8/2018 20:25:18 server iniciado 2.1.10
30/8/2018 20:41:00 server iniciado 2.1.10
30/8/2018 20:57:44 server iniciado 2.1.10
30/8/2018 21:01:10 server iniciado 2.1.10
30/8/2018 21:46:34 server iniciado 2.1.10
30/8/2018 22:41:58 server iniciado 2.1.10
31/8/2018 08:03:35 server iniciado 2.1.10
31/8/2018 09:32:54 server iniciado 2.1.10
18/9/2018 19:22:45 server iniciado 2.1.10
18/9/2018 20:04:37 server iniciado 2.1.10
18/9/2018 20:20:42 server iniciado 2.1.10
18/9/2018 20:27:51 server cerrado.
18/9/2018 20:31:50 server iniciado 2.1.10
18/9/2018 20:32:48 server cerrado.
18/9/2018 20:34:20 server iniciado 2.1.10
18/9/2018 21:17:12 server iniciado 2.1.10
19/9/2018 20:22:48 server iniciado 2.1.10
19/9/2018 21:54:55 server iniciado 2.1.10
20/9/2018 20:58:09 server iniciado 2.1.10
20/9/2018 21:59:08 server iniciado 2.1.10
20/9/2018 22:06:46 server iniciado 2.1.10
21/9/2018 16:42:02 server iniciado 2.1.10
21/9/2018 18:36:18 server iniciado 2.1.10
21/9/2018 20:49:47 server iniciado 2.1.10
22/9/2018 18:30:09 server iniciado 2.1.10
24/9/2018 18:06:57 server iniciado 2.1.10
24/9/2018 18:11:50 server iniciado 2.1.10
24/9/2018 18:18:45 server iniciado 2.1.10
24/9/2018 18:28:50 server iniciado 2.1.10
24/9/2018 18:36:40 server iniciado 2.1.10
24/9/2018 19:09:20 server iniciado 2.1.10
24/9/2018 20:38:41 server iniciado 2.1.10
24/9/2018 22:11:24 server iniciado 2.1.10
25/9/2018 19:12:48 server iniciado 2.1.10
25/9/2018 22:18:52 server iniciado 2.1.10
26/9/2018 20:22:38 server iniciado 2.1.10
8/10/2018 21:06:19 server iniciado 2.1.10
8/10/2018 22:03:45 server iniciado 2.1.10
9/10/2018 00:14:56 server iniciado 2.1.10
9/10/2018 18:59:39 server iniciado 2.1.10
18/10/2018 7:04:59 p. m. server iniciado 2.1.10
18/10/2018 9:55:05 p. m. server iniciado 2.1.10
18/10/2018 10:00:00 p. m. server iniciado 2.1.10
22/10/2018 10:26:12 p. m. server iniciado 2.1.10
22/10/2018 10:43:38 p. m. server iniciado 2.1.10
23/10/2018 6:09:17 p. m. server iniciado 2.1.10
23/10/2018 10:07:18 p. m. server iniciado 2.1.10
23/10/2018 10:22:31 p. m. server iniciado 2.1.10
24/10/2018 7:35:08 p. m. server iniciado 2.1.10
24/10/2018 7:41:34 p. m. server iniciado 2.1.10
24/10/2018 7:49:41 p. m. server iniciado 2.1.10
24/10/2018 10:29:20 p. m. server iniciado 2.1.10
25/10/2018 12:00:34 a. m. server iniciado 2.1.10
25/10/2018 12:03:07 a. m. server iniciado 2.1.10
25/10/2018 12:06:19 a. m. server iniciado 2.1.10
25/10/2018 6:28:17 p. m. server iniciado 2.1.10
25/10/2018 6:45:33 p. m. server cerrado.
25/10/2018 6:47:23 p. m. server iniciado 2.1.10
25/10/2018 7:12:47 p. m. server iniciado 2.1.10
25/10/2018 8:43:46 p. m. server iniciado 2.1.10
25/10/2018 8:53:22 p. m. server iniciado 2.1.10
25/10/2018 8:59:35 p. m. server iniciado 2.1.10
26/10/2018 11:38:40 a. m. server iniciado 2.1.10
26/10/2018 11:45:43 a. m. server iniciado 2.1.10
26/10/2018 12:20:05 p. m. server iniciado 2.1.10
26/10/2018 5:27:06 p. m. server iniciado 2.1.10
27/10/2018 11:13:04 a. m. server iniciado 2.1.10
27/10/2018 11:19:10 a. m. server iniciado 2.1.10
27/10/2018 11:33:18 a. m. server iniciado 2.1.10
27/10/2018 11:36:56 a. m. server iniciado 2.1.10
27/10/2018 11:48:16 a. m. server iniciado 2.1.10
27/10/2018 12:05:49 p. m. server iniciado 2.1.10
27/10/2018 9:07:04 p. m. server iniciado 2.1.10
27/10/2018 9:09:12 p. m. server iniciado 2.1.10
28/10/2018 3:54:40 p. m. server iniciado 2.1.10
28/10/2018 4:09:33 p. m. server iniciado 2.1.10
28/10/2018 4:39:51 p. m. server iniciado 2.1.10
28/10/2018 4:48:04 p. m. server iniciado 2.1.10
28/10/2018 4:57:39 p. m. server iniciado 2.1.10
28/10/2018 5:05:37 p. m. server iniciado 2.1.10
28/10/2018 5:13:54 p. m. server iniciado 2.1.10
28/10/2018 5:16:23 p. m. server iniciado 2.1.10
28/10/2018 5:29:29 p. m. server iniciado 2.1.10
28/10/2018 5:41:19 p. m. server iniciado 2.1.10
28/10/2018 5:50:38 p. m. server iniciado 2.1.10
28/10/2018 6:03:45 p. m. server iniciado 2.1.10
28/10/2018 6:28:47 p. m. server iniciado 2.1.10
28/10/2018 6:38:57 p. m. server iniciado 2.1.10
28/10/2018 6:55:30 p. m. server iniciado 2.1.10
28/10/2018 7:20:38 p. m. server iniciado 2.1.10
28/10/2018 7:39:22 p. m. server iniciado 2.1.10
29/10/2018 10:01:29 p. m. server iniciado 2.1.10
29/10/2018 10:23:19 p. m. server iniciado 2.1.10
29/10/2018 10:27:06 p. m. server iniciado 2.1.10
30/10/2018 8:52:19 p. m. server iniciado 2.1.10
31/10/2018 9:10:48 p. m. server iniciado 2.1.10
31/10/2018 10:07:05 p. m. server iniciado 2.1.10
31/10/2018 10:10:37 p. m. server iniciado 2.1.10
31/10/2018 10:28:55 p. m. server iniciado 2.1.10
31/10/2018 10:33:55 p. m. server iniciado 2.1.10
31/10/2018 11:26:15 p. m. server iniciado 2.1.10
1/11/2018 12:03:27 a. m. server iniciado 2.1.10
1/11/2018 7:29:07 p. m. server iniciado 2.1.10
1/11/2018 8:08:56 p. m. server iniciado 2.1.10
1/11/2018 8:15:26 p. m. server iniciado 2.1.10
1/11/2018 8:29:56 p. m. server iniciado 2.1.10
1/11/2018 8:36:06 p. m. server iniciado 2.1.10
1/11/2018 8:40:25 p. m. server iniciado 2.1.10
1/11/2018 8:42:48 p. m. server iniciado 2.1.10
3/11/2018 10:12:02 p. m. server iniciado 2.1.10
3/11/2018 10:23:46 p. m. server iniciado 2.1.10
3/11/2018 10:31:29 p. m. server iniciado 2.1.10
3/11/2018 10:53:15 p. m. server iniciado 2.1.10
3/11/2018 10:57:16 p. m. server iniciado 2.1.10
4/11/2018 10:26:46 a. m. server iniciado 2.1.10
4/11/2018 12:21:21 p. m. server iniciado 2.1.10
4/11/2018 12:44:20 p. m. server iniciado 2.1.10
4/11/2018 12:50:46 p. m. server iniciado 2.1.10
4/11/2018 1:11:21 p. m. server iniciado 2.1.10
4/11/2018 3:27:11 p. m. server iniciado 2.1.10
4/11/2018 8:39:14 p. m. server iniciado 2.1.10
4/11/2018 9:46:47 p. m. server iniciado 2.1.10
5/11/2018 7:34:41 p. m. server iniciado 2.1.10
5/11/2018 7:51:41 p. m. server iniciado 2.1.10
5/11/2018 7:58:32 p. m. server iniciado 2.1.10
6/11/2018 5:28:54 p. m. server iniciado 2.1.10
6/11/2018 6:44:03 p. m. server iniciado 2.1.10
6/11/2018 7:12:59 p. m. server iniciado 2.1.10
6/11/2018 7:27:07 p. m. server iniciado 2.1.10
6/11/2018 7:30:22 p. m. server iniciado 2.1.10
6/11/2018 7:41:15 p. m. server iniciado 2.1.10
6/11/2018 8:06:25 p. m. server iniciado 2.1.10
6/11/2018 8:30:31 p. m. server iniciado 2.1.10
6/11/2018 8:37:48 p. m. server iniciado 2.1.10
6/11/2018 9:19:06 p. m. server iniciado 2.1.10
7/11/2018 5:21:58 p. m. server iniciado 2.1.10
7/11/2018 5:27:07 p. m. server iniciado 2.1.10
7/11/2018 5:55:37 p. m. server iniciado 2.1.10
7/11/2018 6:01:53 p. m. server iniciado 2.1.10
7/11/2018 6:50:13 p. m. server iniciado 2.1.10
7/11/2018 7:12:03 p. m. server iniciado 2.1.10
8/11/2018 4:14:07 p. m. server iniciado 2.1.10
8/11/2018 5:31:24 p. m. server iniciado 2.1.10
8/11/2018 6:51:34 p. m. server iniciado 2.1.10
8/11/2018 7:04:34 p. m. server iniciado 2.1.10
8/11/2018 7:15:18 p. m. server iniciado 2.1.10
8/11/2018 7:28:44 p. m. server iniciado 2.1.10
8/11/2018 7:31:20 p. m. server iniciado 2.1.10
8/11/2018 8:00:22 p. m. server iniciado 2.1.10
8/11/2018 8:04:39 p. m. server iniciado 2.1.10
8/11/2018 8:21:19 p. m. server iniciado 2.1.10
8/11/2018 8:53:44 p. m. server iniciado 2.1.10
8/11/2018 9:02:54 p. m. server iniciado 2.1.10
8/11/2018 10:26:38 p. m. server iniciado 2.1.10
8/11/2018 10:38:16 p. m. server iniciado 2.1.10
8/11/2018 10:44:34 p. m. server iniciado 2.1.10
9/11/2018 6:56:26 p. m. server iniciado 2.1.10
9/11/2018 7:05:49 p. m. server iniciado 2.1.10
9/11/2018 7:12:13 p. m. server iniciado 2.1.10
10/11/2018 10:01:11 a. m. server iniciado 2.1.10
10/11/2018 10:08:25 a. m. server iniciado 2.1.10
10/11/2018 1:57:32 p. m. server iniciado 2.1.10
10/11/2018 2:08:46 p. m. server iniciado 2.1.10
10/11/2018 2:46:39 p. m. server iniciado 2.1.10
10/11/2018 2:56:30 p. m. server iniciado 2.1.10
10/11/2018 3:00:52 p. m. server iniciado 2.1.10
10/11/2018 3:32:07 p. m. server iniciado 2.1.10
10/11/2018 3:46:56 p. m. server iniciado 2.1.10
10/11/2018 3:56:39 p. m. server iniciado 2.1.10
10/11/2018 4:14:58 p. m. server iniciado 2.1.10
10/11/2018 4:30:33 p. m. server iniciado 2.1.10
10/11/2018 9:17:29 p. m. server iniciado 2.1.10
11/11/2018 10:47:49 a. m. server iniciado 2.1.10
11/11/2018 11:35:25 a. m. server iniciado 2.1.10
11/11/2018 6:21:06 p. m. server iniciado 2.1.10
11/11/2018 6:35:12 p. m. server iniciado 2.1.10
11/11/2018 10:53:47 p. m. server iniciado 2.1.10
11/11/2018 11:24:51 p. m. server iniciado 2.1.10
11/11/2018 11:29:07 p. m. server iniciado 2.1.10
11/11/2018 11:43:10 p. m. server iniciado 2.1.10
12/11/2018 8:23:37 p. m. server iniciado 2.1.10
12/11/2018 9:03:13 p. m. server iniciado 2.1.10
13/11/2018 6:28:00 p. m. server iniciado 2.1.10
13/11/2018 7:22:55 p. m. server iniciado 2.1.10
13/11/2018 8:28:13 p. m. server iniciado 2.1.10
15/11/2018 7:50:56 p. m. server iniciado 2.1.10
15/11/2018 8:18:39 p. m. server iniciado 2.1.10
15/11/2018 8:21:46 p. m. server iniciado 2.1.10
15/11/2018 9:05:39 p. m. server iniciado 2.1.10
15/11/2018 9:15:37 p. m. server iniciado 2.1.10
15/11/2018 9:32:29 p. m. server iniciado 2.1.10
15/11/2018 9:39:23 p. m. server cerrado.
15/11/2018 9:44:48 p. m. server iniciado 2.1.10
15/11/2018 9:54:25 p. m. server cerrado.
15/11/2018 9:55:50 p. m. server iniciado 2.1.10
15/11/2018 10:04:14 p. m. server cerrado.
15/11/2018 10:05:40 p. m. server iniciado 2.1.10
15/11/2018 10:10:59 p. m. server cerrado.
15/11/2018 10:12:26 p. m. server iniciado 2.1.10
15/11/2018 10:15:05 p. m. server cerrado.
15/11/2018 10:18:21 p. m. server iniciado 2.1.10
15/11/2018 11:13:22 p. m. server iniciado 2.1.10
16/11/2018 6:24:12 p. m. server iniciado 2.1.10
17/11/2018 11:32:22 a. m. server iniciado 2.1.10
17/11/2018 11:52:25 a. m. server iniciado 2.1.10
17/11/2018 12:17:18 p. m. server iniciado 2.1.10
17/11/2018 12:37:47 p. m. server iniciado 2.1.10
18/11/2018 11:11:48 a. m. server iniciado 2.1.10
18/11/2018 11:45:54 a. m. server iniciado 2.1.10
18/11/2018 3:53:34 p. m. server iniciado 2.1.10
18/11/2018 4:14:06 p. m. server iniciado 2.1.10
18/11/2018 4:39:05 p. m. server iniciado 2.1.10
18/11/2018 5:25:44 p. m. server iniciado 2.1.10
19/11/2018 11:13:18 p. m. server iniciado 2.1.10
21/11/2018 6:51:59 p. m. server iniciado 2.1.10
22/11/2018 11:17:52 p. m. server iniciado 2.1.10
23/11/2018 8:15:42 p. m. server iniciado 2.1.10
23/11/2018 10:35:55 p. m. server iniciado 2.1.10
23/11/2018 11:56:41 p. m. server iniciado 2.1.10
24/11/2018 12:07:44 a. m. server iniciado 2.1.10
24/11/2018 12:17:06 a. m. server iniciado 2.1.10
24/11/2018 12:29:32 a. m. server iniciado 2.1.10
24/11/2018 4:34:47 p. m. server iniciado 2.1.10
25/11/2018 12:39:08 a. m. server iniciado 2.1.10
30/11/2018 2:37:06 p. m. server iniciado 2.1.10
3/1/2019 3:34:27 p. m. server iniciado 2.1.10
30/5/2019 8:18:42 p. m. server iniciado 2.1.10
30/5/2019 8:39:28 p. m. server iniciado 2.1.10
1/4/2020 19:58:39 server iniciado 2.1.10
1/4/2020 21:38:44 server iniciado 2.1.10
1/4/2020 22:30:51 server iniciado 2.1.10
4/4/2020 18:47:31 server iniciado 2.1.10
4/4/2020 18:52:13 server iniciado 2.1.10
4/4/2020 19:30:53 server iniciado 2.1.10
4/4/2020 19:53:11 server iniciado 2.1.10
4/4/2020 20:02:22 server iniciado 2.1.10
4/4/2020 20:05:48 server iniciado 2.1.10
4/4/2020 20:31:27 server iniciado 2.1.10
4/4/2020 20:40:53 server iniciado 2.1.10
4/4/2020 20:48:36 server iniciado 2.1.10
4/4/2020 21:04:51 server iniciado 2.1.10
4/4/2020 21:11:12 server iniciado 2.1.10
4/4/2020 21:26:34 server iniciado 2.1.10
4/4/2020 21:29:39 server iniciado 2.1.10
5/4/2020 12:56:30 server iniciado 2.1.10
10/4/2020 19:01:03 server iniciado 2.1.10
10/4/2020 19:03:26 server iniciado 2.1.10
10/4/2020 19:34:03 server iniciado 2.1.10
12/4/2020 11:10:32 server iniciado 2.1.10
12/4/2020 11:16:00 server iniciado 2.1.10
12/4/2020 11:20:34 server cerrado.
22/5/2020 15:54:59 server iniciado 2.1.10
23/5/2020 16:10:02 server iniciado 2.1.10
23/5/2020 16:13:36 server iniciado 2.1.10
26/5/2020 01:06:39 server iniciado 2.1.10
26/5/2020 01:14:48 server iniciado 2.1.10
26/5/2020 09:20:41 server iniciado 2.1.10
26/5/2020 11:17:21 server iniciado 2.1.10
26/5/2020 11:21:07 server iniciado 2.1.10
26/5/2020 11:33:11 server cerrado.
26/5/2020 11:37:14 server iniciado 2.1.10
26/5/2020 11:40:28 server cerrado.
26/5/2020 11:52:02 server iniciado 2.1.10
26/5/2020 12:04:48 server iniciado 2.1.10
26/5/2020 12:12:32 server cerrado.
26/5/2020 12:15:27 server iniciado 2.1.10
26/5/2020 12:21:06 server cerrado.
26/5/2020 12:32:02 server iniciado 2.1.10
26/5/2020 13:37:41 server iniciado 2.1.10
28/5/2020 09:18:59 server iniciado 2.1.10
28/5/2020 10:36:39 server iniciado 2.1.10
30/5/2020 13:12:24 server iniciado 2.1.10
30/5/2020 22:43:42 server iniciado 2.1.10
30/5/2020 23:56:16 server iniciado 2.1.10
31/5/2020 00:45:18 server iniciado 2.1.10
31/5/2020 00:53:49 server iniciado 2.1.10
31/5/2020 11:24:53 server iniciado 2.1.10
31/5/2020 16:31:24 server iniciado 2.1.10
31/5/2020 16:37:47 server iniciado 2.1.10
5/6/2020 11:00:30 server iniciado 2.1.10
5/6/2020 18:59:33 server iniciado 2.1.10
5/6/2020 19:38:15 server cerrado.
5/6/2020 19:49:27 server iniciado 2.1.10
5/6/2020 20:28:51 server cerrado.
5/6/2020 20:37:21 server iniciado 2.1.10
5/6/2020 21:18:33 server iniciado 2.1.10
6/6/2020 00:59:41 server cerrado.
14/6/2020 02:00:29 server iniciado 2.1.10
14/6/2020 02:04:48 server cerrado.
14/6/2020 02:09:32 server iniciado 2.1.10
14/6/2020 02:22:09 server iniciado 2.1.10
14/6/2020 12:04:01 server iniciado 2.1.10
14/6/2020 12:40:03 server iniciado 2.1.10
14/6/2020 16:47:26 server iniciado 2.1.10
14/6/2020 17:06:45 server iniciado 2.1.10
14/6/2020 17:21:02 server iniciado 2.1.10
14/6/2020 18:30:09 server iniciado 2.1.10
14/6/2020 19:04:03 server iniciado 2.1.10
14/6/2020 20:51:03 server iniciado 2.1.10
14/6/2020 21:12:02 server iniciado 2.1.10
14/6/2020 21:55:52 server iniciado 2.1.10
15/6/2020 11:30:55 server iniciado 2.1.10
15/6/2020 12:24:09 server iniciado 2.1.10
15/6/2020 12:30:20 server iniciado 2.1.10
15/6/2020 12:54:46 server iniciado 2.1.10
16/6/2020 02:08:31 server iniciado 2.1.10
16/6/2020 02:13:02 server iniciado 2.1.10
16/6/2020 17:41:25 server iniciado 2.1.10
16/6/2020 17:47:49 server iniciado 2.1.10
16/6/2020 17:57:54 server iniciado 2.1.10
16/6/2020 18:19:01 server iniciado 2.1.10
16/6/2020 18:54:21 server iniciado 2.1.10
16/6/2020 19:02:03 server iniciado 2.1.10
16/06/2020 21:21:47 server iniciado 2.1.10
16/06/2020 21:27:03 server iniciado 2.1.10
17/6/2020 06:22:44 server iniciado 2.1.10
17/6/2020 07:27:44 server iniciado 2.1.10
17/6/2020 07:35:00 server iniciado 2.1.10
17/6/2020 15:07:29 server iniciado 2.1.10
17/6/2020 18:56:36 server iniciado 2.1.10
17/6/2020 19:29:19 server iniciado 2.1.10
17/6/2020 19:38:39 server iniciado 2.1.10
17/6/2020 19:47:43 server iniciado 2.1.10
17/6/2020 20:16:48 server iniciado 2.1.10
17/6/2020 20:29:15 server iniciado 2.1.10
17/6/2020 21:33:38 server iniciado 2.1.10
17/6/2020 21:49:10 server iniciado 2.1.10
17/6/2020 22:02:45 server iniciado 2.1.10
18/6/2020 17:34:36 server iniciado 2.1.10
18/6/2020 19:04:32 server iniciado 2.1.10
18/6/2020 19:32:01 server iniciado 2.1.10
18/06/2020 19:35:52 server iniciado 2.1.10
18/06/2020 19:46:43 server iniciado 2.1.10
18/06/2020 19:58:54 server iniciado 2.1.10
20/06/2020 9:44:30 server iniciado 2.1.10
20/06/2020 9:47:57 server iniciado 2.1.10
20/06/2020 10:08:15 server iniciado 2.1.10
20/06/2020 14:38:53 server iniciado 2.1.10
20/06/2020 15:38:55 server iniciado 2.1.10
20/06/2020 15:50:08 server iniciado 2.1.10
20/06/2020 18:48:44 server iniciado 2.1.10
20/06/2020 19:04:09 server iniciado 2.1.10
20/06/2020 19:12:36 server iniciado 2.1.10
20/06/2020 19:30:51 server iniciado 2.1.10
20/06/2020 19:52:00 server iniciado 2.1.10
20/06/2020 19:58:53 server iniciado 2.1.10
20/06/2020 20:12:51 server iniciado 2.1.10
20/6/2020 21:57:32 server iniciado 2.1.10
20/6/2020 23:09:31 server iniciado 2.1.10
20/6/2020 23:24:05 server iniciado 2.1.10
20/6/2020 23:34:28 server iniciado 2.1.10
23/06/2020 6:54:25 server iniciado 2.1.10
23/06/2020 7:43:06 server iniciado 2.1.10
23/6/2020 22:02:02 server iniciado 2.1.10
25/6/2020 09:58:34 server iniciado 2.1.10
25/6/2020 12:53:07 server iniciado 2.1.10
25/6/2020 15:35:10 server iniciado 2.1.10
25/6/2020 15:53:07 server iniciado 2.1.10
25/6/2020 18:55:41 server iniciado 2.1.10
25/6/2020 19:08:30 server iniciado 2.1.10
25/6/2020 19:15:21 server iniciado 2.1.10
25/6/2020 22:00:03 server iniciado 2.1.10
25/6/2020 22:49:28 server iniciado 2.1.10
26/6/2020 23:44:14 server iniciado 2.1.10
26/6/2020 23:55:28 server iniciado 2.1.10
27/6/2020 22:16:36 server iniciado 2.1.10
28/6/2020 17:30:36 server iniciado 2.1.10
28/6/2020 18:27:08 server iniciado 2.1.10
28/6/2020 22:16:03 server iniciado 2.1.10
28/6/2020 22:22:04 server iniciado 2.1.10
30/06/2020 22:39:17 server iniciado 2.1.10
2/7/2020 07:36:18 server iniciado 2.1.10
2/7/2020 19:11:32 server iniciado 2.1.10
9/7/2020 11:50:03 server iniciado 2.1.10
31/8/2020 00:05:01 server iniciado 2.1.10
31/8/2020 00:17:10 server iniciado 2.1.10
4/9/2020 01:43:34 server iniciado 2.1.10
5/9/2020 10:58:44 server iniciado 2.1.10
5/9/2020 21:07:14 server iniciado 2.1.10
6/9/2020 06:18:24 server iniciado 2.1.10
6/9/2020 19:40:50 server iniciado 2.1.10
7/9/2020 15:14:55 server iniciado 2.1.10
7/9/2020 15:52:52 server iniciado 2.1.10
7/9/2020 18:56:57 server iniciado 2.1.10
7/9/2020 20:03:58 server iniciado 2.1.10
7/9/2020 21:33:46 server iniciado 2.1.10
7/9/2020 21:41:32 server iniciado 2.1.10
7/9/2020 22:15:19 server iniciado 2.1.10
7/9/2020 22:39:31 server iniciado 2.1.10
7/9/2020 22:49:46 server iniciado 2.1.10
8/9/2020 09:15:54 server iniciado 2.1.10
8/9/2020 10:01:59 server iniciado 2.1.10
8/9/2020 10:18:39 server iniciado 2.1.10
8/9/2020 10:24:34 server iniciado 2.1.10
8/9/2020 11:08:43 server iniciado 2.1.10
8/9/2020 15:25:22 server iniciado 2.1.10
8/9/2020 15:33:03 server iniciado 2.1.10
8/9/2020 15:36:01 server iniciado 2.1.10
8/9/2020 16:10:33 server iniciado 2.1.10
8/9/2020 16:12:36 server iniciado 2.1.10
8/9/2020 16:27:52 server iniciado 2.1.10
8/9/2020 16:30:56 server iniciado 2.1.10
8/9/2020 16:48:43 server iniciado 2.1.10
8/9/2020 20:28:50 server iniciado 2.1.10
9/9/2020 18:57:06 server iniciado 2.1.10
9/9/2020 19:04:31 server iniciado 2.1.10
11/09/2020 13:57:49 server iniciado 2.1.10
11/09/2020 13:58:22 server cerrado.
11/09/2020 14:03:42 server iniciado 2.1.10
11/09/2020 14:11:43 server iniciado 2.1.10
11/09/2020 22:28:20 server iniciado 2.1.10
11/09/2020 22:56:44 server cerrado.
11/09/2020 23:00:19 server iniciado 2.1.10
11/09/2020 23:03:11 server cerrado.
11/09/2020 23:08:53 server iniciado 2.1.10
12/09/2020 0:04:38 server cerrado.
12/09/2020 0:07:25 server iniciado 2.1.10
12/09/2020 0:09:28 server cerrado.
12/09/2020 1:24:21 server iniciado 2.1.10
12/09/2020 1:27:30 server cerrado.
12/09/2020 14:21:42 server iniciado 2.1.10
12/09/2020 22:55:51 server cerrado.
13/09/2020 0:42:31 server iniciado 2.1.10
14/09/2020 12:53:42 server iniciado 2.1.10
14/09/2020 23:02:25 server iniciado 2.1.10
14/09/2020 23:35:58 server iniciado 2.1.10
14/09/2020 23:57:53 server iniciado 2.1.10
15/09/2020 19:41:29 server iniciado 2.1.10
15/09/2020 19:42:15 server cerrado.
15/09/2020 19:52:55 server iniciado 2.1.10
15/09/2020 20:03:58 server iniciado 2.1.10
15/09/2020 20:19:23 server iniciado 2.1.10
15/09/2020 22:27:19 server iniciado 2.1.10
15/09/2020 22:38:28 server iniciado 2.1.10
16/09/2020 19:27:13 server iniciado 2.1.10
16/09/2020 20:23:02 server iniciado 2.1.10
16/09/2020 22:18:49 server iniciado 2.1.10
17/09/2020 0:03:36 server iniciado 2.1.10
17/09/2020 19:27:55 server iniciado 2.1.10
20/09/2020 0:50:10 server iniciado 2.1.10
27/09/2020 23:12:58 server iniciado 2.1.10
28/09/2020 12:34:25 server iniciado 2.1.10
28/9/2020 19:29:58 server iniciado 2.1.10
29/09/2020 19:01:36 server iniciado 2.1.10
30/09/2020 13:37:18 server iniciado 2.1.10
03/10/2020 11:11:53 server iniciado 2.1.10
03/10/2020 18:32:45 server iniciado 2.1.10
03/10/2020 22:57:26 server iniciado 2.1.10
04/10/2020 23:25:28 server iniciado 2.1.10
05/10/2020 0:07:43 server iniciado 2.1.10
05/10/2020 1:15:36 server iniciado 2.1.10
05/10/2020 1:25:35 server iniciado 2.1.10
05/10/2020 13:34:03 server iniciado 2.1.10
05/10/2020 14:18:52 server iniciado 2.1.10
06/10/2020 0:04:08 server iniciado 2.1.10
06/10/2020 0:56:22 server iniciado 2.1.10
06/10/2020 23:17:08 server iniciado 2.1.10
07/10/2020 0:02:59 server iniciado 2.1.10
07/10/2020 13:44:52 server iniciado 2.1.10
07/10/2020 23:51:11 server iniciado 2.1.10
08/10/2020 17:48:03 server iniciado 2.1.10
09/10/2020 20:28:36 server iniciado 2.1.10
09/10/2020 20:34:45 server iniciado 2.1.10
09/10/2020 21:11:35 server iniciado 2.1.10
09/10/2020 21:37:16 server iniciado 2.1.10
09/10/2020 21:46:28 server iniciado 2.1.10
09/10/2020 21:55:41 server iniciado 2.1.10
09/10/2020 22:29:07 server iniciado 2.1.10
10/10/2020 18:35:25 server iniciado 2.1.10
10/10/2020 18:52:41 server iniciado 2.1.10
12/10/2020 12:40:32 server iniciado 2.1.10
16/10/2020 12:54:30 server iniciado 2.1.10
16/10/2020 13:02:42 server iniciado 2.1.10
16/10/2020 22:50:57 server iniciado 2.1.10
16/10/2020 23:01:06 server iniciado 2.1.10
16/10/2020 23:07:21 server iniciado 2.1.10
16/10/2020 23:12:56 server iniciado 2.1.10
16/10/2020 23:19:56 server iniciado 2.1.10
16/10/2020 23:29:02 server iniciado 2.1.10
16/10/2020 23:43:52 server iniciado 2.1.10
17/10/2020 0:02:01 server iniciado 2.1.10
19/10/2020 11:33:43 server iniciado 2.1.10
19/10/2020 13:37:26 server iniciado 2.1.10
19/10/2020 13:39:22 server iniciado 2.1.10
19/10/2020 16:08:37 server iniciado 2.1.10
19/10/2020 18:38:44 server iniciado 2.1.10
19/10/2020 19:17:01 server iniciado 2.1.10
19/10/2020 22:34:06 server iniciado 2.1.10
20/10/2020 13:48:11 server iniciado 2.1.10
20/10/2020 19:51:29 server iniciado 2.1.10
21/10/2020 11:41:12 server iniciado 2.1.10
21/10/2020 12:02:36 server iniciado 2.1.10
21/10/2020 12:23:15 server iniciado 2.1.10
21/10/2020 13:52:15 server iniciado 2.1.10
21/10/2020 13:58:43 server iniciado 2.1.10
21/10/2020 14:31:59 server iniciado 2.1.10
21/10/2020 20:38:16 server iniciado 2.1.10
21/10/2020 20:56:33 server iniciado 2.1.10
21/10/2020 21:43:56 server iniciado 2.1.10
21/10/2020 21:51:21 server iniciado 2.1.10
21/10/2020 22:37:28 server iniciado 2.1.10
22/10/2020 10:30:09 server iniciado 2.1.10
22/10/2020 16:49:01 server iniciado 2.1.10
22/10/2020 17:31:34 server iniciado 2.1.10
22/10/2020 18:24:07 server iniciado 2.1.10
8/4/2021 16:13:56 server iniciado 2.1.10
8/4/2021 16:17:39 server iniciado 2.1.10
8/4/2021 17:10:36 server iniciado 2.1.10
9/4/2021 02:14:11 server iniciado 2.1.10
9/4/2021 02:16:59 server iniciado 2.1.10
9/4/2021 02:20:32 server iniciado 2.1.10
9/4/2021 02:35:06 server iniciado 2.1.10
9/4/2021 02:39:44 server iniciado 2.1.10
9/4/2021 02:42:03 server iniciado 2.1.10
9/4/2021 02:43:57 server iniciado 2.1.10
9/4/2021 02:49:30 server iniciado 2.1.10
9/4/2021 12:04:32 server iniciado 2.1.10
9/4/2021 19:07:17 server iniciado 2.1.10
10/4/2021 15:07:50 server iniciado 2.1.10
10/4/2021 16:48:50 server iniciado 2.1.10
12/4/2021 09:40:05 server iniciado 2.1.10
12/4/2021 09:52:49 server iniciado 2.1.10
12/4/2021 09:54:50 server iniciado 2.1.10
12/4/2021 10:00:04 server iniciado 2.1.10
12/4/2021 14:04:05 server iniciado 2.1.10
12/4/2021 14:27:08 server iniciado 2.1.10
12/4/2021 14:46:38 server iniciado 2.1.10
13/4/2021 10:12:34 server iniciado 2.1.10
13/4/2021 10:15:57 server iniciado 2.1.10
13/4/2021 10:23:18 server iniciado 2.1.10
13/4/2021 11:12:47 server iniciado 2.1.10
13/4/2021 12:37:44 server iniciado 2.1.10
13/4/2021 13:01:16 server iniciado 2.1.10
13/4/2021 14:24:31 server iniciado 2.1.10
13/4/2021 14:39:55 server iniciado 2.1.10
13/4/2021 14:41:20 server iniciado 2.1.10
13/4/2021 14:51:47 server iniciado 2.1.10
13/4/2021 14:55:47 server iniciado 2.1.10
13/4/2021 15:21:16 server iniciado 2.1.10
13/4/2021 15:24:25 server iniciado 2.1.10
13/4/2021 15:31:02 server iniciado 2.1.10
13/4/2021 15:38:49 server iniciado 2.1.10
13/4/2021 16:47:52 server iniciado 2.1.10
13/4/2021 19:56:20 server iniciado 2.1.10
13/4/2021 20:04:04 server iniciado 2.1.10
13/4/2021 22:23:41 server iniciado 2.1.10
13/4/2021 22:39:52 server iniciado 2.1.10
13/4/2021 22:43:50 server iniciado 2.1.10
13/4/2021 22:45:35 server iniciado 2.1.10
13/4/2021 22:54:24 server iniciado 2.1.10
13/4/2021 23:14:00 server iniciado 2.1.10
13/4/2021 23:30:05 server iniciado 2.1.10
13/4/2021 23:43:07 server iniciado 2.1.10
13/4/2021 23:45:42 server iniciado 2.1.10
13/4/2021 23:47:39 server iniciado 2.1.10
13/4/2021 23:50:04 server iniciado 2.1.10
13/4/2021 23:52:09 server iniciado 2.1.10
13/4/2021 23:58:03 server iniciado 2.1.10
14/4/2021 19:05:35 server iniciado 2.1.10
14/4/2021 19:08:57 server iniciado 2.1.10
14/4/2021 19:11:06 server iniciado 2.1.10
14/4/2021 19:24:09 server iniciado 2.1.10
15/4/2021 08:50:44 server iniciado 2.1.10
15/4/2021 09:05:20 server iniciado 2.1.10
15/4/2021 18:42:18 server iniciado 2.1.10
15/4/2021 19:01:12 server iniciado 2.1.10
15/4/2021 20:39:31 server iniciado 2.1.10
15/4/2021 21:30:44 server iniciado 2.1.10
15/4/2021 21:33:09 server iniciado 2.1.10
15/4/2021 21:33:37 server iniciado 2.1.10
15/4/2021 23:37:23 server iniciado 2.1.10
15/4/2021 23:39:47 server iniciado 2.1.10
15/4/2021 23:41:17 server iniciado 2.1.10
15/4/2021 23:46:45 server iniciado 2.1.10
16/4/2021 10:32:32 server iniciado 2.1.10
16/4/2021 10:35:47 server iniciado 2.1.10
16/4/2021 10:37:50 server iniciado 2.1.10
16/4/2021 10:40:16 server iniciado 2.1.10
16/4/2021 10:51:23 server iniciado 2.1.10
16/4/2021 10:52:25 server iniciado 2.1.10
20/4/2021 14:05:06 server iniciado 2.1.10
20/4/2021 14:06:38 server iniciado 2.1.10
20/4/2021 14:12:50 server iniciado 2.1.10
20/4/2021 14:27:17 server iniciado 2.1.10
20/4/2021 14:30:52 server iniciado 2.1.10
21/4/2021 07:58:45 server iniciado 2.1.10
21/4/2021 08:00:00 server cerrado.
21/4/2021 20:19:39 server cerrado.
21/4/2021 21:06:37 server iniciado 2.1.10
23/4/2021 09:11:47 server iniciado 2.1.10
23/4/2021 09:57:46 server iniciado 2.1.10
23/4/2021 10:00:16 server iniciado 2.1.10
23/4/2021 10:05:55 server iniciado 2.1.10
23/4/2021 10:29:03 server iniciado 2.1.10
23/4/2021 10:51:29 server iniciado 2.1.10
23/4/2021 12:03:49 server iniciado 2.1.10
23/4/2021 12:08:37 server iniciado 2.1.10
25/4/2021 11:08:20 server iniciado 2.1.10
26/4/2021 06:34:34 server iniciado 2.1.10
27/4/2021 07:42:34 server iniciado 2.1.10
27/4/2021 07:58:45 server iniciado 2.1.10
27/4/2021 08:07:55 server iniciado 2.1.10
27/4/2021 08:19:19 server iniciado 2.1.10
27/4/2021 08:22:21 server iniciado 2.1.10
28/4/2021 18:29:20 server iniciado 2.1.10
28/4/2021 18:42:34 server iniciado 2.1.10
5/5/2021 08:30:15 server iniciado 2.1.10
5/5/2021 08:45:58 server iniciado 2.1.10
5/5/2021 08:48:40 server iniciado 2.1.10
5/5/2021 08:50:07 server iniciado 2.1.10
26/5/2021 12:27:34 server iniciado 2.1.10
26/5/2021 12:29:04 server iniciado 2.1.10
26/5/2021 12:35:48 server iniciado 2.1.10
2/6/2021 14:13:57 server iniciado 2.1.10
