17/5/2018 18:37:12 Domar: Rober doma un Dragón Dorado
17/5/2018 18:37:12 Domar: Rober ahora tiene 1 la metemos en index 1
24/6/2018 00:03:11 Domar: Asta doma un Dragón Dorado
24/6/2018 00:03:11 Domar: Asta ahora tiene 1 la metemos en index 1
25/6/2018 13:48:41 BUG MataNpcMASCOTA Serie: -1501514468 IP: 127.0.0.1 Nom: Asta
10/7/2018 12:43:49 Dar mascota: Asta da su LiSan a caosc EN INDEX 1
10/7/2018 12:43:49 Dar mascota: caosc tenia 0
10/7/2018 12:43:49 Dar mascota: caosc ahora tiene 1
10/7/2018 12:43:49 Dar mascota: Asta CERO EN INDEX 1
10/7/2018 12:43:49 Dar mascota: Asta quitar objeto 892
10/7/2018 12:43:49 Dar mascota: Asta ahora tiene 0
16/8/2018 21:52:35 Domar: Pixel doma un Unicornio
16/8/2018 21:52:35 Domar: Pixel ahora tiene 1 la metemos en index 1
19/9/2018 20:25:03 Domar: Pixel doma un Jabalí
19/9/2018 20:25:03 Domar: Pixel ahora tiene 2 la metemos en index 2
19/9/2018 20:27:45 Domar: Pixel doma un Rinosaurio
19/9/2018 20:27:45 Domar: Pixel ahora tiene 3 la metemos en index 3
20/9/2018 21:43:44 Recupera Cuidadora: Pixel Objeto 894
21/9/2018 18:30:58 Domar: Pixel doma un Jabalí
21/9/2018 18:30:58 Domar: Pixel ahora tiene 2 la metemos en index 2
31/10/2018 10:30:59 p. m. Domar: Pixel doma un Kong
31/10/2018 10:30:59 p. m. Domar: Pixel ahora tiene 2 la metemos en index 2
31/10/2018 10:35:35 p. m. Domar: Pixel doma un Kong
31/10/2018 10:35:35 p. m. Domar: Pixel ahora tiene 2 la metemos en index 2
31/10/2018 10:44:31 p. m. Domar: Pixel doma un Kong
31/10/2018 10:44:31 p. m. Domar: Pixel ahora tiene 2 la metemos en index 2
6/11/2018 5:29:18 p. m. Domar: Pixel doma un Escarabajo
6/11/2018 5:29:18 p. m. Domar: Pixel ahora tiene 3 la metemos en index 3
11/11/2018 11:05:14 p. m. Domar: Pixel doma un Escarabajo
11/11/2018 11:05:14 p. m. Domar: Pixel ahora tiene 3 la metemos en index 3
13/11/2018 8:28:58 p. m. Recupera Cuidadora: Pixel Objeto 888
13/11/2018 8:28:58 p. m. Recupera Cuidadora: Pixel Objeto 894
30/11/2018 2:45:34 p. m. Recupera Cuidadora: AlvaLLoron Objeto 894
30/11/2018 2:55:36 p. m. Recupera Cuidadora: AlvaPegamucho Objeto 894
26/5/2020 13:37:59 Domar: Pixel doma un Unicornio
26/5/2020 13:37:59 Domar: Pixel ahora tiene 3 la metemos en index 1
31/8/2020 20:50:05 Recupera Cuidadora: Pixel Objeto 888
31/8/2020 20:50:05 Recupera Cuidadora: Pixel Objeto 894
31/8/2020 20:50:05 Recupera Cuidadora: Pixel Objeto 895
11/09/2020 14:05:27 Recupera Cuidadora: Pixel Objeto 888
16/09/2020 19:40:09 Domar: Pepito ahora tiene 2 la metemos en index 2
16/09/2020 19:43:20 Domar: Pepito ahora tiene 3 la metemos en index 3
30/09/2020 19:16:14 Domar: Magistral ahora tiene 1 la metemos en index 1
30/09/2020 19:17:48 Domar: Magistral ahora tiene 2 la metemos en index 2
30/09/2020 19:18:06 Domar: Magistral ahora tiene 3 la metemos en index 3
30/09/2020 19:27:03 Domar: Magistral ahora tiene 1 la metemos en index 1
30/09/2020 19:27:56 Domar: Magistral ahora tiene 2 la metemos en index 2
30/09/2020 19:29:07 Domar: Magistral ahora tiene 3 la metemos en index 3
30/09/2020 19:29:33 Recupera Cuidadora: Magistral Objeto 891
30/09/2020 19:29:33 Recupera Cuidadora: Magistral Objeto 894
30/09/2020 19:29:33 Recupera Cuidadora: Magistral Objeto 894
30/09/2020 19:29:37 Recupera Cuidadora: Magistral Objeto 891
30/09/2020 19:29:37 Recupera Cuidadora: Magistral Objeto 894
30/09/2020 19:29:38 Recupera Cuidadora: Magistral Objeto 894
30/09/2020 19:29:46 Recupera Cuidadora: Magistral Objeto 894
30/09/2020 19:35:35 Domar: Magistral ahora tiene 1 la metemos en index 1
30/09/2020 19:36:11 Domar: Magistral ahora tiene 2 la metemos en index 2
30/09/2020 19:36:43 Domar: Magistral ahora tiene 3 la metemos en index 3
06/10/2020 23:21:09 Recupera Cuidadora: Magistral Objeto 888
06/10/2020 23:21:09 Recupera Cuidadora: Magistral Objeto 890
06/10/2020 23:21:09 Recupera Cuidadora: Magistral Objeto 899
