15/11/2018 8:00:01 p. m. Pixel invita a ROTO
15/11/2018 8:00:05 p. m. Pixel: Crea Nº: 1 Numpartys: 1
15/11/2018 8:00:05 p. m. ROTO: añadir a party nº 1
15/11/2018 8:00:05 p. m. ROTO: añadido ha Party nº 1 en pos 2
15/11/2018 8:00:05 p. m. Party nº 1 Miembros: 2
5/4/2020 13:02:50 Pixel invita a sato
5/4/2020 13:02:54 Pixel: Crea Nº: 1 Numpartys: 1
5/4/2020 13:02:54 sato: añadir a party nº 1
5/4/2020 13:02:54 sato: añadido ha Party nº 1 en pos 2
5/4/2020 13:02:54 Party nº 1 Miembros: 2
5/4/2020 13:03:54 Pixel: Finaliza party
5/4/2020 13:03:54 sato: vamos a quitarlo de party
5/4/2020 13:03:54 sato: está en la party 1
5/4/2020 13:03:54 sato: quitado en pos 2
5/4/2020 13:03:54 Miembros Party: 1
5/4/2020 13:03:54 Pixel: vamos a quitarlo de party
5/4/2020 13:03:54 Pixel: está en la party 1
5/4/2020 13:03:54 Pixel: quitado en pos 1
5/4/2020 13:03:54 Miembros Party: 0
5/4/2020 13:03:54 NumeroPartys: 0
28/09/2020 0:14:43 driu invita a Magistral
28/09/2020 0:15:36 driu: Crea Nº: 1 Numpartys: 1
28/09/2020 0:15:36 Magistral: añadir a party nº 1
28/09/2020 0:15:36 Magistral: añadido ha Party nº 1 en pos 2
28/09/2020 0:15:36 Party nº 1 Miembros: 2
28/09/2020 0:17:36 driu: Finaliza party
28/09/2020 0:17:36 Magistral: vamos a quitarlo de party
28/09/2020 0:17:36 Magistral: está en la party 1
28/09/2020 0:17:36 Magistral: quitado en pos 2
28/09/2020 0:17:36 Miembros Party: 1
28/09/2020 0:17:36 driu: vamos a quitarlo de party
28/09/2020 0:17:36 driu: está en la party 1
28/09/2020 0:17:36 driu: quitado en pos 1
28/09/2020 0:17:36 Miembros Party: 0
28/09/2020 0:17:36 NumeroPartys: 0
19/10/2020 14:11:31 Snow invita a Trix
19/10/2020 14:11:46 Snow: Crea Nº: 1 Numpartys: 1
19/10/2020 14:11:46 Trix: añadir a party nº 1
19/10/2020 14:11:46 Trix: añadido ha Party nº 1 en pos 2
19/10/2020 14:11:46 Party nº 1 Miembros: 2
19/10/2020 14:12:50 Snow: Finaliza party
19/10/2020 14:12:50 Trix: vamos a quitarlo de party
19/10/2020 14:12:50 Trix: está en la party 1
19/10/2020 14:12:50 Trix: quitado en pos 2
19/10/2020 14:12:50 Miembros Party: 1
19/10/2020 14:12:50 Snow: vamos a quitarlo de party
19/10/2020 14:12:50 Snow: está en la party 1
19/10/2020 14:12:50 Snow: quitado en pos 1
19/10/2020 14:12:50 Miembros Party: 0
19/10/2020 14:12:50 NumeroPartys: 0
16/4/2021 10:41:11 Snow invita a Alixa
16/4/2021 10:41:16 Snow: Crea Nº: 1 Numpartys: 1
16/4/2021 10:41:16 Alixa: añadir a party nº 1
16/4/2021 10:41:16 Alixa: añadido ha Party nº 1 en pos 2
16/4/2021 10:41:16 Party nº 1 Miembros: 2
16/4/2021 10:41:37 Snow: Finaliza party
16/4/2021 10:41:37 Alixa: vamos a quitarlo de party
16/4/2021 10:41:37 Alixa: está en la party 1
16/4/2021 10:41:37 Alixa: quitado en pos 2
16/4/2021 10:41:37 Miembros Party: 1
16/4/2021 10:41:37 Snow: vamos a quitarlo de party
16/4/2021 10:41:37 Snow: está en la party 1
16/4/2021 10:41:37 Snow: quitado en pos 1
16/4/2021 10:41:37 Miembros Party: 0
16/4/2021 10:41:37 NumeroPartys: 0
