16/5/2018 08:37:49 Se conecto con ip:127.0.0.1 SE: -1501514468
16/5/2018 08:37:58 CAMBIO CLAVE: eze@eze.com
16/5/2018 11:39:02 Se conecto con ip:127.0.0.1 SE: -1501514468
16/5/2018 11:39:15 Transporto a Rober hacia Mapa34 X:50 Y:50
16/5/2018 11:39:17 /TELEPLOC a x:44 Y:52 Map:34
16/5/2018 11:39:18 /TELEPLOC a x:38 Y:57 Map:34
16/5/2018 11:39:18 /TELEPLOC a x:31 Y:63 Map:34
16/5/2018 11:39:20 /TELEPLOC a x:25 Y:69 Map:34
16/5/2018 11:39:22 /TELEPLOC a x:23 Y:71 Map:34
16/5/2018 11:39:31 /TELEPLOC a x:59 Y:53 Map:293
16/5/2018 11:39:32 /TELEPLOC a x:52 Y:52 Map:293
16/5/2018 11:39:33 /TELEPLOC a x:47 Y:52 Map:293
16/5/2018 11:39:37 /TELEPLOC a x:67 Y:60 Map:296
16/5/2018 11:39:38 /TELEPLOC a x:66 Y:56 Map:296
16/5/2018 11:39:39 /TELEPLOC a x:65 Y:51 Map:296
16/5/2018 11:39:42 /TELEPLOC a x:65 Y:46 Map:296
16/5/2018 11:39:58 /TELEPLOC a x:58 Y:46 Map:296
16/5/2018 11:40:00 /TELEPLOC a x:56 Y:51 Map:296
16/5/2018 11:40:02 /TELEPLOC a x:53 Y:51 Map:296
16/5/2018 11:40:04 /TELEPLOC a x:51 Y:50 Map:296
16/5/2018 11:40:13 /TELEPLOC a x:54 Y:55 Map:296
16/5/2018 11:40:15 /TELEPLOC a x:60 Y:56 Map:296
16/5/2018 11:40:18 /TELEPLOC a x:64 Y:50 Map:296
16/5/2018 11:40:20 /TELEPLOC a x:63 Y:47 Map:296
16/5/2018 11:40:23 /TELEPLOC a x:67 Y:43 Map:296
16/5/2018 11:40:34 Transporto a Rober hacia Mapa34 X:50 Y:50
16/5/2018 11:40:35 /TELEPLOC a x:45 Y:55 Map:34
16/5/2018 11:40:38 /TELEPLOC a x:40 Y:61 Map:34
16/5/2018 11:40:39 /TELEPLOC a x:33 Y:65 Map:34
16/5/2018 11:40:41 /TELEPLOC a x:31 Y:70 Map:34
16/5/2018 11:40:42 /TELEPLOC a x:26 Y:73 Map:34
16/5/2018 11:41:01 /ACC Bicho:264 Map:34 X:28 Y:73
16/5/2018 11:41:12 /TELEPLOC a x:26 Y:73 Map:34
16/5/2018 11:41:16 /SUM cAOSC Map:34 X:26 Y:71
16/5/2018 11:42:31 /TELEPLOC a x:66 Y:48 Map:293
16/5/2018 11:42:31 /TELEPLOC a x:60 Y:51 Map:293
16/5/2018 11:42:31 /TELEPLOC a x:53 Y:54 Map:293
16/5/2018 11:42:31 /TELEPLOC a x:46 Y:57 Map:293
16/5/2018 11:42:32 /TELEPLOC a x:41 Y:57 Map:293
16/5/2018 11:42:32 /TELEPLOC a x:36 Y:57 Map:293
16/5/2018 11:42:33 /TELEPLOC a x:41 Y:53 Map:293
16/5/2018 11:42:33 /TELEPLOC a x:47 Y:51 Map:293
16/5/2018 11:42:35 /TELEPLOC a x:47 Y:53 Map:293
16/5/2018 11:42:37 /TELEPLOC a x:69 Y:59 Map:296
16/5/2018 11:42:38 /TELEPLOC a x:70 Y:54 Map:296
16/5/2018 11:42:38 /TELEPLOC a x:70 Y:49 Map:296
16/5/2018 11:42:38 /TELEPLOC a x:70 Y:44 Map:296
16/5/2018 11:42:39 /TELEPLOC a x:70 Y:39 Map:296
16/5/2018 11:42:41 /TELEPLOC a x:67 Y:44 Map:296
16/5/2018 11:42:47 /SUM cAOSC Map:296 X:66 Y:45
16/5/2018 11:43:02 Resucito a cAOSC
16/5/2018 11:43:04 /TELEPLOC a x:67 Y:44 Map:296
16/5/2018 12:03:42 Se conecto con ip:127.0.0.1 SE: -1501514468
16/5/2018 12:03:48 /TELEPLOC a x:31 Y:40 Map:34
16/5/2018 12:03:48 /TELEPLOC a x:27 Y:45 Map:34
16/5/2018 12:03:48 /TELEPLOC a x:24 Y:50 Map:34
16/5/2018 12:03:48 /TELEPLOC a x:21 Y:55 Map:34
16/5/2018 12:03:48 /TELEPLOC a x:18 Y:61 Map:34
16/5/2018 12:03:49 /TELEPLOC a x:15 Y:67 Map:34
16/5/2018 12:03:49 /TELEPLOC a x:12 Y:73 Map:34
16/5/2018 12:03:49 /TELEPLOC a x:10 Y:79 Map:34
16/5/2018 12:03:49 /TELEPLOC a x:9 Y:85 Map:34
16/5/2018 12:03:50 /TELEPLOC a x:9 Y:90 Map:34
16/5/2018 12:03:54 /TELEPLOC a x:14 Y:84 Map:34
16/5/2018 12:03:56 /TELEPLOC a x:20 Y:79 Map:34
16/5/2018 12:03:57 /TELEPLOC a x:22 Y:75 Map:34
16/5/2018 12:03:58 /TELEPLOC a x:24 Y:70 Map:34
16/5/2018 12:04:06 /TELEPLOC a x:66 Y:56 Map:293
16/5/2018 12:04:06 /TELEPLOC a x:60 Y:53 Map:293
16/5/2018 12:04:06 /TELEPLOC a x:53 Y:51 Map:293
16/5/2018 12:04:07 /TELEPLOC a x:47 Y:51 Map:293
16/5/2018 12:04:10 /TELEPLOC a x:71 Y:59 Map:296
16/5/2018 12:07:05 Transporto a Rober hacia Mapa296 X:65 Y:44
16/5/2018 12:07:13 Transporto a Rober hacia Mapa34 X:50 Y:50
16/5/2018 12:07:15 /TELEPLOC a x:45 Y:56 Map:34
16/5/2018 12:07:17 /TELEPLOC a x:41 Y:62 Map:34
16/5/2018 12:07:19 /TELEPLOC a x:37 Y:61 Map:34
16/5/2018 12:07:23 /TELEPLOC a x:33 Y:67 Map:34
16/5/2018 12:07:26 /TELEPLOC a x:28 Y:71 Map:34
16/5/2018 12:07:27 /TELEPLOC a x:23 Y:71 Map:34
16/5/2018 12:07:30 /DT
16/5/2018 12:07:40 /ACC Bicho:264 Map:34 X:24 Y:70
16/5/2018 12:07:45 /TELEPLOC a x:22 Y:69 Map:34
16/5/2018 12:07:53 /TELEPLOC a x:24 Y:69 Map:34
16/5/2018 12:07:55 /BLOQ
16/5/2018 12:09:58 Transporto a Rober hacia Mapa34 X:23 Y:70
16/5/2018 12:10:05 /TELEPLOC a x:22 Y:69 Map:34
16/5/2018 12:10:32 /TELEPLOC a x:23 Y:70 Map:34
16/5/2018 12:10:36 /SUM cAOSC Map:34 X:23 Y:70
16/5/2018 12:10:56 Transporto a Rober hacia Mapa34 X:50 Y:50
16/5/2018 12:10:58 /TELEPLOC a x:45 Y:51 Map:34
16/5/2018 12:10:58 /TELEPLOC a x:40 Y:54 Map:34
16/5/2018 12:11:01 /TELEPLOC a x:32 Y:58 Map:34
16/5/2018 12:11:02 /TELEPLOC a x:28 Y:63 Map:34
16/5/2018 12:11:04 /TELEPLOC a x:27 Y:69 Map:34
16/5/2018 12:11:06 /TELEPLOC a x:24 Y:70 Map:34
16/5/2018 12:11:07 /TELEPLOC a x:24 Y:71 Map:34
16/5/2018 12:11:10 /DT
16/5/2018 12:11:22 Transporto a Rober hacia Mapa34 X:50 Y:50
16/5/2018 12:11:23 /TELEPLOC a x:46 Y:52 Map:34
16/5/2018 12:11:23 /TELEPLOC a x:41 Y:56 Map:34
16/5/2018 12:11:23 /TELEPLOC a x:35 Y:60 Map:34
16/5/2018 12:11:23 /TELEPLOC a x:29 Y:64 Map:34
16/5/2018 12:11:23 /TELEPLOC a x:23 Y:68 Map:34
16/5/2018 12:11:24 /TELEPLOC a x:18 Y:73 Map:34
16/5/2018 12:11:26 /TELEPLOC a x:24 Y:70 Map:34
16/5/2018 12:11:28 /TELEPLOC a x:24 Y:71 Map:34
16/5/2018 12:11:57 /TELEPLOC a x:24 Y:69 Map:34
16/5/2018 12:11:59 /DS
16/5/2018 12:12:00 /TELEPLOC a x:24 Y:71 Map:34
16/5/2018 12:12:03 /DS
16/5/2018 16:22:40 Se conecto con ip:127.0.0.1 SE: -1501514468
16/5/2018 16:22:45 Transporto a Rober hacia Mapa35 X:50 Y:50
16/5/2018 16:22:47 /TELEPLOC a x:51 Y:47 Map:35
16/5/2018 16:22:48 /CC  Map:35 X:51 Y:47
16/5/2018 16:22:54 /ACC Bicho:585 Map:35 X:51 Y:47
16/5/2018 16:22:55 /ACC Bicho:585 Map:35 X:51 Y:47
16/5/2018 16:22:55 /ACC Bicho:585 Map:35 X:51 Y:47
16/5/2018 16:22:55 /ACC Bicho:585 Map:35 X:51 Y:47
16/5/2018 16:22:58 RAYO GM: Demonio de Fuego
16/5/2018 16:23:00 RAYO GM: Demonio de Fuego
16/5/2018 16:23:02 RAYO GM: Demonio de Fuego
16/5/2018 16:23:03 RAYO GM: Demonio de Fuego
16/5/2018 16:23:05 /ACC Bicho:585 Map:35 X:48 Y:42
16/5/2018 16:23:06 /ACC Bicho:585 Map:35 X:48 Y:42
16/5/2018 16:23:06 /ACC Bicho:585 Map:35 X:48 Y:42
16/5/2018 16:23:07 /ACC Bicho:585 Map:35 X:48 Y:42
16/5/2018 16:23:07 /ACC Bicho:585 Map:35 X:48 Y:42
16/5/2018 16:23:07 /ACC Bicho:585 Map:35 X:48 Y:42
16/5/2018 16:23:09 RAYO GM: Demonio de Fuego
16/5/2018 16:23:11 RAYO GM: Demonio de Fuego
16/5/2018 16:23:12 RAYO GM: Demonio de Fuego
16/5/2018 16:23:13 RAYO GM: Demonio de Fuego
16/5/2018 16:23:14 RAYO GM: Demonio de Fuego
16/5/2018 16:23:15 RAYO GM: Demonio de Fuego
16/5/2018 16:23:19 /LIMPI Mapa: 35
16/5/2018 16:24:24 /CC  Map:35 X:48 Y:42
16/5/2018 16:24:27 /ACC Bicho:585 Map:35 X:48 Y:42
16/5/2018 16:24:28 /ACC Bicho:585 Map:35 X:48 Y:42
16/5/2018 16:24:28 /ACC Bicho:585 Map:35 X:48 Y:42
16/5/2018 16:24:29 /ACC Bicho:585 Map:35 X:48 Y:42
16/5/2018 16:24:29 /ACC Bicho:585 Map:35 X:48 Y:42
16/5/2018 16:24:31 RAYO GM: Demonio de Fuego
16/5/2018 16:24:32 RAYO GM: Demonio de Fuego
16/5/2018 16:24:38 /TELEPLOC a x:41 Y:36 Map:34
16/5/2018 16:24:39 /TELEPLOC a x:48 Y:34 Map:34
16/5/2018 16:24:39 /TELEPLOC a x:55 Y:32 Map:34
16/5/2018 16:24:39 /TELEPLOC a x:61 Y:30 Map:34
16/5/2018 16:24:40 /TELEPLOC a x:65 Y:34 Map:34
16/5/2018 16:24:49 Transporto a Rober hacia Mapa35 X:50 Y:50
16/5/2018 16:24:51 /TELEPLOC a x:48 Y:46 Map:35
16/5/2018 16:24:58 Agarro:1 Objeto:Doble Daga
16/5/2018 16:25:00 RAYO GM: Demonio de Fuego
16/5/2018 16:25:02 RAYO GM: Demonio de Fuego
16/5/2018 16:25:03 RAYO GM: Demonio de Fuego
16/5/2018 16:25:05 /ACC Bicho:585 Map:35 X:49 Y:46
16/5/2018 16:25:06 /ACC Bicho:585 Map:35 X:49 Y:46
16/5/2018 16:25:06 /ACC Bicho:585 Map:35 X:49 Y:46
16/5/2018 16:25:06 /ACC Bicho:585 Map:35 X:49 Y:46
16/5/2018 16:25:07 /ACC Bicho:585 Map:35 X:49 Y:46
16/5/2018 16:25:07 /ACC Bicho:585 Map:35 X:49 Y:46
16/5/2018 16:25:09 RAYO GM: Demonio de Fuego
16/5/2018 16:25:10 RAYO GM: Demonio de Fuego
16/5/2018 16:25:11 RAYO GM: Demonio de Fuego
16/5/2018 16:25:13 RAYO GM: Demonio de Fuego
16/5/2018 16:25:14 RAYO GM: Demonio de Fuego
16/5/2018 16:25:15 RAYO GM: Demonio de Fuego
16/5/2018 16:25:19 /LIMPI Mapa: 3
16/5/2018 16:25:27 /LIMPI Mapa: 35
16/5/2018 16:28:31 /ACC Bicho:585 Map:35 X:49 Y:43
16/5/2018 16:28:32 /ACC Bicho:585 Map:35 X:49 Y:43
16/5/2018 16:28:32 /ACC Bicho:585 Map:35 X:49 Y:43
16/5/2018 16:28:32 /ACC Bicho:585 Map:35 X:49 Y:43
16/5/2018 16:28:33 /ACC Bicho:585 Map:35 X:49 Y:43
16/5/2018 16:28:33 /ACC Bicho:585 Map:35 X:49 Y:43
16/5/2018 16:28:35 RAYO GM: Demonio de Fuego
16/5/2018 16:28:36 /TELEPLOC a x:48 Y:45 Map:35
16/5/2018 16:28:38 RAYO GM: Demonio de Fuego
16/5/2018 16:28:40 RAYO GM: Demonio de Fuego
16/5/2018 16:28:42 RAYO GM: Demonio de Fuego
16/5/2018 16:28:48 /LIMPI Mapa: 35
16/5/2018 16:30:05 RAYO GM: Demonio de Fuego
16/5/2018 16:30:07 RAYO GM: Demonio de Fuego
16/5/2018 16:30:13 /LIMPI Mapa: 49
16/5/2018 16:30:17 /LIMPI Mapa: 35
16/5/2018 16:30:29 /ACC Bicho:585 Map:35 X:48 Y:45
16/5/2018 16:30:31 RAYO GM: Demonio de Fuego
16/5/2018 16:30:34 /ACC Bicho:585 Map:35 X:48 Y:45
16/5/2018 16:30:36 RAYO GM: Demonio de Fuego
16/5/2018 16:30:38 /ACC Bicho:585 Map:35 X:48 Y:45
16/5/2018 16:30:39 RAYO GM: Demonio de Fuego
16/5/2018 16:30:41 /TELEPLOC a x:55 Y:45 Map:35
16/5/2018 16:30:43 /ACC Bicho:585 Map:35 X:55 Y:45
16/5/2018 16:30:45 RAYO GM: Demonio de Fuego
16/5/2018 16:30:46 /TELEPLOC a x:53 Y:45 Map:35
16/5/2018 16:30:48 RAYO GM: Regalo de Dioses
16/5/2018 16:30:49 /ACC Bicho:585 Map:35 X:53 Y:45
16/5/2018 16:30:51 RAYO GM: Demonio de Fuego
16/5/2018 16:30:59 /LIMPI Mapa: 35
16/5/2018 16:31:00 /TELEPLOC a x:51 Y:50 Map:35
16/5/2018 16:31:00 /TELEPLOC a x:49 Y:55 Map:35
16/5/2018 16:31:00 /TELEPLOC a x:47 Y:60 Map:35
16/5/2018 16:31:01 /TELEPLOC a x:47 Y:56 Map:35
16/5/2018 16:31:01 /TELEPLOC a x:47 Y:51 Map:35
16/5/2018 16:31:01 /TELEPLOC a x:48 Y:46 Map:35
16/5/2018 16:31:02 /TELEPLOC a x:48 Y:43 Map:35
16/5/2018 16:31:09 /ACC Bicho:585 Map:35 X:48 Y:43
16/5/2018 16:31:10 RAYO GM: Demonio de Fuego
16/5/2018 16:31:15 /ACC Bicho:585 Map:35 X:48 Y:43
16/5/2018 16:31:17 RAYO GM: Demonio de Fuego
16/5/2018 16:33:05 /LIMPI Mapa: 49
16/5/2018 16:33:09 /LIMPI Mapa: 35
16/5/2018 16:33:12 /ACC Bicho:585 Map:35 X:48 Y:43
16/5/2018 16:33:13 /ACC Bicho:585 Map:35 X:48 Y:43
16/5/2018 16:33:15 RAYO GM: Demonio de Fuego
16/5/2018 16:33:16 RAYO GM: Demonio de Fuego
16/5/2018 16:33:18 /ACC Bicho:585 Map:35 X:48 Y:43
16/5/2018 16:33:18 /ACC Bicho:585 Map:35 X:48 Y:43
16/5/2018 16:33:19 /ACC Bicho:585 Map:35 X:48 Y:43
16/5/2018 16:33:19 /ACC Bicho:585 Map:35 X:48 Y:43
16/5/2018 16:33:19 /ACC Bicho:585 Map:35 X:48 Y:43
16/5/2018 16:33:20 /ACC Bicho:585 Map:35 X:48 Y:43
16/5/2018 16:33:22 RAYO GM: Demonio de Fuego
16/5/2018 16:33:23 RAYO GM: Demonio de Fuego
16/5/2018 16:33:25 RAYO GM: Demonio de Fuego
16/5/2018 16:33:26 RAYO GM: Demonio de Fuego
16/5/2018 16:33:28 RAYO GM: Demonio de Fuego
16/5/2018 16:33:29 RAYO GM: Demonio de Fuego
16/5/2018 16:33:31 /ACC Bicho:585 Map:35 X:48 Y:43
16/5/2018 16:33:31 /ACC Bicho:585 Map:35 X:48 Y:43
16/5/2018 16:33:31 /ACC Bicho:585 Map:35 X:48 Y:43
16/5/2018 16:33:31 /ACC Bicho:585 Map:35 X:48 Y:43
16/5/2018 16:33:33 RAYO GM: Demonio de Fuego
16/5/2018 16:33:36 RAYO GM: Demonio de Fuego
16/5/2018 16:33:37 RAYO GM: Demonio de Fuego
16/5/2018 16:33:38 RAYO GM: Demonio de Fuego
16/5/2018 16:33:41 /ACC Bicho:585 Map:35 X:48 Y:43
16/5/2018 16:33:41 /ACC Bicho:585 Map:35 X:48 Y:43
16/5/2018 16:33:41 /ACC Bicho:585 Map:35 X:48 Y:43
16/5/2018 16:33:42 /ACC Bicho:585 Map:35 X:48 Y:43
16/5/2018 16:33:42 /ACC Bicho:585 Map:35 X:48 Y:43
16/5/2018 16:33:44 RAYO GM: Demonio de Fuego
16/5/2018 16:33:45 RAYO GM: Demonio de Fuego
16/5/2018 16:33:47 RAYO GM: Demonio de Fuego
16/5/2018 16:33:48 RAYO GM: Demonio de Fuego
16/5/2018 16:33:50 RAYO GM: Demonio de Fuego
16/5/2018 16:33:54 /LIMPI Mapa: 35
16/5/2018 16:33:55 /ACC Bicho:585 Map:35 X:48 Y:43
16/5/2018 16:33:55 /ACC Bicho:585 Map:35 X:48 Y:43
16/5/2018 16:33:56 /ACC Bicho:585 Map:35 X:48 Y:43
16/5/2018 16:33:56 /ACC Bicho:585 Map:35 X:48 Y:43
16/5/2018 16:33:56 /ACC Bicho:585 Map:35 X:48 Y:43
16/5/2018 16:33:57 /ACC Bicho:585 Map:35 X:48 Y:43
16/5/2018 16:33:57 /ACC Bicho:585 Map:35 X:48 Y:43
16/5/2018 16:33:59 RAYO GM: Demonio de Fuego
16/5/2018 16:34:00 RAYO GM: Demonio de Fuego
16/5/2018 16:34:01 RAYO GM: Demonio de Fuego
16/5/2018 16:34:03 RAYO GM: Demonio de Fuego
16/5/2018 16:34:04 RAYO GM: Demonio de Fuego
16/5/2018 16:34:05 RAYO GM: Demonio de Fuego
16/5/2018 16:34:06 RAYO GM: Demonio de Fuego
16/5/2018 16:35:17 /ACC Bicho:585 Map:35 X:48 Y:43
16/5/2018 16:35:17 /ACC Bicho:585 Map:35 X:48 Y:43
16/5/2018 16:35:19 RAYO GM: Demonio de Fuego
16/5/2018 16:35:21 RAYO GM: Demonio de Fuego
16/5/2018 16:35:22 /TELEPLOC a x:52 Y:47 Map:35
16/5/2018 16:35:23 /ACC Bicho:585 Map:35 X:52 Y:47
16/5/2018 16:35:23 /ACC Bicho:585 Map:35 X:52 Y:47
16/5/2018 16:35:24 /ACC Bicho:585 Map:35 X:52 Y:47
16/5/2018 16:35:24 /ACC Bicho:585 Map:35 X:52 Y:47
16/5/2018 16:35:26 RAYO GM: Demonio de Fuego
16/5/2018 16:35:27 RAYO GM: Demonio de Fuego
16/5/2018 16:35:28 RAYO GM: Demonio de Fuego
16/5/2018 16:35:30 RAYO GM: Demonio de Fuego
16/5/2018 16:35:33 /TELEPLOC a x:47 Y:46 Map:35
16/5/2018 16:35:35 /ACC Bicho:585 Map:35 X:47 Y:46
16/5/2018 16:35:35 /ACC Bicho:585 Map:35 X:47 Y:46
16/5/2018 16:35:36 /ACC Bicho:585 Map:35 X:47 Y:46
16/5/2018 16:35:36 /ACC Bicho:585 Map:35 X:47 Y:46
16/5/2018 16:35:38 RAYO GM: Demonio de Fuego
16/5/2018 16:35:39 RAYO GM: Demonio de Fuego
16/5/2018 16:35:40 RAYO GM: Demonio de Fuego
16/5/2018 16:35:41 RAYO GM: Demonio de Fuego
16/5/2018 16:35:46 /LIMPI Mapa: 35
16/5/2018 16:36:03 RAYO GM: Regalo de Dioses
16/5/2018 16:36:04 RAYO GM: Regalo de Dioses
17/5/2018 18:35:26 Se conecto con ip:127.0.0.1 SE: -1501514468
17/5/2018 18:36:38 /ACC Bicho:620 Map:35 X:48 Y:44
17/5/2018 18:36:57 Se conecto con ip:127.0.0.1 SE: -1501514468
26/5/2018 11:12:30 Se conecto con ip:127.0.0.1 SE: -1501514468
26/5/2018 11:17:17 /TELEPLOC a x:50 Y:46 Map:35
26/5/2018 11:17:18 /TELEPLOC a x:46 Y:45 Map:35
26/5/2018 17:45:46 Se conecto con ip:127.0.0.1 SE: -1501514468
27/5/2018 15:10:13 Se conecto con ip:127.0.0.1 SE: -1501514468
