15/11/2018 9:22:59 p. m. Se conecto con ip:127.0.0.1 SE: 403012470
15/11/2018 9:23:05 p. m. /mod roto level 30
15/11/2018 9:23:08 p. m. Transporto a ROTO hacia Mapa34 X:50 Y:50
15/11/2018 9:23:09 p. m. /TELEPLOC a x:45 Y:48 Map:34
15/11/2018 9:23:10 p. m. /TELEPLOC a x:44 Y:44 Map:34
15/11/2018 9:23:10 p. m. /TELEPLOC a x:45 Y:40 Map:34
15/11/2018 9:23:11 p. m. /TELEPLOC a x:46 Y:37 Map:34
15/11/2018 9:23:12 p. m. /TELEPLOC a x:51 Y:37 Map:34
15/11/2018 9:23:12 p. m. /TELEPLOC a x:56 Y:39 Map:34
15/11/2018 9:23:13 p. m. /TELEPLOC a x:56 Y:37 Map:34
15/11/2018 9:23:14 p. m. /TELEPLOC a x:52 Y:37 Map:34
15/11/2018 9:23:14 p. m. /TELEPLOC a x:47 Y:37 Map:34
15/11/2018 9:23:15 p. m. /TELEPLOC a x:44 Y:36 Map:34
15/11/2018 9:23:16 p. m. /TELEPLOC a x:44 Y:32 Map:34
15/11/2018 9:23:17 p. m. /TELEPLOC a x:47 Y:36 Map:34
15/11/2018 9:23:17 p. m. /TELEPLOC a x:49 Y:40 Map:34
15/11/2018 9:23:18 p. m. /TELEPLOC a x:54 Y:42 Map:34
15/11/2018 9:23:20 p. m. /TELEPLOC a x:55 Y:43 Map:34
15/11/2018 9:23:25 p. m. /TELEPLOC a x:50 Y:46 Map:34
15/11/2018 9:23:25 p. m. /TELEPLOC a x:47 Y:51 Map:34
15/11/2018 9:23:25 p. m. /TELEPLOC a x:43 Y:54 Map:34
15/11/2018 9:23:25 p. m. /TELEPLOC a x:40 Y:58 Map:34
15/11/2018 9:23:26 p. m. /TELEPLOC a x:38 Y:62 Map:34
15/11/2018 9:23:26 p. m. /TELEPLOC a x:34 Y:66 Map:34
15/11/2018 9:23:27 p. m. /TELEPLOC a x:36 Y:71 Map:34
15/11/2018 9:23:27 p. m. /TELEPLOC a x:37 Y:76 Map:34
15/11/2018 9:23:27 p. m. /TELEPLOC a x:35 Y:80 Map:34
15/11/2018 9:23:28 p. m. /TELEPLOC a x:37 Y:84 Map:34
15/11/2018 9:23:54 p. m. /mod roto objetox 612
15/11/2018 9:23:55 p. m. Agarro:1000 Objeto:Invocar super elemental de cristal
15/11/2018 9:23:57 p. m. /TELEPLOC a x:36 Y:75 Map:34
15/11/2018 9:23:57 p. m. /TELEPLOC a x:36 Y:70 Map:34
15/11/2018 9:23:57 p. m. /TELEPLOC a x:36 Y:65 Map:34
15/11/2018 9:23:58 p. m. /TELEPLOC a x:34 Y:60 Map:34
15/11/2018 9:23:58 p. m. /TELEPLOC a x:36 Y:55 Map:34
15/11/2018 9:23:58 p. m. /TELEPLOC a x:39 Y:50 Map:34
15/11/2018 9:23:58 p. m. /TELEPLOC a x:42 Y:45 Map:34
15/11/2018 9:23:59 p. m. /TELEPLOC a x:48 Y:45 Map:34
15/11/2018 9:24:00 p. m. /TELEPLOC a x:52 Y:43 Map:34
15/11/2018 9:24:00 p. m. /TELEPLOC a x:56 Y:41 Map:34
15/11/2018 9:24:00 p. m. /TELEPLOC a x:60 Y:40 Map:34
15/11/2018 9:24:01 p. m. /TELEPLOC a x:66 Y:41 Map:34
15/11/2018 9:24:02 p. m. /TELEPLOC a x:68 Y:43 Map:34
15/11/2018 9:24:07 p. m. /TELEPLOC a x:67 Y:47 Map:34
15/11/2018 9:24:08 p. m. /TELEPLOC a x:65 Y:51 Map:34
15/11/2018 9:24:08 p. m. /TELEPLOC a x:62 Y:54 Map:34
15/11/2018 9:24:09 p. m. /TELEPLOC a x:59 Y:56 Map:34
15/11/2018 9:24:09 p. m. /TELEPLOC a x:57 Y:58 Map:34
15/11/2018 9:24:09 p. m. /TELEPLOC a x:55 Y:61 Map:34
15/11/2018 9:24:10 p. m. /TELEPLOC a x:53 Y:65 Map:34
15/11/2018 9:24:10 p. m. /TELEPLOC a x:51 Y:68 Map:34
15/11/2018 9:24:10 p. m. /TELEPLOC a x:47 Y:70 Map:34
15/11/2018 9:24:11 p. m. /TELEPLOC a x:44 Y:70 Map:34
15/11/2018 9:24:12 p. m. /TELEPLOC a x:39 Y:71 Map:34
15/11/2018 9:24:12 p. m. /TELEPLOC a x:34 Y:72 Map:34
15/11/2018 9:25:34 p. m. Se conecto con ip:127.0.0.1 SE: 403012470
15/11/2018 9:29:19 p. m. Se conecto con ip:127.0.0.1 SE: 403012470
15/11/2018 9:30:04 p. m. Se conecto con ip:127.0.0.1 SE: 403012470
15/11/2018 9:30:22 p. m. Transporto a ROTO hacia Mapa166 X:50 Y:50
15/11/2018 9:30:23 p. m. /TELEPLOC a x:46 Y:49 Map:166
15/11/2018 9:30:23 p. m. /TELEPLOC a x:41 Y:49 Map:166
15/11/2018 9:30:24 p. m. /TELEPLOC a x:36 Y:49 Map:166
15/11/2018 9:30:32 p. m. /TELEPLOC a x:35 Y:56 Map:166
15/11/2018 9:30:32 p. m. /TELEPLOC a x:38 Y:62 Map:166
15/11/2018 9:30:32 p. m. /TELEPLOC a x:41 Y:66 Map:166
15/11/2018 9:30:33 p. m. /TELEPLOC a x:41 Y:71 Map:166
15/11/2018 9:30:34 p. m. RAYO GM: Puerta Castillo
15/11/2018 9:30:35 p. m. /TELEPLOC a x:36 Y:65 Map:166
15/11/2018 9:30:36 p. m. /TELEPLOC a x:31 Y:61 Map:166
15/11/2018 9:30:36 p. m. /TELEPLOC a x:27 Y:57 Map:166
15/11/2018 9:30:36 p. m. /TELEPLOC a x:29 Y:53 Map:166
15/11/2018 9:30:37 p. m. /TELEPLOC a x:30 Y:47 Map:166
15/11/2018 9:30:38 p. m. RAYO GM: Rey del Castillo
15/11/2018 9:30:39 p. m. /TELEPLOC a x:28 Y:45 Map:166
15/11/2018 9:34:51 p. m. Se conecto con ip:127.0.0.1 SE: 403012470
15/11/2018 9:36:22 p. m. Se conecto con ip:127.0.0.1 SE: 403012470
15/11/2018 9:37:35 p. m. Se conecto con ip:127.0.0.1 SE: 403012470
15/11/2018 9:46:45 p. m. Se conecto con ip:127.0.0.1 SE: 403012470
15/11/2018 9:46:56 p. m. /TELEPLOC a x:36 Y:83 Map:166
15/11/2018 9:46:57 p. m. /TELEPLOC a x:38 Y:78 Map:166
15/11/2018 9:47:00 p. m. /TELEPLOC a x:34 Y:73 Map:166
15/11/2018 9:47:00 p. m. /TELEPLOC a x:30 Y:67 Map:166
15/11/2018 9:47:00 p. m. /TELEPLOC a x:27 Y:62 Map:166
15/11/2018 9:47:01 p. m. /TELEPLOC a x:25 Y:57 Map:166
15/11/2018 9:47:01 p. m. /TELEPLOC a x:25 Y:52 Map:166
15/11/2018 9:47:01 p. m. /TELEPLOC a x:27 Y:47 Map:166
15/11/2018 9:47:02 p. m. /TELEPLOC a x:28 Y:46 Map:166
15/11/2018 9:47:16 p. m. /TELEPLOC a x:57 Y:25 Map:185
15/11/2018 9:47:19 p. m. /TELEPLOC a x:64 Y:18 Map:185
15/11/2018 9:47:19 p. m. /TELEPLOC a x:69 Y:16 Map:185
15/11/2018 9:47:19 p. m. /TELEPLOC a x:74 Y:14 Map:185
15/11/2018 9:47:19 p. m. /TELEPLOC a x:78 Y:12 Map:185
15/11/2018 9:47:20 p. m. /TELEPLOC a x:83 Y:15 Map:185
15/11/2018 9:47:23 p. m. /TELEPLOC a x:82 Y:74 Map:186
15/11/2018 9:47:23 p. m. /TELEPLOC a x:77 Y:72 Map:186
15/11/2018 9:47:23 p. m. /TELEPLOC a x:73 Y:67 Map:186
15/11/2018 9:47:24 p. m. /TELEPLOC a x:72 Y:62 Map:186
15/11/2018 9:47:24 p. m. /TELEPLOC a x:72 Y:57 Map:186
15/11/2018 9:47:24 p. m. /TELEPLOC a x:74 Y:52 Map:186
15/11/2018 9:47:25 p. m. /TELEPLOC a x:75 Y:47 Map:186
15/11/2018 9:47:25 p. m. /TELEPLOC a x:76 Y:42 Map:186
15/11/2018 9:47:26 p. m. /TELEPLOC a x:76 Y:39 Map:186
15/11/2018 9:47:35 p. m. Transporto a ROTO hacia Mapa34 X:50 Y:50
15/11/2018 9:47:36 p. m. /TELEPLOC a x:44 Y:51 Map:34
15/11/2018 9:47:36 p. m. /TELEPLOC a x:41 Y:57 Map:34
15/11/2018 9:47:37 p. m. /TELEPLOC a x:36 Y:62 Map:34
15/11/2018 9:47:37 p. m. /TELEPLOC a x:32 Y:67 Map:34
15/11/2018 9:47:38 p. m. /TELEPLOC a x:28 Y:72 Map:34
15/11/2018 9:47:39 p. m. /TELEPLOC a x:23 Y:73 Map:34
15/11/2018 9:47:40 p. m. /TELEPLOC a x:26 Y:72 Map:34
15/11/2018 9:47:40 p. m. /TELEPLOC a x:29 Y:72 Map:34
15/11/2018 9:47:41 p. m. /TELEPLOC a x:33 Y:70 Map:34
15/11/2018 9:47:41 p. m. /TELEPLOC a x:34 Y:67 Map:34
15/11/2018 9:47:42 p. m. /TELEPLOC a x:34 Y:62 Map:34
15/11/2018 9:47:43 p. m. /TELEPLOC a x:33 Y:57 Map:34
15/11/2018 9:53:32 p. m. Se conecto con ip:127.0.0.1 SE: 403012470
15/11/2018 9:59:05 p. m. Se conecto con ip:127.0.0.1 SE: 403012470
17/11/2018 12:28:07 p. m. Se conecto con ip:127.0.0.1 SE: 403012470
17/11/2018 12:34:33 p. m. Se conecto con ip:127.0.0.1 SE: 403012470
17/11/2018 12:40:53 p. m. Se conecto con ip:127.0.0.1 SE: 403012470
09/10/2020 22:01:49 Se conecto con ip:127.0.0.1 SE: -894315119
09/10/2020 22:01:55 Transporto a rOTO hacia Mapa49 X:50 Y:50
09/10/2020 22:01:56 /TELEPLOC a x:43 Y:56 Map:49
09/10/2020 22:01:57 /TELEPLOC a x:38 Y:58 Map:49
09/10/2020 22:02:23 Se conecto con ip:127.0.0.1 SE: -894315119
09/10/2020 22:02:49 /IRA Alianza Mapa:34 X:35 Y:90
09/10/2020 22:02:57 /TELEPLOC a x:36 Y:86 Map:34
09/10/2020 22:06:30 Transporto a rOTO hacia Mapa49 X:50 Y:50
09/10/2020 22:06:31 /TELEPLOC a x:41 Y:57 Map:49
09/10/2020 22:06:32 /TELEPLOC a x:36 Y:59 Map:49
09/10/2020 22:08:13 /MATA NPC SIN INICIAR
09/10/2020 22:08:18 /TELEPLOC a x:39 Y:55 Map:49
09/10/2020 22:09:09 /SUM Alianza Map:49 X:36 Y:58
09/10/2020 22:09:12 /DEV Alianza Map:34 X:28 Y:90
09/10/2020 22:09:24 /SUM Alianza Map:49 X:36 Y:58
09/10/2020 22:09:26 /DEV Alianza Map:34 X:28 Y:90
