26/5/2020 01:18:16 RAYO GM: Hormiga Gigante
26/5/2020 01:18:55 RAYO GM: Hormiga Gigante
26/5/2020 01:18:57 RAYO GM: Hormiga Gigante
26/5/2020 01:18:58 RAYO GM: Imp
26/5/2020 01:19:08 RAYO GM: Imp
26/5/2020 01:19:16 RAYO GM: Guardia Imperial
26/5/2020 01:19:17 RAYO GM: Guardia Imperial
26/5/2020 01:19:18 RAYO GM: Guardia Imperial
26/5/2020 01:19:19 RAYO GM: Guardia Imperial
26/5/2020 01:19:20 RAYO GM: Guardia Imperial
26/5/2020 01:19:24 RAYO GM: Guardia Imperial
26/5/2020 01:19:28 RAYO GM: Devastador
26/5/2020 01:19:47 RAYO GM: Treant Joven
26/5/2020 01:19:51 RAYO GM: Treant Joven
26/5/2020 01:19:55 RAYO GM: Serpiente
26/5/2020 01:20:00 RAYO GM: Serpiente
26/5/2020 01:20:01 RAYO GM: Vaca
26/5/2020 01:20:02 RAYO GM: Vaca
26/5/2020 12:02:01 RAYO GM: Treant Joven
26/5/2020 12:02:03 RAYO GM: Serpiente
26/5/2020 12:02:04 RAYO GM: Treant Joven
26/5/2020 12:02:09 RAYO GM: Treant Joven
26/5/2020 12:02:16 RAYO GM: Serpiente
26/5/2020 12:02:19 RAYO GM: Serpiente
26/5/2020 12:02:21 RAYO GM: Treant Joven
26/5/2020 12:02:27 RAYO GM: Treant Joven
26/5/2020 12:02:37 RAYO GM: Treant Joven
26/5/2020 12:05:50 RAYO GM: Treant Joven
26/5/2020 12:05:52 RAYO GM: Serpiente
26/5/2020 12:05:54 RAYO GM: Treant Joven
26/5/2020 12:05:55 RAYO GM: Treant Joven
26/5/2020 12:06:01 RAYO GM: Treant Joven
26/5/2020 12:06:08 RAYO GM: Treant Joven
26/5/2020 12:06:14 RAYO GM: Serpiente
26/5/2020 12:06:17 RAYO GM: Imp
26/5/2020 12:06:29 RAYO GM: Serpiente
26/5/2020 12:06:38 RAYO GM: Treant Joven
26/5/2020 12:11:39 RAYO GM: Roti
26/5/2020 12:18:24 RAYO GM: Roti
26/5/2020 12:19:19 RAYO GM: Roti
