5/6/2020 19:57:44 Se conecto con ip:127.0.0.1 SE: -597086235
5/6/2020 19:57:59 Transporto a Yeah hacia Mapa89 X:50 Y:50
5/6/2020 20:04:55 Se conecto con ip:127.0.0.1 SE: -597086235
5/6/2020 20:08:35 Se conecto con ip:127.0.0.1 SE: -597086235
5/6/2020 20:10:42 Transporto a Yeah hacia Mapa16 X:50 Y:50
5/6/2020 20:12:48 Se conecto con ip:127.0.0.1 SE: -597086235
5/6/2020 20:13:17 /TELEPLOC a x:75 Y:27 Map:12
5/6/2020 20:13:17 /TELEPLOC a x:68 Y:27 Map:12
5/6/2020 20:13:17 /TELEPLOC a x:61 Y:27 Map:12
5/6/2020 20:13:18 /TELEPLOC a x:54 Y:28 Map:12
5/6/2020 20:13:24 Transporto a Yeah hacia Mapa55 X:50 Y:50
5/6/2020 20:13:59 Transporto a Yeah hacia Mapa140 X:50 Y:50
5/6/2020 20:14:01 /TELEPLOC a x:53 Y:50 Map:140
5/6/2020 20:14:11 Transporto a Yeah hacia Mapa49 X:50 Y:50
5/6/2020 20:14:12 /TELEPLOC a x:49 Y:54 Map:49
5/6/2020 20:14:12 /TELEPLOC a x:48 Y:58 Map:49
5/6/2020 20:24:58 Se conecto con ip:127.0.0.1 SE: -597086235
5/6/2020 20:25:12 Transporto a Yeah hacia Mapa34 X:50 Y:50
5/6/2020 20:25:13 /TELEPLOC a x:48 Y:53 Map:34
5/6/2020 20:25:13 /TELEPLOC a x:46 Y:57 Map:34
5/6/2020 20:25:17 /TELEPLOC a x:39 Y:70 Map:34
5/6/2020 20:25:18 /TELEPLOC a x:32 Y:72 Map:34
5/6/2020 20:25:18 /TELEPLOC a x:25 Y:75 Map:34
5/6/2020 20:25:19 /TELEPLOC a x:25 Y:78 Map:34
14/6/2020 02:01:46 Se conecto con ip:127.0.0.1 SE: -597086235
14/6/2020 02:28:00 Se conecto con ip:127.0.0.1 SE: -597086235
14/6/2020 02:28:01 /TELEPLOC a x:35 Y:82 Map:34
14/6/2020 02:28:01 /TELEPLOC a x:35 Y:78 Map:34
14/6/2020 02:28:02 /TELEPLOC a x:35 Y:74 Map:34
14/6/2020 02:28:02 /TELEPLOC a x:35 Y:70 Map:34
14/6/2020 02:28:02 /TELEPLOC a x:34 Y:66 Map:34
14/6/2020 02:28:02 /TELEPLOC a x:33 Y:62 Map:34
14/6/2020 02:28:05 /CC  Map:34 X:33 Y:58
14/6/2020 02:28:10 Sumoneo Tritón
14/6/2020 02:28:36 Se conecto con ip:127.0.0.1 SE: -597086235
14/6/2020 02:28:38 /TELEPLOC a x:34 Y:81 Map:34
14/6/2020 02:28:38 /TELEPLOC a x:38 Y:76 Map:34
14/6/2020 02:28:39 /TELEPLOC a x:40 Y:71 Map:34
14/6/2020 02:28:39 /TELEPLOC a x:41 Y:67 Map:34
14/6/2020 02:28:39 /TELEPLOC a x:41 Y:63 Map:34
14/6/2020 02:28:39 /TELEPLOC a x:37 Y:61 Map:34
14/6/2020 02:28:40 /TELEPLOC a x:33 Y:58 Map:34
14/6/2020 02:28:40 /TELEPLOC a x:30 Y:55 Map:34
14/6/2020 02:28:41 /TELEPLOC a x:34 Y:60 Map:34
14/6/2020 02:28:45 RAYO GM: Tritón
14/6/2020 02:28:46 /TELEPLOC a x:34 Y:63 Map:34
14/6/2020 02:28:46 /TELEPLOC a x:34 Y:66 Map:34
14/6/2020 02:28:47 /TELEPLOC a x:34 Y:68 Map:34
14/6/2020 02:28:47 /TELEPLOC a x:34 Y:67 Map:34
14/6/2020 02:28:48 /TELEPLOC a x:34 Y:66 Map:34
14/6/2020 02:28:52 /CC  Map:34 X:34 Y:66
14/6/2020 02:29:04 Sumoneo Medusa
14/6/2020 02:32:07 Se conecto con ip:127.0.0.1 SE: -597086235
14/6/2020 02:33:02 Se conecto con ip:127.0.0.1 SE: -597086235
14/6/2020 02:33:04 /TELEPLOC a x:32 Y:81 Map:34
14/6/2020 02:33:05 /TELEPLOC a x:32 Y:77 Map:34
14/6/2020 02:33:05 /TELEPLOC a x:31 Y:73 Map:34
14/6/2020 02:33:05 /TELEPLOC a x:29 Y:69 Map:34
14/6/2020 02:33:05 /TELEPLOC a x:28 Y:65 Map:34
14/6/2020 02:33:08 RAYO GM: Medusa
14/6/2020 12:18:11 Se conecto con ip:127.0.0.1 SE: -597086235
14/6/2020 12:18:31 Se conecto con ip:127.0.0.1 SE: -597086235
14/6/2020 12:18:38 RAYO GM: Araña gigante
14/6/2020 12:18:40 RAYO GM: Troglodita
14/6/2020 12:18:41 RAYO GM: Troglodita
14/6/2020 12:25:10 Se conecto con ip:127.0.0.1 SE: -597086235
14/6/2020 19:06:32 Se conecto con ip:127.0.0.1 SE: -597086235
14/6/2020 19:06:46 /SUM Zaca Fleshas Map:34 X:32 Y:87
14/6/2020 19:07:13 /mod zaca+fleshas level 1
14/6/2020 19:07:42 /mod zaca+fleshas level 55
14/6/2020 19:07:45 Tiro cantidad:1 Objeto:Amuleto Ankh
14/6/2020 19:08:53 /SUM Zaca Fleshas Map:34 X:35 Y:86
14/6/2020 19:09:12 /mod zaca fleshas exp 99999999
14/6/2020 19:09:20 /mod zaca+fleshas exp 99999999
14/6/2020 19:09:22 /mod zaca+fleshas exp 99999999
14/6/2020 19:09:23 /mod zaca+fleshas exp 99999999
14/6/2020 19:09:25 /mod zaca+fleshas exp 99999999
14/6/2020 19:09:26 /mod zaca+fleshas exp 99999999
14/6/2020 19:09:26 /mod zaca+fleshas exp 99999999
14/6/2020 19:09:27 /mod zaca+fleshas exp 99999999
14/6/2020 19:09:28 /mod zaca+fleshas exp 99999999
14/6/2020 19:09:29 /mod zaca+fleshas exp 99999999
14/6/2020 19:09:31 /mod zaca+fleshas exp 99999999
14/6/2020 19:09:31 /mod zaca+fleshas exp 99999999
14/6/2020 19:09:32 /mod zaca+fleshas exp 99999999
14/6/2020 19:09:33 /mod zaca+fleshas exp 99999999
14/6/2020 19:09:36 /mod zaca+fleshas exp 99999999
14/6/2020 19:09:37 /mod zaca+fleshas exp 99999999
14/6/2020 19:09:38 /mod zaca+fleshas exp 99999999
14/6/2020 19:09:39 /mod zaca+fleshas exp 99999999
14/6/2020 19:09:40 /mod zaca+fleshas exp 99999999
14/6/2020 19:09:41 /mod zaca+fleshas exp 99999999
14/6/2020 19:09:42 /mod zaca+fleshas exp 99999999
14/6/2020 19:09:43 /mod zaca+fleshas exp 99999999
14/6/2020 19:09:44 /mod zaca+fleshas exp 99999999
14/6/2020 19:09:50 /mod zaca+fleshas exp 99999999
14/6/2020 19:09:52 /mod zaca+fleshas exp 99999999
14/6/2020 19:09:52 /mod zaca+fleshas exp 99999999
14/6/2020 19:09:54 /mod zaca+fleshas exp 99999999
14/6/2020 19:09:55 /mod zaca+fleshas exp 99999999
14/6/2020 19:09:57 /mod zaca+fleshas exp 99999999
14/6/2020 19:09:58 /mod zaca+fleshas exp 99999999
14/6/2020 19:09:59 /mod zaca+fleshas exp 99999999
14/6/2020 19:10:00 /mod zaca+fleshas exp 99999999
14/6/2020 19:10:01 /mod zaca+fleshas exp 99999999
14/6/2020 19:10:02 /mod zaca+fleshas exp 99999999
14/6/2020 19:10:03 /mod zaca+fleshas exp 99999999
14/6/2020 19:10:04 /mod zaca+fleshas exp 99999999
14/6/2020 19:10:06 /mod zaca+fleshas exp 99999999
14/6/2020 19:10:07 /mod zaca+fleshas exp 99999999
14/6/2020 19:10:11 /mod zaca+fleshas exp 99999999
14/6/2020 19:10:12 /mod zaca+fleshas exp 99999999
14/6/2020 19:10:13 /mod zaca+fleshas exp 99999999
14/6/2020 19:10:14 /mod zaca+fleshas exp 99999999
14/6/2020 19:10:16 /mod zaca+fleshas exp 99999999
14/6/2020 19:10:17 /mod zaca+fleshas exp 99999999
14/6/2020 19:10:18 /mod zaca+fleshas exp 99999999
14/6/2020 19:10:19 /mod zaca+fleshas exp 99999999
14/6/2020 19:10:20 /mod zaca+fleshas exp 99999999
14/6/2020 19:10:24 /mod zaca+fleshas exp 99999999
14/6/2020 19:10:25 /mod zaca+fleshas exp 99999999
14/6/2020 19:10:26 /mod zaca+fleshas exp 99999999
14/6/2020 19:10:28 /mod zaca+fleshas exp 99999999
14/6/2020 19:10:29 /mod zaca+fleshas exp 99999999
14/6/2020 19:10:30 /mod zaca+fleshas exp 99999999
14/6/2020 19:10:33 /mod zaca+fleshas exp 99999999
14/6/2020 19:10:36 /mod zaca+fleshas exp 99999999
14/6/2020 19:10:37 /mod zaca+fleshas exp 99999999
14/6/2020 19:10:38 /mod zaca+fleshas exp 99999999
14/6/2020 19:10:40 /mod zaca+fleshas exp 99999999
14/6/2020 19:10:44 /SUM Zaca Fleshas Map:34 X:35 Y:86
14/6/2020 19:10:47 /mod zaca+fleshas exp 99999999
14/6/2020 19:10:48 /mod zaca+fleshas exp 99999999
14/6/2020 19:10:49 /mod zaca+fleshas exp 99999999
14/6/2020 19:10:52 /mod zaca+fleshas exp 999999999
14/6/2020 19:10:54 /mod zaca+fleshas exp 99999999
14/6/2020 19:10:55 /mod zaca+fleshas exp 99999999
14/6/2020 19:10:56 /mod zaca+fleshas exp 99999999
14/6/2020 19:10:57 /mod zaca+fleshas exp 99999999
14/6/2020 19:10:58 /mod zaca+fleshas exp 99999999
14/6/2020 19:10:59 /mod zaca+fleshas exp 99999999
14/6/2020 19:11:00 /mod zaca+fleshas exp 99999999
14/6/2020 19:11:07 /mod zaca+fleshas exp 99999999
14/6/2020 19:11:17 /mod zaca+fleshas exp 99999999
14/6/2020 19:11:18 /mod zaca+fleshas exp 99999999
14/6/2020 19:11:35 Tiro cantidad:931 Objeto:Piedra de Lava
14/6/2020 19:24:01 /mod yo objetox 844
14/6/2020 19:24:13 /mod yo objetox 765
14/6/2020 19:24:21 /mod yo objetox 752
14/6/2020 19:24:30 /mod yo objetox 705
14/6/2020 19:24:37 /mod yo objetox 605
14/6/2020 19:24:44 /mod yo objetox 607
14/6/2020 19:24:48 /mod yo objetox 607
14/6/2020 19:24:52 /mod yo objetox 607
14/6/2020 19:24:55 /mod yo objetox 607
14/6/2020 19:24:58 /mod yo objetox 607
14/6/2020 19:32:11 Se conecto con ip:127.0.0.1 SE: -597086235
14/6/2020 19:32:13 /TELEPLOC a x:25 Y:88 Map:34
14/6/2020 19:32:14 /TELEPLOC a x:19 Y:89 Map:34
14/6/2020 19:32:14 /TELEPLOC a x:18 Y:89 Map:34
14/6/2020 19:32:18 /CC  Map:45 X:14 Y:74
14/6/2020 19:32:21 Sumoneo Piñata
14/6/2020 19:32:21 Sumoneo Piñata
14/6/2020 19:32:21 Sumoneo Piñata
14/6/2020 19:32:21 Sumoneo Piñata
14/6/2020 19:32:22 Sumoneo Piñata
14/6/2020 19:32:22 Sumoneo Piñata
14/6/2020 19:32:24 /TELEPLOC a x:10 Y:75 Map:45
14/6/2020 19:38:31 /TELEPLOC a x:11 Y:73 Map:45
14/6/2020 19:38:32 /TELEPLOC a x:11 Y:73 Map:45
14/6/2020 19:38:32 /TELEPLOC a x:11 Y:73 Map:45
14/6/2020 19:38:33 /TELEPLOC a x:9 Y:74 Map:45
14/6/2020 19:38:35 /TELEPLOC a x:15 Y:84 Map:34
14/6/2020 19:38:35 /TELEPLOC a x:20 Y:80 Map:34
14/6/2020 19:38:35 /TELEPLOC a x:24 Y:76 Map:34
14/6/2020 19:38:35 /TELEPLOC a x:27 Y:72 Map:34
14/6/2020 19:38:35 /TELEPLOC a x:30 Y:68 Map:34
14/6/2020 19:38:36 /TELEPLOC a x:33 Y:64 Map:34
14/6/2020 19:38:36 /TELEPLOC a x:37 Y:60 Map:34
14/6/2020 19:38:36 /TELEPLOC a x:40 Y:56 Map:34
14/6/2020 19:38:36 /TELEPLOC a x:43 Y:53 Map:34
14/6/2020 19:38:36 /TELEPLOC a x:45 Y:50 Map:34
14/6/2020 19:38:36 /TELEPLOC a x:46 Y:46 Map:34
14/6/2020 19:38:37 /TELEPLOC a x:47 Y:42 Map:34
14/6/2020 19:38:37 /TELEPLOC a x:49 Y:44 Map:34
14/6/2020 19:38:43 /TELEPLOC a x:48 Y:49 Map:34
14/6/2020 19:38:43 /TELEPLOC a x:45 Y:54 Map:34
14/6/2020 19:38:43 /TELEPLOC a x:42 Y:59 Map:34
14/6/2020 19:38:43 /TELEPLOC a x:38 Y:64 Map:34
14/6/2020 19:38:43 /TELEPLOC a x:34 Y:69 Map:34
14/6/2020 19:38:43 /TELEPLOC a x:31 Y:74 Map:34
14/6/2020 19:38:44 /TELEPLOC a x:27 Y:79 Map:34
14/6/2020 19:38:44 /TELEPLOC a x:24 Y:84 Map:34
14/6/2020 19:38:44 /TELEPLOC a x:22 Y:89 Map:34
14/6/2020 19:38:44 /TELEPLOC a x:19 Y:94 Map:34
14/6/2020 19:38:44 /TELEPLOC a x:19 Y:94 Map:34
14/6/2020 19:38:45 /TELEPLOC a x:19 Y:91 Map:34
14/6/2020 19:38:45 /TELEPLOC a x:17 Y:89 Map:34
14/6/2020 19:38:46 /TELEPLOC a x:14 Y:89 Map:34
14/6/2020 19:38:47 /TELEPLOC a x:16 Y:90 Map:34
14/6/2020 19:38:53 Tiro cantidad:978 Objeto:Poción Verde
14/6/2020 20:51:50 Se conecto con ip:127.0.0.1 SE: -597086235
14/6/2020 20:53:07 /SUM Droida Map:34 X:22 Y:86
14/6/2020 20:53:35 /mod droida exp 99999999
14/6/2020 20:53:44 /mod droida exp 99999999
14/6/2020 20:53:51 /mod droida exp 99999999
14/6/2020 20:53:52 /mod droida exp 99999999
14/6/2020 20:53:53 /mod droida exp 99999999
14/6/2020 20:53:54 /mod droida exp 99999999
14/6/2020 20:53:55 /mod droida exp 99999999
14/6/2020 20:53:56 /mod droida exp 99999999
14/6/2020 20:53:57 /mod droida exp 99999999
14/6/2020 20:53:58 /mod droida exp 99999999
14/6/2020 20:53:58 /mod droida exp 99999999
14/6/2020 20:53:59 /mod droida exp 99999999
14/6/2020 20:54:00 /mod droida exp 99999999
14/6/2020 20:54:05 /SUM Droida Map:34 X:21 Y:86
14/6/2020 20:54:07 /mod droida exp 99999999
14/6/2020 20:54:08 /mod droida exp 99999999
14/6/2020 20:54:10 /mod droida exp 99999999
14/6/2020 20:54:11 /mod droida exp 99999999
14/6/2020 20:54:12 /mod droida exp 99999999
14/6/2020 20:54:13 /mod droida exp 99999999
14/6/2020 20:54:14 /mod droida exp 99999999
14/6/2020 20:54:15 /mod droida exp 99999999
14/6/2020 20:54:18 /mod droida exp 99999999
14/6/2020 20:54:19 /mod droida exp 99999999
14/6/2020 20:54:20 /mod droida exp 99999999
14/6/2020 20:54:21 /mod droida exp 99999999
14/6/2020 20:54:22 /mod droida exp 99999999
14/6/2020 20:54:23 /mod droida exp 99999999
14/6/2020 20:54:24 /mod droida exp 99999999
14/6/2020 20:54:25 /mod droida exp 99999999
14/6/2020 20:54:26 /mod droida exp 99999999
14/6/2020 20:54:27 /mod droida exp 99999999
14/6/2020 20:54:28 /mod droida exp 99999999
14/6/2020 20:56:27 /mod droida exp 9999999999
14/6/2020 20:56:32 /mod droida exp 999999999
14/6/2020 20:56:36 /mod droida exp 9999999
14/6/2020 20:57:01 /mod droida exp 9999999
14/6/2020 20:57:55 /mod lolitoper exp 9999999
14/6/2020 21:04:15 /mod droida exp 99999999
14/6/2020 21:04:19 /mod droida exp 99999999
14/6/2020 21:04:22 /mod droida exp 99999999
14/6/2020 21:04:24 /mod droida exp 99999999
14/6/2020 21:04:29 /mod droida exp 99999999
14/6/2020 21:04:54 /mod droida exp 99999999
14/6/2020 21:04:55 /mod droida exp 99999999
14/6/2020 21:04:56 /mod droida exp 99999999
14/6/2020 21:04:57 /mod droida exp 99999999
14/6/2020 21:04:58 /mod droida exp 99999999
14/6/2020 21:04:59 /mod droida exp 99999999
14/6/2020 21:05:00 /mod droida exp 99999999
14/6/2020 21:05:04 /mod droida exp 99999999
14/6/2020 21:05:05 /mod droida exp 99999999
14/6/2020 21:05:26 /mod droida exp 99999999
14/6/2020 21:25:32 Se conecto con ip:127.0.0.1 SE: -597086235
14/6/2020 21:25:35 /SUM Dadingos Map:45 X:14 Y:74
14/6/2020 21:25:58 /mod dadingos exp 999999999
14/6/2020 21:26:03 /mod dadingos exp 99999999
14/6/2020 21:26:04 /mod dadingos exp 99999999
14/6/2020 21:26:05 /mod dadingos exp 99999999
14/6/2020 21:26:06 /mod dadingos exp 99999999
14/6/2020 21:26:06 /mod dadingos exp 99999999
14/6/2020 21:26:07 /mod dadingos exp 99999999
14/6/2020 21:26:08 /mod dadingos exp 99999999
14/6/2020 21:26:10 /mod dadingos exp 99999999
14/6/2020 21:26:11 /mod dadingos exp 99999999
14/6/2020 21:26:12 /mod dadingos exp 99999999
14/6/2020 21:26:13 /mod dadingos exp 99999999
14/6/2020 21:26:15 /mod dadingos exp 99999999
14/6/2020 21:26:16 /mod dadingos exp 99999999
14/6/2020 21:26:17 /mod dadingos exp 99999999
14/6/2020 21:26:17 /mod dadingos exp 99999999
14/6/2020 21:26:18 /mod dadingos exp 99999999
14/6/2020 21:26:19 /mod dadingos exp 99999999
14/6/2020 21:26:20 /mod dadingos exp 99999999
14/6/2020 21:26:21 /mod dadingos exp 99999999
14/6/2020 21:26:22 /mod dadingos exp 99999999
14/6/2020 21:26:23 /mod dadingos exp 99999999
14/6/2020 21:26:24 /mod dadingos exp 99999999
14/6/2020 21:26:25 /mod dadingos exp 99999999
14/6/2020 21:26:26 /mod dadingos exp 99999999
14/6/2020 21:26:27 /mod dadingos exp 99999999
14/6/2020 21:26:34 /mod dadingos exp 99999999
14/6/2020 21:26:36 /mod dadingos exp 99999999
14/6/2020 21:26:36 /mod dadingos exp 99999999
14/6/2020 21:26:37 /mod dadingos exp 99999999
14/6/2020 21:26:38 /mod dadingos exp 99999999
14/6/2020 21:26:39 /mod dadingos exp 99999999
14/6/2020 21:26:41 /mod dadingos exp 99999999
14/6/2020 21:26:42 /mod dadingos exp 99999999
14/6/2020 21:26:44 /mod dadingos exp 99999999
14/6/2020 21:26:45 /mod dadingos exp 99999999
14/6/2020 21:26:46 /mod dadingos exp 99999999
14/6/2020 21:26:49 /mod dadingos exp 99999999
14/6/2020 21:26:50 /mod dadingos exp 99999999
14/6/2020 21:26:51 /mod dadingos exp 99999999
14/6/2020 21:26:52 /mod dadingos exp 99999999
14/6/2020 21:26:56 /mod dadingos exp 99999999
14/6/2020 21:26:57 /mod dadingos exp 99999999
14/6/2020 21:26:58 /mod dadingos exp 99999999
14/6/2020 21:26:59 /mod dadingos exp 99999999
14/6/2020 21:27:00 /mod dadingos exp 99999999
14/6/2020 21:27:03 /TELEPLOC a x:12 Y:83 Map:34
14/6/2020 21:27:03 /TELEPLOC a x:12 Y:78 Map:34
14/6/2020 21:27:03 /TELEPLOC a x:10 Y:73 Map:34
14/6/2020 21:27:03 /TELEPLOC a x:10 Y:73 Map:34
14/6/2020 21:27:04 /TELEPLOC a x:11 Y:69 Map:34
14/6/2020 21:27:04 /TELEPLOC a x:14 Y:67 Map:34
14/6/2020 21:27:05 /TELEPLOC a x:15 Y:65 Map:34
14/6/2020 21:27:09 /TELEPLOC a x:20 Y:69 Map:34
14/6/2020 21:27:10 /TELEPLOC a x:25 Y:73 Map:34
14/6/2020 21:27:10 /TELEPLOC a x:30 Y:77 Map:34
14/6/2020 21:27:10 /TELEPLOC a x:35 Y:81 Map:34
14/6/2020 21:27:10 /TELEPLOC a x:40 Y:84 Map:34
14/6/2020 21:27:10 /TELEPLOC a x:45 Y:87 Map:34
14/6/2020 21:27:10 /TELEPLOC a x:48 Y:87 Map:34
14/6/2020 21:27:11 /TELEPLOC a x:51 Y:86 Map:34
14/6/2020 21:27:11 /TELEPLOC a x:55 Y:85 Map:34
14/6/2020 21:27:11 /TELEPLOC a x:59 Y:83 Map:34
14/6/2020 21:27:11 /TELEPLOC a x:63 Y:82 Map:34
14/6/2020 21:27:11 /TELEPLOC a x:67 Y:81 Map:34
14/6/2020 21:27:11 /TELEPLOC a x:72 Y:81 Map:34
14/6/2020 21:27:12 /TELEPLOC a x:68 Y:80 Map:34
14/6/2020 21:27:12 /TELEPLOC a x:62 Y:79 Map:34
14/6/2020 21:27:12 /TELEPLOC a x:56 Y:78 Map:34
14/6/2020 21:27:13 /TELEPLOC a x:51 Y:78 Map:34
14/6/2020 21:27:13 /TELEPLOC a x:53 Y:79 Map:34
14/6/2020 21:27:15 /TELEPLOC a x:54 Y:53 Map:59
14/6/2020 21:27:15 /TELEPLOC a x:59 Y:56 Map:59
14/6/2020 21:27:15 /TELEPLOC a x:65 Y:60 Map:59
14/6/2020 21:27:16 /TELEPLOC a x:71 Y:64 Map:59
14/6/2020 21:27:16 /TELEPLOC a x:74 Y:69 Map:59
14/6/2020 21:27:16 /TELEPLOC a x:76 Y:74 Map:59
14/6/2020 21:27:16 /TELEPLOC a x:78 Y:78 Map:59
14/6/2020 21:27:16 /TELEPLOC a x:80 Y:81 Map:59
14/6/2020 21:27:16 /TELEPLOC a x:83 Y:83 Map:59
14/6/2020 21:27:17 /TELEPLOC a x:86 Y:85 Map:59
14/6/2020 21:27:17 /TELEPLOC a x:86 Y:83 Map:59
14/6/2020 21:27:17 /TELEPLOC a x:85 Y:79 Map:59
14/6/2020 21:27:17 /TELEPLOC a x:83 Y:75 Map:59
14/6/2020 21:27:17 /TELEPLOC a x:83 Y:70 Map:59
14/6/2020 21:27:18 /TELEPLOC a x:85 Y:66 Map:59
14/6/2020 21:27:18 /TELEPLOC a x:88 Y:63 Map:59
14/6/2020 21:27:23 /TELEPLOC a x:84 Y:62 Map:59
14/6/2020 21:27:23 /TELEPLOC a x:78 Y:60 Map:59
14/6/2020 21:27:24 /TELEPLOC a x:72 Y:57 Map:59
14/6/2020 21:27:24 /TELEPLOC a x:70 Y:51 Map:59
14/6/2020 21:27:24 /TELEPLOC a x:69 Y:45 Map:59
14/6/2020 21:27:24 /TELEPLOC a x:67 Y:40 Map:59
14/6/2020 21:27:24 /TELEPLOC a x:64 Y:35 Map:59
14/6/2020 21:27:24 /TELEPLOC a x:61 Y:31 Map:59
14/6/2020 21:27:25 /TELEPLOC a x:59 Y:28 Map:59
14/6/2020 21:27:25 /TELEPLOC a x:59 Y:25 Map:59
14/6/2020 21:27:25 /TELEPLOC a x:60 Y:21 Map:59
14/6/2020 21:27:25 /TELEPLOC a x:59 Y:18 Map:59
14/6/2020 21:27:25 /TELEPLOC a x:55 Y:17 Map:59
14/6/2020 21:27:26 /TELEPLOC a x:51 Y:18 Map:59
14/6/2020 21:27:26 /TELEPLOC a x:48 Y:18 Map:59
14/6/2020 21:27:26 /TELEPLOC a x:46 Y:21 Map:59
14/6/2020 21:27:26 /TELEPLOC a x:47 Y:26 Map:59
14/6/2020 21:27:26 /TELEPLOC a x:49 Y:33 Map:59
14/6/2020 21:27:27 /TELEPLOC a x:47 Y:30 Map:59
14/6/2020 21:27:29 /TELEPLOC a x:46 Y:54 Map:34
14/6/2020 21:27:30 /TELEPLOC a x:42 Y:58 Map:34
14/6/2020 21:27:30 /TELEPLOC a x:39 Y:62 Map:34
14/6/2020 21:27:30 /TELEPLOC a x:39 Y:65 Map:34
14/6/2020 21:27:30 /TELEPLOC a x:38 Y:68 Map:34
14/6/2020 21:27:31 /TELEPLOC a x:37 Y:71 Map:34
14/6/2020 21:27:31 /TELEPLOC a x:35 Y:75 Map:34
14/6/2020 21:27:31 /TELEPLOC a x:32 Y:74 Map:34
14/6/2020 21:27:31 /TELEPLOC a x:32 Y:76 Map:34
14/6/2020 21:27:31 /TELEPLOC a x:32 Y:79 Map:34
14/6/2020 21:27:32 /TELEPLOC a x:32 Y:83 Map:34
14/6/2020 21:27:32 /TELEPLOC a x:31 Y:87 Map:34
14/6/2020 21:27:32 /TELEPLOC a x:29 Y:90 Map:34
14/6/2020 21:27:32 /TELEPLOC a x:24 Y:90 Map:34
14/6/2020 21:27:33 /TELEPLOC a x:18 Y:89 Map:34
14/6/2020 21:27:33 /TELEPLOC a x:13 Y:87 Map:34
14/6/2020 21:27:33 /TELEPLOC a x:15 Y:89 Map:34
14/6/2020 21:27:34 /TELEPLOC a x:17 Y:89 Map:34
14/6/2020 21:27:38 Tiro cantidad:1 Objeto:Resucitar
16/6/2020 17:42:49 Se conecto con ip:127.0.0.1 SE: -597086235
16/6/2020 17:42:51 /TELEPLOC a x:15 Y:74 Map:45
16/6/2020 17:42:51 /TELEPLOC a x:11 Y:74 Map:45
16/6/2020 17:42:51 /TELEPLOC a x:11 Y:74 Map:45
16/6/2020 17:42:51 /TELEPLOC a x:11 Y:74 Map:45
16/6/2020 17:42:53 /TELEPLOC a x:14 Y:84 Map:34
16/6/2020 17:42:53 /TELEPLOC a x:18 Y:81 Map:34
16/6/2020 17:42:53 /TELEPLOC a x:22 Y:78 Map:34
16/6/2020 17:42:54 /TELEPLOC a x:25 Y:75 Map:34
16/6/2020 17:42:54 /TELEPLOC a x:27 Y:72 Map:34
16/6/2020 17:42:54 /TELEPLOC a x:30 Y:69 Map:34
16/6/2020 17:42:55 /TELEPLOC a x:33 Y:66 Map:34
16/6/2020 17:42:55 /TELEPLOC a x:36 Y:63 Map:34
16/6/2020 17:42:56 /TELEPLOC a x:38 Y:62 Map:34
16/6/2020 17:42:57 /TELEPLOC a x:38 Y:60 Map:34
16/6/2020 17:42:57 /TELEPLOC a x:38 Y:58 Map:34
16/6/2020 17:42:58 /TELEPLOC a x:38 Y:57 Map:34
16/6/2020 17:42:58 /TELEPLOC a x:37 Y:56 Map:34
16/6/2020 17:42:58 /TELEPLOC a x:35 Y:57 Map:34
16/6/2020 17:42:59 /TELEPLOC a x:33 Y:58 Map:34
16/6/2020 17:42:59 /TELEPLOC a x:31 Y:60 Map:34
16/6/2020 17:42:59 /TELEPLOC a x:29 Y:63 Map:34
16/6/2020 17:42:59 /TELEPLOC a x:28 Y:66 Map:34
16/6/2020 17:43:00 /TELEPLOC a x:28 Y:64 Map:34
16/6/2020 17:43:02 /TELEPLOC a x:32 Y:64 Map:34
16/6/2020 17:43:02 /TELEPLOC a x:36 Y:64 Map:34
16/6/2020 17:43:03 /TELEPLOC a x:36 Y:62 Map:34
16/6/2020 17:43:03 /TELEPLOC a x:36 Y:60 Map:34
16/6/2020 17:43:04 /TELEPLOC a x:35 Y:59 Map:34
16/6/2020 17:43:05 /TELEPLOC a x:36 Y:62 Map:34
16/6/2020 17:43:05 /TELEPLOC a x:37 Y:65 Map:34
16/6/2020 17:43:06 /TELEPLOC a x:40 Y:67 Map:34
16/6/2020 17:43:07 /TELEPLOC a x:33 Y:68 Map:34
16/6/2020 17:43:08 /TELEPLOC a x:28 Y:68 Map:34
16/6/2020 17:43:08 /TELEPLOC a x:32 Y:70 Map:34
16/6/2020 17:43:09 /TELEPLOC a x:34 Y:70 Map:34
16/6/2020 17:43:09 /TELEPLOC a x:38 Y:70 Map:34
16/6/2020 17:43:09 /TELEPLOC a x:41 Y:70 Map:34
16/6/2020 17:43:09 /TELEPLOC a x:43 Y:70 Map:34
16/6/2020 17:43:10 /TELEPLOC a x:43 Y:68 Map:34
16/6/2020 17:43:10 /TELEPLOC a x:42 Y:67 Map:34
16/6/2020 17:43:10 /TELEPLOC a x:40 Y:66 Map:34
16/6/2020 17:43:10 /TELEPLOC a x:38 Y:65 Map:34
16/6/2020 17:43:11 /TELEPLOC a x:36 Y:64 Map:34
16/6/2020 17:43:11 /TELEPLOC a x:34 Y:63 Map:34
16/6/2020 17:43:12 /TELEPLOC a x:33 Y:62 Map:34
16/6/2020 17:43:13 /TELEPLOC a x:32 Y:61 Map:34
16/6/2020 17:43:14 /TELEPLOC a x:32 Y:60 Map:34
17/6/2020 06:23:29 Se conecto con ip:127.0.0.1 SE: -597086235
17/6/2020 06:23:38 /INVISIBLE
17/6/2020 06:23:56 /INVISIBLE
17/6/2020 06:24:02 /INVISIBLE
17/6/2020 06:25:09 /INVISIBLE
17/6/2020 06:30:24 /INVISIBLE
17/6/2020 06:42:17 /TELEPLOC a x:41 Y:67 Map:34
17/6/2020 06:42:18 /TELEPLOC a x:40 Y:63 Map:34
17/6/2020 06:42:18 /TELEPLOC a x:38 Y:59 Map:34
17/6/2020 06:42:19 /TELEPLOC a x:33 Y:56 Map:34
17/6/2020 06:42:19 /TELEPLOC a x:30 Y:60 Map:34
17/6/2020 07:03:22 Se conecto con ip:127.0.0.1 SE: -597086235
17/6/2020 07:15:04 /INVISIBLE
17/6/2020 07:15:28 /INVISIBLE
17/6/2020 07:15:31 /INVISIBLE
17/6/2020 07:16:40 /INVISIBLE
17/6/2020 07:19:56 /INVISIBLE
17/6/2020 07:20:05 /INVISIBLE
17/6/2020 07:20:47 /mod yo body 0
17/6/2020 07:20:54 /mod yo body 51
17/6/2020 07:21:11 /mod yo body 0
17/6/2020 07:21:31 /mod yo body 5000
17/6/2020 07:22:21 /INVISIBLE
17/6/2020 07:22:24 /INVISIBLE
17/6/2020 07:28:06 Se conecto con ip:127.0.0.1 SE: -597086235
17/6/2020 07:28:09 /INVISIBLE
17/6/2020 07:28:16 /INVISIBLE
17/6/2020 07:28:27 /INVISIBLE
17/6/2020 07:30:03 /TELEPLOC a x:35 Y:82 Map:34
17/6/2020 07:30:03 /TELEPLOC a x:35 Y:77 Map:34
17/6/2020 07:30:03 /TELEPLOC a x:35 Y:72 Map:34
17/6/2020 07:30:03 /TELEPLOC a x:35 Y:67 Map:34
17/6/2020 07:30:04 /TELEPLOC a x:35 Y:62 Map:34
17/6/2020 07:30:04 /TELEPLOC a x:35 Y:57 Map:34
17/6/2020 07:30:04 /TELEPLOC a x:36 Y:52 Map:34
17/6/2020 07:30:04 /TELEPLOC a x:37 Y:47 Map:34
17/6/2020 07:30:05 /TELEPLOC a x:38 Y:42 Map:34
17/6/2020 07:30:05 /TELEPLOC a x:39 Y:39 Map:34
17/6/2020 07:30:05 /TELEPLOC a x:41 Y:37 Map:34
17/6/2020 07:30:05 /TELEPLOC a x:44 Y:36 Map:34
17/6/2020 07:30:06 /TELEPLOC a x:47 Y:36 Map:34
17/6/2020 07:30:06 /TELEPLOC a x:45 Y:34 Map:34
17/6/2020 07:30:06 /TELEPLOC a x:42 Y:32 Map:34
17/6/2020 07:30:11 /TELEPLOC a x:43 Y:36 Map:34
17/6/2020 07:30:11 /TELEPLOC a x:43 Y:41 Map:34
17/6/2020 07:30:11 /TELEPLOC a x:42 Y:46 Map:34
17/6/2020 07:30:12 /TELEPLOC a x:41 Y:51 Map:34
17/6/2020 07:30:12 /TELEPLOC a x:40 Y:56 Map:34
17/6/2020 07:30:12 /TELEPLOC a x:37 Y:61 Map:34
17/6/2020 07:30:12 /TELEPLOC a x:34 Y:66 Map:34
17/6/2020 07:30:18 /TELEPLOC a x:34 Y:69 Map:34
17/6/2020 07:30:20 /TELEPLOC a x:35 Y:73 Map:34
17/6/2020 07:30:21 /TELEPLOC a x:36 Y:77 Map:34
17/6/2020 07:30:21 /TELEPLOC a x:37 Y:81 Map:34
17/6/2020 07:30:22 /TELEPLOC a x:34 Y:77 Map:34
17/6/2020 07:30:23 /TELEPLOC a x:31 Y:73 Map:34
17/6/2020 07:30:23 /TELEPLOC a x:28 Y:73 Map:34
17/6/2020 07:30:23 /TELEPLOC a x:27 Y:75 Map:34
17/6/2020 07:31:56 /INVISIBLE
17/6/2020 07:31:57 /TELEPLOC a x:31 Y:75 Map:34
17/6/2020 07:31:57 /TELEPLOC a x:32 Y:80 Map:34
17/6/2020 07:31:57 /TELEPLOC a x:34 Y:85 Map:34
17/6/2020 07:31:57 /TELEPLOC a x:36 Y:91 Map:34
17/6/2020 07:31:58 /TELEPLOC a x:36 Y:91 Map:34
17/6/2020 07:31:58 /TELEPLOC a x:34 Y:91 Map:34
17/6/2020 07:31:58 /TELEPLOC a x:32 Y:91 Map:34
17/6/2020 07:32:00 /INVISIBLE
17/6/2020 07:32:01 /TELEPLOC a x:32 Y:89 Map:34
17/6/2020 07:32:01 /TELEPLOC a x:30 Y:85 Map:34
17/6/2020 07:32:01 /TELEPLOC a x:28 Y:80 Map:34
17/6/2020 07:32:02 /TELEPLOC a x:28 Y:76 Map:34
17/6/2020 07:32:02 /TELEPLOC a x:28 Y:73 Map:34
17/6/2020 07:32:03 /TELEPLOC a x:29 Y:73 Map:34
17/6/2020 07:32:03 /TELEPLOC a x:31 Y:74 Map:34
17/6/2020 07:32:03 /TELEPLOC a x:33 Y:76 Map:34
17/6/2020 07:32:03 /TELEPLOC a x:35 Y:79 Map:34
17/6/2020 07:32:03 /TELEPLOC a x:36 Y:84 Map:34
17/6/2020 07:32:03 /TELEPLOC a x:37 Y:89 Map:34
17/6/2020 07:32:04 /TELEPLOC a x:36 Y:89 Map:34
17/6/2020 07:32:04 /TELEPLOC a x:35 Y:89 Map:34
17/6/2020 07:32:05 /TELEPLOC a x:35 Y:89 Map:34
17/6/2020 07:42:30 Se conecto con ip:127.0.0.1 SE: -597086235
17/6/2020 07:42:34 /INVISIBLE
17/6/2020 07:43:10 /INVISIBLE
17/6/2020 07:43:15 /INVISIBLE
17/6/2020 07:43:22 /INVISIBLE
17/6/2020 07:43:30 /INVISIBLE
17/6/2020 07:43:37 /INVISIBLE
17/6/2020 07:50:49 /INVISIBLE
17/6/2020 07:57:28 Se conecto con ip:127.0.0.1 SE: -597086235
17/6/2020 07:57:31 /INVISIBLE
17/6/2020 07:59:52 /INVISIBLE
17/6/2020 08:15:43 Se conecto con ip:127.0.0.1 SE: -597086235
17/6/2020 08:15:46 /INVISIBLE
17/6/2020 08:16:22 /INVISIBLE
17/6/2020 08:19:26 Se conecto con ip:127.0.0.1 SE: -597086235
17/6/2020 08:19:32 /INVISIBLE
17/6/2020 08:19:58 /INVISIBLE
17/6/2020 08:24:19 Se conecto con ip:127.0.0.1 SE: -597086235
17/6/2020 08:24:23 /INVISIBLE
17/6/2020 08:24:33 /INVISIBLE
17/6/2020 08:25:15 /INVISIBLE
17/6/2020 08:25:27 /INVISIBLE
17/6/2020 08:25:45 /TELEPLOC a x:39 Y:83 Map:34
17/6/2020 08:25:46 /TELEPLOC a x:44 Y:78 Map:34
17/6/2020 08:25:46 /TELEPLOC a x:49 Y:73 Map:34
17/6/2020 08:25:46 /TELEPLOC a x:54 Y:68 Map:34
17/6/2020 08:25:46 /TELEPLOC a x:58 Y:64 Map:34
17/6/2020 08:25:46 /TELEPLOC a x:62 Y:60 Map:34
17/6/2020 08:25:47 /TELEPLOC a x:66 Y:56 Map:34
17/6/2020 08:25:47 /TELEPLOC a x:70 Y:54 Map:34
17/6/2020 08:25:48 /TELEPLOC a x:74 Y:52 Map:34
17/6/2020 08:25:48 /TELEPLOC a x:78 Y:49 Map:34
17/6/2020 08:25:48 /TELEPLOC a x:82 Y:47 Map:34
17/6/2020 08:25:48 /TELEPLOC a x:78 Y:45 Map:34
17/6/2020 08:25:49 /TELEPLOC a x:71 Y:44 Map:34
17/6/2020 08:25:51 /TELEPLOC a x:67 Y:43 Map:34
17/6/2020 08:25:51 /TELEPLOC a x:63 Y:42 Map:34
17/6/2020 08:25:51 /TELEPLOC a x:63 Y:41 Map:34
17/6/2020 08:25:52 /TELEPLOC a x:62 Y:39 Map:34
17/6/2020 08:25:52 /TELEPLOC a x:61 Y:37 Map:34
17/6/2020 08:25:52 /TELEPLOC a x:62 Y:35 Map:34
17/6/2020 08:25:53 /TELEPLOC a x:63 Y:33 Map:34
17/6/2020 08:25:54 /TELEPLOC a x:57 Y:33 Map:34
17/6/2020 08:25:54 /TELEPLOC a x:53 Y:32 Map:34
17/6/2020 08:25:55 /TELEPLOC a x:45 Y:33 Map:34
17/6/2020 08:25:55 /TELEPLOC a x:44 Y:34 Map:34
17/6/2020 08:25:56 /TELEPLOC a x:46 Y:35 Map:34
17/6/2020 08:25:56 /TELEPLOC a x:48 Y:36 Map:34
17/6/2020 08:25:56 /TELEPLOC a x:45 Y:35 Map:34
17/6/2020 08:25:57 /TELEPLOC a x:49 Y:35 Map:34
17/6/2020 08:25:57 /TELEPLOC a x:53 Y:35 Map:34
17/6/2020 08:25:57 /TELEPLOC a x:57 Y:35 Map:34
17/6/2020 08:25:57 /TELEPLOC a x:61 Y:35 Map:34
17/6/2020 08:25:58 /TELEPLOC a x:64 Y:34 Map:34
17/6/2020 08:25:58 /TELEPLOC a x:67 Y:33 Map:34
17/6/2020 08:25:58 /TELEPLOC a x:73 Y:32 Map:34
17/6/2020 08:26:07 Tiro cantidad:1 Objeto:Daga +1 (2-4)
17/6/2020 08:26:24 /INVISIBLE
17/6/2020 08:26:32 /INVISIBLE
17/6/2020 08:26:51 /INVISIBLE
17/6/2020 08:27:00 /INVISIBLE
17/6/2020 08:27:12 /TELEPLOC a x:70 Y:41 Map:34
17/6/2020 08:27:13 /TELEPLOC a x:69 Y:44 Map:34
17/6/2020 08:27:13 /TELEPLOC a x:67 Y:47 Map:34
17/6/2020 08:27:13 /TELEPLOC a x:65 Y:51 Map:34
17/6/2020 08:27:13 /TELEPLOC a x:62 Y:55 Map:34
17/6/2020 08:27:13 /TELEPLOC a x:59 Y:59 Map:34
17/6/2020 08:27:13 /TELEPLOC a x:55 Y:63 Map:34
17/6/2020 08:27:14 /TELEPLOC a x:51 Y:67 Map:34
17/6/2020 08:27:14 /TELEPLOC a x:46 Y:71 Map:34
17/6/2020 08:27:14 /TELEPLOC a x:43 Y:75 Map:34
17/6/2020 08:27:14 /TELEPLOC a x:41 Y:79 Map:34
17/6/2020 08:27:15 /TELEPLOC a x:40 Y:83 Map:34
17/6/2020 08:27:15 /TELEPLOC a x:38 Y:85 Map:34
17/6/2020 08:27:16 /TELEPLOC a x:37 Y:86 Map:34
17/6/2020 08:27:34 /INVISIBLE
17/6/2020 08:27:40 /INVISIBLE
17/6/2020 08:30:08 Se conecto con ip:127.0.0.1 SE: -597086235
17/6/2020 08:30:14 /INVISIBLE
17/6/2020 08:30:26 /INVISIBLE
17/6/2020 08:54:06 Se conecto con ip:127.0.0.1 SE: -597086235
17/6/2020 08:54:10 /INVISIBLE
17/6/2020 08:54:17 /INVISIBLE
17/6/2020 08:54:20 /INVISIBLE
17/6/2020 08:54:24 /INVISIBLE
17/6/2020 09:01:14 Se conecto con ip:127.0.0.1 SE: -597086235
17/6/2020 09:01:20 /INVISIBLE
17/6/2020 09:01:29 /INVISIBLE
17/6/2020 09:02:58 Se conecto con ip:127.0.0.1 SE: -597086235
17/6/2020 09:03:01 /INVISIBLE
17/6/2020 09:03:15 /INVISIBLE
17/6/2020 09:03:31 /INVISIBLE
17/6/2020 09:03:34 /INVISIBLE
17/6/2020 09:08:11 Se conecto con ip:127.0.0.1 SE: -597086235
17/6/2020 09:11:08 Se conecto con ip:127.0.0.1 SE: -597086235
17/6/2020 09:11:10 /INVISIBLE
17/6/2020 09:11:28 /INVISIBLE
17/6/2020 09:11:41 /INVISIBLE
17/6/2020 09:12:00 /INVISIBLE
17/6/2020 09:12:48 Se conecto con ip:127.0.0.1 SE: -597086235
17/6/2020 09:12:51 /INVISIBLE
17/6/2020 09:12:56 /INVISIBLE
17/6/2020 09:13:09 /INVISIBLE
17/6/2020 09:13:34 /INVISIBLE
17/6/2020 09:13:37 /INVISIBLE
17/6/2020 09:13:56 /INVISIBLE
17/6/2020 09:30:41 /INVISIBLE
17/6/2020 09:32:05 /INVISIBLE
17/6/2020 09:32:08 /INVISIBLE
17/6/2020 09:32:11 /INVISIBLE
17/6/2020 09:34:33 /INVISIBLE
17/6/2020 09:34:38 /INVISIBLE
17/6/2020 09:39:48 /INVISIBLE
17/6/2020 09:39:59 /INVISIBLE
17/6/2020 09:40:19 /INVISIBLE
17/6/2020 09:40:22 /INVISIBLE
17/6/2020 09:47:50 /INVISIBLE
17/6/2020 09:50:54 /INVISIBLE
17/6/2020 09:50:57 /INVISIBLE
17/6/2020 09:51:04 /INVISIBLE
17/6/2020 10:16:24 Se conecto con ip:127.0.0.1 SE: -597086235
17/6/2020 10:16:27 /INVISIBLE
17/6/2020 10:16:31 /INVISIBLE
17/6/2020 10:21:21 Se conecto con ip:127.0.0.1 SE: -597086235
17/6/2020 10:21:24 /INVISIBLE
17/6/2020 10:21:32 /INVISIBLE
17/6/2020 15:48:06 Se conecto con ip:127.0.0.1 SE: 77391571
17/6/2020 19:47:58 Se conecto con ip:127.0.0.1 SE: 77391571
17/6/2020 21:34:04 Se conecto con ip:127.0.0.1 SE: -597086235
17/6/2020 21:34:05 /TELEPLOC a x:31 Y:87 Map:34
17/6/2020 21:34:06 /TELEPLOC a x:26 Y:87 Map:34
17/6/2020 21:34:06 /TELEPLOC a x:21 Y:87 Map:34
17/6/2020 21:34:06 /TELEPLOC a x:16 Y:87 Map:34
17/6/2020 21:34:06 /TELEPLOC a x:13 Y:87 Map:34
17/6/2020 21:34:07 /TELEPLOC a x:16 Y:89 Map:34
18/6/2020 18:04:31 Se conecto con ip:127.0.0.1 SE: -597086235
18/6/2020 18:04:32 /TELEPLOC a x:14 Y:75 Map:45
18/6/2020 18:04:32 /TELEPLOC a x:9 Y:77 Map:45
18/6/2020 18:04:33 /TELEPLOC a x:9 Y:77 Map:45
18/6/2020 18:04:36 /TELEPLOC a x:21 Y:87 Map:34
18/6/2020 18:04:37 /TELEPLOC a x:28 Y:90 Map:34
18/6/2020 18:04:38 /TELEPLOC a x:31 Y:88 Map:34
18/6/2020 18:04:40 /CC  Map:34 X:34 Y:86
18/6/2020 18:04:57 Sumoneo Devastador
18/6/2020 18:05:04 Sumoneo Medusa
18/6/2020 18:37:40 Se conecto con ip:127.0.0.1 SE: -597086235
18/6/2020 18:37:41 /TELEPLOC a x:34 Y:86 Map:34
18/6/2020 18:38:31 Se conecto con ip:127.0.0.1 SE: -597086235
18/6/2020 18:38:33 /TELEPLOC a x:32 Y:87 Map:34
18/6/2020 18:38:33 /TELEPLOC a x:32 Y:87 Map:34
18/6/2020 18:38:34 /TELEPLOC a x:32 Y:87 Map:34
18/6/2020 18:38:35 /TELEPLOC a x:31 Y:87 Map:34
18/6/2020 18:38:35 /TELEPLOC a x:31 Y:87 Map:34
18/6/2020 18:38:45 /TELEPLOC a x:33 Y:85 Map:34
18/6/2020 18:39:01 /TELEPLOC a x:30 Y:87 Map:34
18/6/2020 18:40:11 /TELEPLOC a x:32 Y:87 Map:34
18/6/2020 18:43:26 /TELEPLOC a x:31 Y:87 Map:34
18/6/2020 18:44:41 Se conecto con ip:127.0.0.1 SE: -597086235
